<?xml version="1.0" encoding="UTF-8"?>
<testsuites name="Prototyp_Filialsuche (RC 18)" time="808" tests="37" failures="2" errors="2">
   <testsuite name="Prototyp_Filialsuche (RC 18)" tests="37" failures="2" errors="2" time="808" timestamp="2018-03-07 13:48:32" hostname="lbut - Unitb-Dell22.Werk.UnitB.de" id="Test Suites/Prototyp_Filialsuche (RC 18)">
      <properties>
         <property name="deviceName" value=""/>
         <property name="devicePlatform" value=""/>
         <property name="logFolder" value="C:\\Users\\lbut\\Downloads\\Prototyp_28_02\\Prototyp1\\Reports\\Prototyp_Filialsuche (RC 18)\\20180307_134830"/>
         <property name="logFiles" value="C:\\Users\\lbut\\Downloads\\Prototyp_28_02\\Prototyp1\\Reports\\Prototyp_Filialsuche (RC 18)\\20180307_134830\\execution0.log"/>
         <property name="attachments" value="C:\\Users\\lbut\\Downloads\\Prototyp_28_02\\Prototyp1\\Reports\\Prototyp_Filialsuche (RC 18)\\20180307_134830\\1520427320590.png, C:\\Users\\lbut\\Downloads\\Prototyp_28_02\\Prototyp1\\Reports\\Prototyp_Filialsuche (RC 18)\\20180307_134830\\1520427720285.png, C:\\Users\\lbut\\Downloads\\Prototyp_28_02\\Prototyp1\\Reports\\Prototyp_Filialsuche (RC 18)\\20180307_134830\\1520427720420.png"/>
         <property name="hostName" value="lbut - Unitb-Dell22.Werk.UnitB.de"/>
         <property name="os" value="Windows 7 64bit"/>
         <property name="katalonVersion" value="5.3.0.1"/>
         <property name="browser" value="Firefox 58.0"/>
         <property name="hostAddress" value="192.168.134.63"/>
         <property name="sessionId" value="840d7078-82e3-4431-9054-d90e15402666"/>
         <property name="seleniumVersion" value="3.7.1"/>
         <property name="proxyInformation" value="ProxyInformation{proxyOption=NO_PROXY, proxyServerType=HTTP, password=, proxyServerAddress=, proxyServerPort=0}"/>
         <property name="platform" value="Windows 7"/>
      </properties>
      <testcase name="Test Cases/Prototyp_Filialsuche (RC 18)/01_Testfall" classname="Test Cases/Prototyp_Filialsuche (RC 18)/01_Testfall" status="PASSED">
         <system-out><![CDATA[2018-03-07 13:48:33 - [TEST_CASE][PASSED] - Test Cases/Prototyp_Filialsuche (RC 18)/01_Testfall: Test Cases/Prototyp_Filialsuche (RC 18)/01_Testfall

2018-03-07 13:48:33 - [TEST_STEP][PASSED] - openBrowser: Browser is opened with url: ''

2018-03-07 13:48:43 - [MESSAGE][PASSED] - Browser is opened with url: ''

2018-03-07 13:48:43 - [TEST_STEP][PASSED] - deleteAllCookies: Delete all cookies successfully

2018-03-07 13:48:43 - [MESSAGE][PASSED] - Delete all cookies successfully

2018-03-07 13:48:43 - [TEST_STEP][PASSED] - maximizeWindow: Current window maximized

2018-03-07 13:48:43 - [MESSAGE][PASSED] - Current window maximized

2018-03-07 13:48:43 - [TEST_STEP][PASSED] - navigateToUrl: Navigate to 'http://rc-ogrhtmlprototyp.testintern/18-1-0/filialsuche.html' successfully

2018-03-07 13:48:46 - [MESSAGE][PASSED] - Navigate to 'http://rc-ogrhtmlprototyp.testintern/18-1-0/filialsuche.html' successfully

2018-03-07 13:48:46 - [TEST_STEP][PASSED] - delay: Delayed 5 second(s)

2018-03-07 13:48:51 - [MESSAGE][PASSED] - Delayed 5 second(s)

2018-03-07 13:48:51 - [TEST_STEP][PASSED] - Statement - wes = com.kms.katalon.core.webui.common.WebUiCommonHelper.findWebElements(com.kms.katalon.core.testobject.ObjectRepository.findTestObject(filial_map), 5): Found 61 web elements with id: 'Object Repository/filial_map' located by 'By.xpath: //div[@class='aps-map__custom-marker']' in '5' second(s)

2018-03-07 13:48:51 - [TEST_STEP][PASSED] - Statement - For ([i = 0, i < wes.size(), (i++)]): null

2018-03-07 13:48:51 - [TEST_STEP][PASSED] - Statement - el = wes.get(i): null

2018-03-07 13:48:51 - [TEST_STEP][PASSED] - Statement - If (!(el.isDisplayed())): null

2018-03-07 13:48:51 - [TEST_STEP][PASSED] - Statement - el = wes.get(i): null

2018-03-07 13:48:51 - [TEST_STEP][PASSED] - Statement - If (!(el.isDisplayed())): null

2018-03-07 13:48:51 - [TEST_STEP][PASSED] - Statement - el = wes.get(i): null

2018-03-07 13:48:51 - [TEST_STEP][PASSED] - Statement - If (!(el.isDisplayed())): null

2018-03-07 13:48:51 - [TEST_STEP][PASSED] - Statement - el = wes.get(i): null

2018-03-07 13:48:51 - [TEST_STEP][PASSED] - Statement - If (!(el.isDisplayed())): null

2018-03-07 13:48:51 - [TEST_STEP][PASSED] - Statement - el = wes.get(i): null

2018-03-07 13:48:51 - [TEST_STEP][PASSED] - Statement - If (!(el.isDisplayed())): null

2018-03-07 13:48:51 - [TEST_STEP][PASSED] - Statement - el = wes.get(i): null

2018-03-07 13:48:51 - [TEST_STEP][PASSED] - Statement - If (!(el.isDisplayed())): null

2018-03-07 13:48:52 - [TEST_STEP][PASSED] - Statement - el = wes.get(i): null

2018-03-07 13:48:52 - [TEST_STEP][PASSED] - Statement - If (!(el.isDisplayed())): null

2018-03-07 13:48:52 - [TEST_STEP][PASSED] - Statement - el = wes.get(i): null

2018-03-07 13:48:52 - [TEST_STEP][PASSED] - Statement - If (!(el.isDisplayed())): null

2018-03-07 13:48:52 - [TEST_STEP][PASSED] - Statement - el = wes.get(i): null

2018-03-07 13:48:52 - [TEST_STEP][PASSED] - Statement - If (!(el.isDisplayed())): null

2018-03-07 13:48:52 - [TEST_STEP][PASSED] - Statement - el = wes.get(i): null

2018-03-07 13:48:52 - [TEST_STEP][PASSED] - Statement - If (!(el.isDisplayed())): null

2018-03-07 13:48:52 - [TEST_STEP][PASSED] - Statement - el = wes.get(i): null

2018-03-07 13:48:52 - [TEST_STEP][PASSED] - Statement - If (!(el.isDisplayed())): null

2018-03-07 13:48:52 - [TEST_STEP][PASSED] - Statement - el = wes.get(i): null

2018-03-07 13:48:52 - [TEST_STEP][PASSED] - Statement - If (!(el.isDisplayed())): null

2018-03-07 13:48:52 - [TEST_STEP][PASSED] - Statement - el = wes.get(i): null

2018-03-07 13:48:52 - [TEST_STEP][PASSED] - Statement - If (!(el.isDisplayed())): null

2018-03-07 13:48:52 - [TEST_STEP][PASSED] - Statement - el = wes.get(i): null

2018-03-07 13:48:52 - [TEST_STEP][PASSED] - Statement - If (!(el.isDisplayed())): null

2018-03-07 13:48:52 - [TEST_STEP][PASSED] - Statement - el = wes.get(i): null

2018-03-07 13:48:52 - [TEST_STEP][PASSED] - Statement - If (!(el.isDisplayed())): null

2018-03-07 13:48:52 - [TEST_STEP][PASSED] - Statement - el = wes.get(i): null

2018-03-07 13:48:52 - [TEST_STEP][PASSED] - Statement - If (!(el.isDisplayed())): null

2018-03-07 13:48:52 - [TEST_STEP][PASSED] - Statement - el = wes.get(i): null

2018-03-07 13:48:52 - [TEST_STEP][PASSED] - Statement - If (!(el.isDisplayed())): null

2018-03-07 13:48:52 - [TEST_STEP][PASSED] - Statement - el = wes.get(i): null

2018-03-07 13:48:52 - [TEST_STEP][PASSED] - Statement - If (!(el.isDisplayed())): null

2018-03-07 13:48:52 - [TEST_STEP][PASSED] - Statement - el = wes.get(i): null

2018-03-07 13:48:52 - [TEST_STEP][PASSED] - Statement - If (!(el.isDisplayed())): null

2018-03-07 13:48:52 - [TEST_STEP][PASSED] - Statement - el = wes.get(i): null

2018-03-07 13:48:52 - [TEST_STEP][PASSED] - Statement - If (!(el.isDisplayed())): null

2018-03-07 13:48:52 - [TEST_STEP][PASSED] - Statement - el = wes.get(i): null

2018-03-07 13:48:52 - [TEST_STEP][PASSED] - Statement - If (!(el.isDisplayed())): null

2018-03-07 13:48:52 - [TEST_STEP][PASSED] - Statement - el = wes.get(i): null

2018-03-07 13:48:52 - [TEST_STEP][PASSED] - Statement - If (!(el.isDisplayed())): null

2018-03-07 13:48:52 - [TEST_STEP][PASSED] - Statement - el = wes.get(i): null

2018-03-07 13:48:52 - [TEST_STEP][PASSED] - Statement - If (!(el.isDisplayed())): null

2018-03-07 13:48:52 - [TEST_STEP][PASSED] - Statement - el = wes.get(i): null

2018-03-07 13:48:52 - [TEST_STEP][PASSED] - Statement - If (!(el.isDisplayed())): null

2018-03-07 13:48:52 - [TEST_STEP][PASSED] - Statement - el = wes.get(i): null

2018-03-07 13:48:52 - [TEST_STEP][PASSED] - Statement - If (!(el.isDisplayed())): null

2018-03-07 13:48:52 - [TEST_STEP][PASSED] - Statement - el = wes.get(i): null

2018-03-07 13:48:52 - [TEST_STEP][PASSED] - Statement - If (!(el.isDisplayed())): null

2018-03-07 13:48:52 - [TEST_STEP][PASSED] - Statement - el = wes.get(i): null

2018-03-07 13:48:52 - [TEST_STEP][PASSED] - Statement - If (!(el.isDisplayed())): null

2018-03-07 13:48:52 - [TEST_STEP][PASSED] - Statement - el = wes.get(i): null

2018-03-07 13:48:52 - [TEST_STEP][PASSED] - Statement - If (!(el.isDisplayed())): null

2018-03-07 13:48:52 - [TEST_STEP][PASSED] - Statement - el = wes.get(i): null

2018-03-07 13:48:52 - [TEST_STEP][PASSED] - Statement - If (!(el.isDisplayed())): null

2018-03-07 13:48:52 - [TEST_STEP][PASSED] - Statement - el = wes.get(i): null

2018-03-07 13:48:52 - [TEST_STEP][PASSED] - Statement - If (!(el.isDisplayed())): null

2018-03-07 13:48:52 - [TEST_STEP][PASSED] - Statement - el = wes.get(i): null

2018-03-07 13:48:52 - [TEST_STEP][PASSED] - Statement - If (!(el.isDisplayed())): null

2018-03-07 13:48:52 - [TEST_STEP][PASSED] - Statement - el = wes.get(i): null

2018-03-07 13:48:52 - [TEST_STEP][PASSED] - Statement - If (!(el.isDisplayed())): null

2018-03-07 13:48:53 - [TEST_STEP][PASSED] - Statement - el = wes.get(i): null

2018-03-07 13:48:53 - [TEST_STEP][PASSED] - Statement - If (!(el.isDisplayed())): null

2018-03-07 13:48:53 - [TEST_STEP][PASSED] - Statement - el = wes.get(i): null

2018-03-07 13:48:53 - [TEST_STEP][PASSED] - Statement - If (!(el.isDisplayed())): null

2018-03-07 13:48:53 - [TEST_STEP][PASSED] - Statement - el = wes.get(i): null

2018-03-07 13:48:53 - [TEST_STEP][PASSED] - Statement - If (!(el.isDisplayed())): null

2018-03-07 13:48:53 - [TEST_STEP][PASSED] - Statement - el = wes.get(i): null

2018-03-07 13:48:53 - [TEST_STEP][PASSED] - Statement - If (!(el.isDisplayed())): null

2018-03-07 13:48:53 - [TEST_STEP][PASSED] - Statement - el = wes.get(i): null

2018-03-07 13:48:53 - [TEST_STEP][PASSED] - Statement - If (!(el.isDisplayed())): null

2018-03-07 13:48:53 - [TEST_STEP][PASSED] - Statement - el = wes.get(i): null

2018-03-07 13:48:53 - [TEST_STEP][PASSED] - Statement - If (!(el.isDisplayed())): null

2018-03-07 13:48:53 - [TEST_STEP][PASSED] - Statement - el = wes.get(i): null

2018-03-07 13:48:53 - [TEST_STEP][PASSED] - Statement - If (!(el.isDisplayed())): null

2018-03-07 13:48:53 - [TEST_STEP][PASSED] - Statement - el = wes.get(i): null

2018-03-07 13:48:53 - [TEST_STEP][PASSED] - Statement - If (!(el.isDisplayed())): null

2018-03-07 13:48:53 - [TEST_STEP][PASSED] - Statement - el = wes.get(i): null

2018-03-07 13:48:53 - [TEST_STEP][PASSED] - Statement - If (!(el.isDisplayed())): null

2018-03-07 13:48:53 - [TEST_STEP][PASSED] - Statement - el = wes.get(i): null

2018-03-07 13:48:53 - [TEST_STEP][PASSED] - Statement - If (!(el.isDisplayed())): null

2018-03-07 13:48:53 - [TEST_STEP][PASSED] - Statement - el = wes.get(i): null

2018-03-07 13:48:53 - [TEST_STEP][PASSED] - Statement - If (!(el.isDisplayed())): null

2018-03-07 13:48:53 - [TEST_STEP][PASSED] - Statement - el = wes.get(i): null

2018-03-07 13:48:53 - [TEST_STEP][PASSED] - Statement - If (!(el.isDisplayed())): null

2018-03-07 13:48:53 - [TEST_STEP][PASSED] - Statement - el = wes.get(i): null

2018-03-07 13:48:53 - [TEST_STEP][PASSED] - Statement - If (!(el.isDisplayed())): null

2018-03-07 13:48:53 - [TEST_STEP][PASSED] - Statement - el = wes.get(i): null

2018-03-07 13:48:54 - [TEST_STEP][PASSED] - Statement - If (!(el.isDisplayed())): null

2018-03-07 13:48:54 - [TEST_STEP][PASSED] - Statement - el = wes.get(i): null

2018-03-07 13:48:54 - [TEST_STEP][PASSED] - Statement - If (!(el.isDisplayed())): null

2018-03-07 13:48:54 - [TEST_STEP][PASSED] - Statement - el = wes.get(i): null

2018-03-07 13:48:54 - [TEST_STEP][PASSED] - Statement - If (!(el.isDisplayed())): null

2018-03-07 13:48:54 - [TEST_STEP][PASSED] - Statement - el = wes.get(i): null

2018-03-07 13:48:54 - [TEST_STEP][PASSED] - Statement - If (!(el.isDisplayed())): null

2018-03-07 13:48:54 - [TEST_STEP][PASSED] - Statement - el = wes.get(i): null

2018-03-07 13:48:54 - [TEST_STEP][PASSED] - Statement - If (!(el.isDisplayed())): null

2018-03-07 13:48:54 - [TEST_STEP][PASSED] - Statement - el = wes.get(i): null

2018-03-07 13:48:54 - [TEST_STEP][PASSED] - Statement - If (!(el.isDisplayed())): null

2018-03-07 13:48:54 - [TEST_STEP][PASSED] - Statement - el = wes.get(i): null

2018-03-07 13:48:54 - [TEST_STEP][PASSED] - Statement - If (!(el.isDisplayed())): null

2018-03-07 13:48:54 - [TEST_STEP][PASSED] - Statement - el = wes.get(i): null

2018-03-07 13:48:54 - [TEST_STEP][PASSED] - Statement - If (!(el.isDisplayed())): null

2018-03-07 13:48:54 - [TEST_STEP][PASSED] - Statement - el = wes.get(i): null

2018-03-07 13:48:54 - [TEST_STEP][PASSED] - Statement - If (!(el.isDisplayed())): null

2018-03-07 13:48:54 - [TEST_STEP][PASSED] - Statement - el = wes.get(i): null

2018-03-07 13:48:54 - [TEST_STEP][PASSED] - Statement - If (!(el.isDisplayed())): null

2018-03-07 13:48:54 - [TEST_STEP][PASSED] - Statement - el = wes.get(i): null

2018-03-07 13:48:54 - [TEST_STEP][PASSED] - Statement - If (!(el.isDisplayed())): null

2018-03-07 13:48:54 - [TEST_STEP][PASSED] - Statement - el = wes.get(i): null

2018-03-07 13:48:54 - [TEST_STEP][PASSED] - Statement - If (!(el.isDisplayed())): null

2018-03-07 13:48:54 - [TEST_STEP][PASSED] - Statement - el = wes.get(i): null

2018-03-07 13:48:54 - [TEST_STEP][PASSED] - Statement - If (!(el.isDisplayed())): null

2018-03-07 13:48:54 - [TEST_STEP][PASSED] - Statement - el = wes.get(i): null

2018-03-07 13:48:54 - [TEST_STEP][PASSED] - Statement - If (!(el.isDisplayed())): null

2018-03-07 13:48:54 - [TEST_STEP][PASSED] - Statement - el = wes.get(i): null

2018-03-07 13:48:54 - [TEST_STEP][PASSED] - Statement - If (!(el.isDisplayed())): null

2018-03-07 13:48:54 - [TEST_STEP][PASSED] - Statement - el = wes.get(i): null

2018-03-07 13:48:54 - [TEST_STEP][PASSED] - Statement - If (!(el.isDisplayed())): null

2018-03-07 13:48:54 - [TEST_STEP][PASSED] - closeBrowser: Browser is closed

2018-03-07 13:48:54 - [MESSAGE][PASSED] - Browser is closed]]></system-out>
         <system-err><![CDATA[]]></system-err>
      </testcase>
      <testcase name="Test Cases/Prototyp_Filialsuche (RC 18)/02_Testfall" classname="Test Cases/Prototyp_Filialsuche (RC 18)/02_Testfall" status="PASSED">
         <system-out><![CDATA[2018-03-07 13:48:54 - [TEST_CASE][PASSED] - Test Cases/Prototyp_Filialsuche (RC 18)/02_Testfall: Test Cases/Prototyp_Filialsuche (RC 18)/02_Testfall

2018-03-07 13:48:55 - [TEST_STEP][PASSED] - openBrowser: Browser is opened with url: ''

2018-03-07 13:48:58 - [MESSAGE][PASSED] - Browser is opened with url: ''

2018-03-07 13:48:58 - [TEST_STEP][PASSED] - deleteAllCookies: Delete all cookies successfully

2018-03-07 13:48:58 - [MESSAGE][PASSED] - Delete all cookies successfully

2018-03-07 13:48:58 - [TEST_STEP][PASSED] - maximizeWindow: Current window maximized

2018-03-07 13:48:58 - [MESSAGE][PASSED] - Current window maximized

2018-03-07 13:48:58 - [TEST_STEP][PASSED] - navigateToUrl: Navigate to 'http://rc-ogrhtmlprototyp.testintern/18-1-0/filialsuche-wangen.html' successfully

2018-03-07 13:49:00 - [MESSAGE][PASSED] - Navigate to 'http://rc-ogrhtmlprototyp.testintern/18-1-0/filialsuche-wangen.html' successfully

2018-03-07 13:49:00 - [TEST_STEP][PASSED] - delay: Delayed 5 second(s)

2018-03-07 13:49:05 - [MESSAGE][PASSED] - Delayed 5 second(s)

2018-03-07 13:49:05 - [TEST_STEP][PASSED] - Statement - wes = com.kms.katalon.core.webui.common.WebUiCommonHelper.findWebElements(com.kms.katalon.core.testobject.ObjectRepository.findTestObject(filial_map), 5): Found 4 web elements with id: 'Object Repository/filial_map' located by 'By.xpath: //div[@class='aps-map__custom-marker']' in '5' second(s)

2018-03-07 13:49:05 - [TEST_STEP][PASSED] - Statement - For ([i = 0, i < wes.size(), (i++)]): null

2018-03-07 13:49:05 - [TEST_STEP][PASSED] - Statement - el = wes.get(i): null

2018-03-07 13:49:05 - [TEST_STEP][PASSED] - Statement - If (!(el.isDisplayed())): null

2018-03-07 13:49:05 - [TEST_STEP][PASSED] - Statement - el = wes.get(i): null

2018-03-07 13:49:05 - [TEST_STEP][PASSED] - Statement - If (!(el.isDisplayed())): null

2018-03-07 13:49:05 - [TEST_STEP][PASSED] - Statement - el = wes.get(i): null

2018-03-07 13:49:05 - [TEST_STEP][PASSED] - Statement - If (!(el.isDisplayed())): null

2018-03-07 13:49:05 - [TEST_STEP][PASSED] - Statement - el = wes.get(i): null

2018-03-07 13:49:05 - [TEST_STEP][PASSED] - Statement - If (!(el.isDisplayed())): null

2018-03-07 13:49:05 - [TEST_STEP][PASSED] - closeBrowser: Browser is closed

2018-03-07 13:49:05 - [MESSAGE][PASSED] - Browser is closed]]></system-out>
         <system-err><![CDATA[]]></system-err>
      </testcase>
      <testcase name="Test Cases/Prototyp_Filialsuche (RC 18)/03_Testfall" classname="Test Cases/Prototyp_Filialsuche (RC 18)/03_Testfall" status="PASSED">
         <system-out><![CDATA[2018-03-07 13:49:06 - [TEST_CASE][PASSED] - Test Cases/Prototyp_Filialsuche (RC 18)/03_Testfall: Test Cases/Prototyp_Filialsuche (RC 18)/03_Testfall

2018-03-07 13:49:06 - [TEST_STEP][PASSED] - openBrowser: Browser is opened with url: ''

2018-03-07 13:49:08 - [MESSAGE][PASSED] - Browser is opened with url: ''

2018-03-07 13:49:08 - [TEST_STEP][PASSED] - deleteAllCookies: Delete all cookies successfully

2018-03-07 13:49:08 - [MESSAGE][PASSED] - Delete all cookies successfully

2018-03-07 13:49:08 - [TEST_STEP][PASSED] - maximizeWindow: Current window maximized

2018-03-07 13:49:08 - [MESSAGE][PASSED] - Current window maximized

2018-03-07 13:49:08 - [TEST_STEP][PASSED] - navigateToUrl: Navigate to 'http://rc-ogrhtmlprototyp.testintern/18-1-0/filialsuche-rotenburg.html' successfully

2018-03-07 13:49:11 - [MESSAGE][PASSED] - Navigate to 'http://rc-ogrhtmlprototyp.testintern/18-1-0/filialsuche-rotenburg.html' successfully

2018-03-07 13:49:11 - [TEST_STEP][PASSED] - delay: Delayed 5 second(s)

2018-03-07 13:49:16 - [MESSAGE][PASSED] - Delayed 5 second(s)

2018-03-07 13:49:16 - [TEST_STEP][PASSED] - Statement - wes = com.kms.katalon.core.webui.common.WebUiCommonHelper.findWebElements(com.kms.katalon.core.testobject.ObjectRepository.findTestObject(filial_map), 5): Found 19 web elements with id: 'Object Repository/filial_map' located by 'By.xpath: //div[@class='aps-map__custom-marker']' in '5' second(s)

2018-03-07 13:49:17 - [TEST_STEP][PASSED] - Statement - For ([i = 0, i < wes.size(), (i++)]): null

2018-03-07 13:49:17 - [TEST_STEP][PASSED] - Statement - el = wes.get(i): null

2018-03-07 13:49:17 - [TEST_STEP][PASSED] - Statement - If (!(el.isDisplayed())): null

2018-03-07 13:49:17 - [TEST_STEP][PASSED] - Statement - el = wes.get(i): null

2018-03-07 13:49:17 - [TEST_STEP][PASSED] - Statement - If (!(el.isDisplayed())): null

2018-03-07 13:49:17 - [TEST_STEP][PASSED] - Statement - el = wes.get(i): null

2018-03-07 13:49:17 - [TEST_STEP][PASSED] - Statement - If (!(el.isDisplayed())): null

2018-03-07 13:49:17 - [TEST_STEP][PASSED] - Statement - el = wes.get(i): null

2018-03-07 13:49:17 - [TEST_STEP][PASSED] - Statement - If (!(el.isDisplayed())): null

2018-03-07 13:49:17 - [TEST_STEP][PASSED] - Statement - el = wes.get(i): null

2018-03-07 13:49:17 - [TEST_STEP][PASSED] - Statement - If (!(el.isDisplayed())): null

2018-03-07 13:49:17 - [TEST_STEP][PASSED] - Statement - el = wes.get(i): null

2018-03-07 13:49:17 - [TEST_STEP][PASSED] - Statement - If (!(el.isDisplayed())): null

2018-03-07 13:49:17 - [TEST_STEP][PASSED] - Statement - el = wes.get(i): null

2018-03-07 13:49:17 - [TEST_STEP][PASSED] - Statement - If (!(el.isDisplayed())): null

2018-03-07 13:49:17 - [TEST_STEP][PASSED] - Statement - el = wes.get(i): null

2018-03-07 13:49:17 - [TEST_STEP][PASSED] - Statement - If (!(el.isDisplayed())): null

2018-03-07 13:49:17 - [TEST_STEP][PASSED] - Statement - el = wes.get(i): null

2018-03-07 13:49:17 - [TEST_STEP][PASSED] - Statement - If (!(el.isDisplayed())): null

2018-03-07 13:49:17 - [TEST_STEP][PASSED] - Statement - el = wes.get(i): null

2018-03-07 13:49:17 - [TEST_STEP][PASSED] - Statement - If (!(el.isDisplayed())): null

2018-03-07 13:49:17 - [TEST_STEP][PASSED] - Statement - el = wes.get(i): null

2018-03-07 13:49:17 - [TEST_STEP][PASSED] - Statement - If (!(el.isDisplayed())): null

2018-03-07 13:49:17 - [TEST_STEP][PASSED] - Statement - el = wes.get(i): null

2018-03-07 13:49:17 - [TEST_STEP][PASSED] - Statement - If (!(el.isDisplayed())): null

2018-03-07 13:49:17 - [TEST_STEP][PASSED] - Statement - el = wes.get(i): null

2018-03-07 13:49:17 - [TEST_STEP][PASSED] - Statement - If (!(el.isDisplayed())): null

2018-03-07 13:49:17 - [TEST_STEP][PASSED] - Statement - el = wes.get(i): null

2018-03-07 13:49:17 - [TEST_STEP][PASSED] - Statement - If (!(el.isDisplayed())): null

2018-03-07 13:49:17 - [TEST_STEP][PASSED] - Statement - el = wes.get(i): null

2018-03-07 13:49:17 - [TEST_STEP][PASSED] - Statement - If (!(el.isDisplayed())): null

2018-03-07 13:49:17 - [TEST_STEP][PASSED] - Statement - el = wes.get(i): null

2018-03-07 13:49:17 - [TEST_STEP][PASSED] - Statement - If (!(el.isDisplayed())): null

2018-03-07 13:49:17 - [TEST_STEP][PASSED] - Statement - el = wes.get(i): null

2018-03-07 13:49:17 - [TEST_STEP][PASSED] - Statement - If (!(el.isDisplayed())): null

2018-03-07 13:49:17 - [TEST_STEP][PASSED] - Statement - el = wes.get(i): null

2018-03-07 13:49:17 - [TEST_STEP][PASSED] - Statement - If (!(el.isDisplayed())): null

2018-03-07 13:49:17 - [TEST_STEP][PASSED] - Statement - el = wes.get(i): null

2018-03-07 13:49:17 - [TEST_STEP][PASSED] - Statement - If (!(el.isDisplayed())): null

2018-03-07 13:49:17 - [TEST_STEP][PASSED] - closeBrowser: Browser is closed

2018-03-07 13:49:17 - [MESSAGE][PASSED] - Browser is closed]]></system-out>
         <system-err><![CDATA[]]></system-err>
      </testcase>
      <testcase name="Test Cases/Prototyp_Filialsuche (RC 18)/04_Testfall" classname="Test Cases/Prototyp_Filialsuche (RC 18)/04_Testfall" status="PASSED">
         <system-out><![CDATA[2018-03-07 13:49:17 - [TEST_CASE][PASSED] - Test Cases/Prototyp_Filialsuche (RC 18)/04_Testfall: Test Cases/Prototyp_Filialsuche (RC 18)/04_Testfall

2018-03-07 13:49:17 - [TEST_STEP][PASSED] - openBrowser: Browser is opened with url: ''

2018-03-07 13:49:20 - [MESSAGE][PASSED] - Browser is opened with url: ''

2018-03-07 13:49:20 - [TEST_STEP][PASSED] - deleteAllCookies: Delete all cookies successfully

2018-03-07 13:49:20 - [MESSAGE][PASSED] - Delete all cookies successfully

2018-03-07 13:49:20 - [TEST_STEP][PASSED] - maximizeWindow: Current window maximized

2018-03-07 13:49:20 - [MESSAGE][PASSED] - Current window maximized

2018-03-07 13:49:20 - [TEST_STEP][PASSED] - navigateToUrl: Navigate to 'http://rc-ogrhtmlprototyp.testintern/18-1-0/filialsuche-nuernberg.html' successfully

2018-03-07 13:49:22 - [MESSAGE][PASSED] - Navigate to 'http://rc-ogrhtmlprototyp.testintern/18-1-0/filialsuche-nuernberg.html' successfully

2018-03-07 13:49:22 - [TEST_STEP][PASSED] - delay: Delayed 5 second(s)

2018-03-07 13:49:27 - [MESSAGE][PASSED] - Delayed 5 second(s)

2018-03-07 13:49:27 - [TEST_STEP][PASSED] - Statement - wes = com.kms.katalon.core.webui.common.WebUiCommonHelper.findWebElements(com.kms.katalon.core.testobject.ObjectRepository.findTestObject(filial_map), 5): Found 10 web elements with id: 'Object Repository/filial_map' located by 'By.xpath: //div[@class='aps-map__custom-marker']' in '5' second(s)

2018-03-07 13:49:27 - [TEST_STEP][PASSED] - Statement - For ([i = 0, i < wes.size(), (i++)]): null

2018-03-07 13:49:27 - [TEST_STEP][PASSED] - Statement - el = wes.get(i): null

2018-03-07 13:49:27 - [TEST_STEP][PASSED] - Statement - If (!(el.isDisplayed())): null

2018-03-07 13:49:27 - [TEST_STEP][PASSED] - Statement - el = wes.get(i): null

2018-03-07 13:49:27 - [TEST_STEP][PASSED] - Statement - If (!(el.isDisplayed())): null

2018-03-07 13:49:27 - [TEST_STEP][PASSED] - Statement - el = wes.get(i): null

2018-03-07 13:49:27 - [TEST_STEP][PASSED] - Statement - If (!(el.isDisplayed())): null

2018-03-07 13:49:27 - [TEST_STEP][PASSED] - Statement - el = wes.get(i): null

2018-03-07 13:49:27 - [TEST_STEP][PASSED] - Statement - If (!(el.isDisplayed())): null

2018-03-07 13:49:27 - [TEST_STEP][PASSED] - Statement - el = wes.get(i): null

2018-03-07 13:49:27 - [TEST_STEP][PASSED] - Statement - If (!(el.isDisplayed())): null

2018-03-07 13:49:27 - [TEST_STEP][PASSED] - Statement - el = wes.get(i): null

2018-03-07 13:49:27 - [TEST_STEP][PASSED] - Statement - If (!(el.isDisplayed())): null

2018-03-07 13:49:27 - [TEST_STEP][PASSED] - Statement - el = wes.get(i): null

2018-03-07 13:49:27 - [TEST_STEP][PASSED] - Statement - If (!(el.isDisplayed())): null

2018-03-07 13:49:27 - [TEST_STEP][PASSED] - Statement - el = wes.get(i): null

2018-03-07 13:49:27 - [TEST_STEP][PASSED] - Statement - If (!(el.isDisplayed())): null

2018-03-07 13:49:27 - [TEST_STEP][PASSED] - Statement - el = wes.get(i): null

2018-03-07 13:49:27 - [TEST_STEP][PASSED] - Statement - If (!(el.isDisplayed())): null

2018-03-07 13:49:27 - [TEST_STEP][PASSED] - Statement - el = wes.get(i): null

2018-03-07 13:49:27 - [TEST_STEP][PASSED] - Statement - If (!(el.isDisplayed())): null

2018-03-07 13:49:27 - [TEST_STEP][PASSED] - closeBrowser: Browser is closed

2018-03-07 13:49:27 - [MESSAGE][PASSED] - Browser is closed]]></system-out>
         <system-err><![CDATA[]]></system-err>
      </testcase>
      <testcase name="Test Cases/Prototyp_Filialsuche (RC 18)/05_Testfall" classname="Test Cases/Prototyp_Filialsuche (RC 18)/05_Testfall" status="PASSED">
         <system-out><![CDATA[2018-03-07 13:49:27 - [TEST_CASE][PASSED] - Test Cases/Prototyp_Filialsuche (RC 18)/05_Testfall: Test Cases/Prototyp_Filialsuche (RC 18)/05_Testfall

2018-03-07 13:49:27 - [TEST_STEP][PASSED] - openBrowser: Browser is opened with url: ''

2018-03-07 13:49:30 - [MESSAGE][PASSED] - Browser is opened with url: ''

2018-03-07 13:49:30 - [TEST_STEP][PASSED] - maximizeWindow: Current window maximized

2018-03-07 13:49:30 - [MESSAGE][PASSED] - Current window maximized

2018-03-07 13:49:30 - [TEST_STEP][PASSED] - deleteAllCookies: Delete all cookies successfully

2018-03-07 13:49:30 - [MESSAGE][PASSED] - Delete all cookies successfully

2018-03-07 13:49:30 - [TEST_STEP][PASSED] - navigateToUrl: Navigate to 'http://rc-ogrhtmlprototyp.testintern/18-1-0/filialsuche.html' successfully

2018-03-07 13:49:31 - [MESSAGE][PASSED] - Navigate to 'http://rc-ogrhtmlprototyp.testintern/18-1-0/filialsuche.html' successfully

2018-03-07 13:49:31 - [TEST_STEP][PASSED] - delay: Delayed 5 second(s)

2018-03-07 13:49:36 - [MESSAGE][PASSED] - Delayed 5 second(s)

2018-03-07 13:49:36 - [TEST_STEP][PASSED] - verifyElementNotPresent: Web element with id: 'Object Repository/Akkordeon_plus_filialsuche' located by 'By.xpath: //a[@class='acc-header acc-header--open']' is not present after '5' second(s)

2018-03-07 13:49:37 - [MESSAGE][PASSED] - Web element with id: 'Object Repository/Akkordeon_plus_filialsuche' located by 'By.xpath: //a[@class='acc-header acc-header--open']' is not present after '5' second(s)

2018-03-07 13:49:37 - [TEST_STEP][PASSED] - closeBrowser: Browser is closed

2018-03-07 13:49:37 - [MESSAGE][PASSED] - Browser is closed]]></system-out>
         <system-err><![CDATA[]]></system-err>
      </testcase>
      <testcase name="Test Cases/Prototyp_Filialsuche (RC 18)/06_Testfall" classname="Test Cases/Prototyp_Filialsuche (RC 18)/06_Testfall" status="PASSED">
         <system-out><![CDATA[2018-03-07 13:49:37 - [TEST_CASE][PASSED] - Test Cases/Prototyp_Filialsuche (RC 18)/06_Testfall: Test Cases/Prototyp_Filialsuche (RC 18)/06_Testfall

2018-03-07 13:49:37 - [TEST_STEP][PASSED] - openBrowser: Browser is opened with url: ''

2018-03-07 13:49:40 - [MESSAGE][PASSED] - Browser is opened with url: ''

2018-03-07 13:49:40 - [TEST_STEP][PASSED] - maximizeWindow: Current window maximized

2018-03-07 13:49:40 - [MESSAGE][PASSED] - Current window maximized

2018-03-07 13:49:40 - [TEST_STEP][PASSED] - deleteAllCookies: Delete all cookies successfully

2018-03-07 13:49:40 - [MESSAGE][PASSED] - Delete all cookies successfully

2018-03-07 13:49:40 - [TEST_STEP][PASSED] - navigateToUrl: Navigate to 'http://rc-ogrhtmlprototyp.testintern/18-1-0/filialsuche-wangen.html' successfully

2018-03-07 13:49:41 - [MESSAGE][PASSED] - Navigate to 'http://rc-ogrhtmlprototyp.testintern/18-1-0/filialsuche-wangen.html' successfully

2018-03-07 13:49:41 - [TEST_STEP][PASSED] - delay: Delayed 5 second(s)

2018-03-07 13:49:46 - [MESSAGE][PASSED] - Delayed 5 second(s)

2018-03-07 13:49:46 - [TEST_STEP][PASSED] - verifyElementNotPresent: Web element with id: 'Object Repository/Akkordeon_plus_filialsuche' located by 'By.xpath: //a[@class='acc-header acc-header--open']' is not present after '5' second(s)

2018-03-07 13:49:46 - [MESSAGE][PASSED] - Web element with id: 'Object Repository/Akkordeon_plus_filialsuche' located by 'By.xpath: //a[@class='acc-header acc-header--open']' is not present after '5' second(s)

2018-03-07 13:49:46 - [TEST_STEP][PASSED] - closeBrowser: Browser is closed

2018-03-07 13:49:47 - [MESSAGE][PASSED] - Browser is closed]]></system-out>
         <system-err><![CDATA[]]></system-err>
      </testcase>
      <testcase name="Test Cases/Prototyp_Filialsuche (RC 18)/07_Testfall" classname="Test Cases/Prototyp_Filialsuche (RC 18)/07_Testfall" status="PASSED">
         <system-out><![CDATA[2018-03-07 13:49:47 - [TEST_CASE][PASSED] - Test Cases/Prototyp_Filialsuche (RC 18)/07_Testfall: Test Cases/Prototyp_Filialsuche (RC 18)/07_Testfall

2018-03-07 13:49:47 - [TEST_STEP][PASSED] - openBrowser: Browser is opened with url: ''

2018-03-07 13:49:50 - [MESSAGE][PASSED] - Browser is opened with url: ''

2018-03-07 13:49:50 - [TEST_STEP][PASSED] - maximizeWindow: Current window maximized

2018-03-07 13:49:50 - [MESSAGE][PASSED] - Current window maximized

2018-03-07 13:49:50 - [TEST_STEP][PASSED] - deleteAllCookies: Delete all cookies successfully

2018-03-07 13:49:50 - [MESSAGE][PASSED] - Delete all cookies successfully

2018-03-07 13:49:50 - [TEST_STEP][PASSED] - navigateToUrl: Navigate to 'http://rc-ogrhtmlprototyp.testintern/18-1-0/filialsuche-rotenburg.html' successfully

2018-03-07 13:49:52 - [MESSAGE][PASSED] - Navigate to 'http://rc-ogrhtmlprototyp.testintern/18-1-0/filialsuche-rotenburg.html' successfully

2018-03-07 13:49:52 - [TEST_STEP][PASSED] - delay: Delayed 5 second(s)

2018-03-07 13:49:57 - [MESSAGE][PASSED] - Delayed 5 second(s)

2018-03-07 13:49:57 - [TEST_STEP][PASSED] - verifyElementNotPresent: Web element with id: 'Object Repository/Akkordeon_plus_filialsuche' located by 'By.xpath: //a[@class='acc-header acc-header--open']' is not present after '5' second(s)

2018-03-07 13:49:57 - [MESSAGE][PASSED] - Web element with id: 'Object Repository/Akkordeon_plus_filialsuche' located by 'By.xpath: //a[@class='acc-header acc-header--open']' is not present after '5' second(s)

2018-03-07 13:49:57 - [TEST_STEP][PASSED] - closeBrowser: Browser is closed

2018-03-07 13:49:57 - [MESSAGE][PASSED] - Browser is closed]]></system-out>
         <system-err><![CDATA[]]></system-err>
      </testcase>
      <testcase name="Test Cases/Prototyp_Filialsuche (RC 18)/08_Testfall" classname="Test Cases/Prototyp_Filialsuche (RC 18)/08_Testfall" status="PASSED">
         <system-out><![CDATA[2018-03-07 13:49:57 - [TEST_CASE][PASSED] - Test Cases/Prototyp_Filialsuche (RC 18)/08_Testfall: Test Cases/Prototyp_Filialsuche (RC 18)/08_Testfall

2018-03-07 13:49:57 - [TEST_STEP][PASSED] - openBrowser: Browser is opened with url: ''

2018-03-07 13:50:00 - [MESSAGE][PASSED] - Browser is opened with url: ''

2018-03-07 13:50:00 - [TEST_STEP][PASSED] - maximizeWindow: Current window maximized

2018-03-07 13:50:00 - [MESSAGE][PASSED] - Current window maximized

2018-03-07 13:50:00 - [TEST_STEP][PASSED] - deleteAllCookies: Delete all cookies successfully

2018-03-07 13:50:00 - [MESSAGE][PASSED] - Delete all cookies successfully

2018-03-07 13:50:00 - [TEST_STEP][PASSED] - navigateToUrl: Navigate to 'http://rc-ogrhtmlprototyp.testintern/18-1-0/filialsuche-nuernberg.html' successfully

2018-03-07 13:50:01 - [MESSAGE][PASSED] - Navigate to 'http://rc-ogrhtmlprototyp.testintern/18-1-0/filialsuche-nuernberg.html' successfully

2018-03-07 13:50:01 - [TEST_STEP][PASSED] - delay: Delayed 5 second(s)

2018-03-07 13:50:06 - [MESSAGE][PASSED] - Delayed 5 second(s)

2018-03-07 13:50:06 - [TEST_STEP][PASSED] - verifyElementNotPresent: Web element with id: 'Object Repository/Akkordeon_plus_filialsuche' located by 'By.xpath: //a[@class='acc-header acc-header--open']' is not present after '5' second(s)

2018-03-07 13:50:06 - [MESSAGE][PASSED] - Web element with id: 'Object Repository/Akkordeon_plus_filialsuche' located by 'By.xpath: //a[@class='acc-header acc-header--open']' is not present after '5' second(s)

2018-03-07 13:50:06 - [TEST_STEP][PASSED] - closeBrowser: Browser is closed

2018-03-07 13:50:07 - [MESSAGE][PASSED] - Browser is closed]]></system-out>
         <system-err><![CDATA[]]></system-err>
      </testcase>
      <testcase name="Test Cases/Prototyp_Filialsuche (RC 18)/09_Testfall" classname="Test Cases/Prototyp_Filialsuche (RC 18)/09_Testfall" status="PASSED">
         <system-out><![CDATA[2018-03-07 13:50:07 - [TEST_CASE][PASSED] - Test Cases/Prototyp_Filialsuche (RC 18)/09_Testfall: Test Cases/Prototyp_Filialsuche (RC 18)/09_Testfall

2018-03-07 13:50:07 - [TEST_STEP][PASSED] - openBrowser: Browser is opened with url: ''

2018-03-07 13:50:10 - [MESSAGE][PASSED] - Browser is opened with url: ''

2018-03-07 13:50:10 - [TEST_STEP][PASSED] - maximizeWindow: Current window maximized

2018-03-07 13:50:10 - [MESSAGE][PASSED] - Current window maximized

2018-03-07 13:50:10 - [TEST_STEP][PASSED] - deleteAllCookies: Delete all cookies successfully

2018-03-07 13:50:10 - [MESSAGE][PASSED] - Delete all cookies successfully

2018-03-07 13:50:10 - [TEST_STEP][PASSED] - navigateToUrl: Navigate to 'http://rc-ogrhtmlprototyp.testintern/18-1-0/filialsuche.html' successfully

2018-03-07 13:50:11 - [MESSAGE][PASSED] - Navigate to 'http://rc-ogrhtmlprototyp.testintern/18-1-0/filialsuche.html' successfully

2018-03-07 13:50:11 - [TEST_STEP][PASSED] - delay: Delayed 5 second(s)

2018-03-07 13:50:16 - [MESSAGE][PASSED] - Delayed 5 second(s)

2018-03-07 13:50:16 - [TEST_STEP][PASSED] - verifyElementNotPresent: Web element with id: 'Object Repository/Entfernung_filialsuche' located by 'By.xpath: //span[@class='loc-distance']' is not present after '5' second(s)

2018-03-07 13:50:16 - [MESSAGE][PASSED] - Web element with id: 'Object Repository/Entfernung_filialsuche' located by 'By.xpath: //span[@class='loc-distance']' is not present after '5' second(s)

2018-03-07 13:50:16 - [TEST_STEP][PASSED] - closeBrowser: Browser is closed

2018-03-07 13:50:17 - [MESSAGE][PASSED] - Browser is closed]]></system-out>
         <system-err><![CDATA[]]></system-err>
      </testcase>
      <testcase name="Test Cases/Prototyp_Filialsuche (RC 18)/10_Testfall" classname="Test Cases/Prototyp_Filialsuche (RC 18)/10_Testfall" status="PASSED">
         <system-out><![CDATA[2018-03-07 13:50:17 - [TEST_CASE][PASSED] - Test Cases/Prototyp_Filialsuche (RC 18)/10_Testfall: Test Cases/Prototyp_Filialsuche (RC 18)/10_Testfall

2018-03-07 13:50:17 - [TEST_STEP][PASSED] - openBrowser: Browser is opened with url: ''

2018-03-07 13:50:21 - [MESSAGE][PASSED] - Browser is opened with url: ''

2018-03-07 13:50:21 - [TEST_STEP][PASSED] - maximizeWindow: Current window maximized

2018-03-07 13:50:21 - [MESSAGE][PASSED] - Current window maximized

2018-03-07 13:50:21 - [TEST_STEP][PASSED] - deleteAllCookies: Delete all cookies successfully

2018-03-07 13:50:21 - [MESSAGE][PASSED] - Delete all cookies successfully

2018-03-07 13:50:21 - [TEST_STEP][PASSED] - navigateToUrl: Navigate to 'http://rc-ogrhtmlprototyp.testintern/18-1-0/filialsuche-wangen.html' successfully

2018-03-07 13:50:22 - [MESSAGE][PASSED] - Navigate to 'http://rc-ogrhtmlprototyp.testintern/18-1-0/filialsuche-wangen.html' successfully

2018-03-07 13:50:22 - [TEST_STEP][PASSED] - delay: Delayed 5 second(s)

2018-03-07 13:50:27 - [MESSAGE][PASSED] - Delayed 5 second(s)

2018-03-07 13:50:27 - [TEST_STEP][PASSED] - verifyElementNotPresent: Web element with id: 'Object Repository/Entfernung_filialsuche' located by 'By.xpath: //span[@class='loc-distance']' is not present after '5' second(s)

2018-03-07 13:50:27 - [MESSAGE][PASSED] - Web element with id: 'Object Repository/Entfernung_filialsuche' located by 'By.xpath: //span[@class='loc-distance']' is not present after '5' second(s)

2018-03-07 13:50:27 - [TEST_STEP][PASSED] - closeBrowser: Browser is closed

2018-03-07 13:50:27 - [MESSAGE][PASSED] - Browser is closed]]></system-out>
         <system-err><![CDATA[]]></system-err>
      </testcase>
      <testcase name="Test Cases/Prototyp_Filialsuche (RC 18)/11_Testfall" classname="Test Cases/Prototyp_Filialsuche (RC 18)/11_Testfall" status="PASSED">
         <system-out><![CDATA[2018-03-07 13:50:27 - [TEST_CASE][PASSED] - Test Cases/Prototyp_Filialsuche (RC 18)/11_Testfall: Test Cases/Prototyp_Filialsuche (RC 18)/11_Testfall

2018-03-07 13:50:27 - [TEST_STEP][PASSED] - openBrowser: Browser is opened with url: ''

2018-03-07 13:50:30 - [MESSAGE][PASSED] - Browser is opened with url: ''

2018-03-07 13:50:30 - [TEST_STEP][PASSED] - maximizeWindow: Current window maximized

2018-03-07 13:50:30 - [MESSAGE][PASSED] - Current window maximized

2018-03-07 13:50:30 - [TEST_STEP][PASSED] - deleteAllCookies: Delete all cookies successfully

2018-03-07 13:50:30 - [MESSAGE][PASSED] - Delete all cookies successfully

2018-03-07 13:50:30 - [TEST_STEP][PASSED] - navigateToUrl: Navigate to 'http://rc-ogrhtmlprototyp.testintern/18-1-0/filialsuche-rotenburg.html' successfully

2018-03-07 13:50:32 - [MESSAGE][PASSED] - Navigate to 'http://rc-ogrhtmlprototyp.testintern/18-1-0/filialsuche-rotenburg.html' successfully

2018-03-07 13:50:32 - [TEST_STEP][PASSED] - delay: Delayed 5 second(s)

2018-03-07 13:50:37 - [MESSAGE][PASSED] - Delayed 5 second(s)

2018-03-07 13:50:37 - [TEST_STEP][PASSED] - verifyElementNotPresent: Web element with id: 'Object Repository/Entfernung_filialsuche' located by 'By.xpath: //span[@class='loc-distance']' is not present after '5' second(s)

2018-03-07 13:50:37 - [MESSAGE][PASSED] - Web element with id: 'Object Repository/Entfernung_filialsuche' located by 'By.xpath: //span[@class='loc-distance']' is not present after '5' second(s)

2018-03-07 13:50:37 - [TEST_STEP][PASSED] - closeBrowser: Browser is closed

2018-03-07 13:50:37 - [MESSAGE][PASSED] - Browser is closed]]></system-out>
         <system-err><![CDATA[]]></system-err>
      </testcase>
      <testcase name="Test Cases/Prototyp_Filialsuche (RC 18)/12_Testfall" classname="Test Cases/Prototyp_Filialsuche (RC 18)/12_Testfall" status="PASSED">
         <system-out><![CDATA[2018-03-07 13:50:37 - [TEST_CASE][PASSED] - Test Cases/Prototyp_Filialsuche (RC 18)/12_Testfall: Test Cases/Prototyp_Filialsuche (RC 18)/12_Testfall

2018-03-07 13:50:37 - [TEST_STEP][PASSED] - openBrowser: Browser is opened with url: ''

2018-03-07 13:50:41 - [MESSAGE][PASSED] - Browser is opened with url: ''

2018-03-07 13:50:41 - [TEST_STEP][PASSED] - maximizeWindow: Current window maximized

2018-03-07 13:50:41 - [MESSAGE][PASSED] - Current window maximized

2018-03-07 13:50:41 - [TEST_STEP][PASSED] - deleteAllCookies: Delete all cookies successfully

2018-03-07 13:50:41 - [MESSAGE][PASSED] - Delete all cookies successfully

2018-03-07 13:50:41 - [TEST_STEP][PASSED] - navigateToUrl: Navigate to 'http://rc-ogrhtmlprototyp.testintern/18-1-0/filialsuche-nuernberg.html' successfully

2018-03-07 13:50:42 - [MESSAGE][PASSED] - Navigate to 'http://rc-ogrhtmlprototyp.testintern/18-1-0/filialsuche-nuernberg.html' successfully

2018-03-07 13:50:42 - [TEST_STEP][PASSED] - delay: Delayed 5 second(s)

2018-03-07 13:50:47 - [MESSAGE][PASSED] - Delayed 5 second(s)

2018-03-07 13:50:47 - [TEST_STEP][PASSED] - verifyElementNotPresent: Web element with id: 'Object Repository/Entfernung_filialsuche' located by 'By.xpath: //span[@class='loc-distance']' is not present after '5' second(s)

2018-03-07 13:50:47 - [MESSAGE][PASSED] - Web element with id: 'Object Repository/Entfernung_filialsuche' located by 'By.xpath: //span[@class='loc-distance']' is not present after '5' second(s)

2018-03-07 13:50:47 - [TEST_STEP][PASSED] - closeBrowser: Browser is closed

2018-03-07 13:50:47 - [MESSAGE][PASSED] - Browser is closed]]></system-out>
         <system-err><![CDATA[]]></system-err>
      </testcase>
      <testcase name="Test Cases/Prototyp_Filialsuche (RC 18)/13_Testfall" classname="Test Cases/Prototyp_Filialsuche (RC 18)/13_Testfall" status="PASSED">
         <system-out><![CDATA[2018-03-07 13:50:47 - [TEST_CASE][PASSED] - Test Cases/Prototyp_Filialsuche (RC 18)/13_Testfall: Test Cases/Prototyp_Filialsuche (RC 18)/13_Testfall

2018-03-07 13:50:47 - [TEST_STEP][PASSED] - openBrowser: Browser is opened with url: ''

2018-03-07 13:50:51 - [MESSAGE][PASSED] - Browser is opened with url: ''

2018-03-07 13:50:51 - [TEST_STEP][PASSED] - deleteAllCookies: Delete all cookies successfully

2018-03-07 13:50:51 - [MESSAGE][PASSED] - Delete all cookies successfully

2018-03-07 13:50:51 - [TEST_STEP][PASSED] - maximizeWindow: Current window maximized

2018-03-07 13:50:51 - [MESSAGE][PASSED] - Current window maximized

2018-03-07 13:50:51 - [TEST_STEP][PASSED] - navigateToUrl: Navigate to 'http://rc-ogrhtmlprototyp.testintern/18-1-0/filialsuche.html' successfully

2018-03-07 13:50:52 - [MESSAGE][PASSED] - Navigate to 'http://rc-ogrhtmlprototyp.testintern/18-1-0/filialsuche.html' successfully

2018-03-07 13:50:52 - [TEST_STEP][PASSED] - delay: Delayed 5 second(s)

2018-03-07 13:50:57 - [MESSAGE][PASSED] - Delayed 5 second(s)

2018-03-07 13:50:57 - [TEST_STEP][PASSED] - Statement - wes1 = com.kms.katalon.core.webui.common.WebUiCommonHelper.findWebElements(com.kms.katalon.core.testobject.ObjectRepository.findTestObject(filial_map), 5): Found 61 web elements with id: 'Object Repository/filial_map' located by 'By.xpath: //div[@class='aps-map__custom-marker']' in '5' second(s)

2018-03-07 13:50:57 - [TEST_STEP][PASSED] - Statement - wes2 = com.kms.katalon.core.webui.common.WebUiCommonHelper.findWebElements(com.kms.katalon.core.testobject.ObjectRepository.findTestObject(loc_steet_filialsuche), 5): Found 61 web elements with id: 'Object Repository/loc_steet_filialsuche' located by 'By.xpath: //div[@class='loc-street']' in '5' second(s)

2018-03-07 13:50:57 - [TEST_STEP][PASSED] - Statement - filial_maps_count = wes1.size(): null

2018-03-07 13:50:57 - [TEST_STEP][PASSED] - Statement - filial_accordeon_count = wes2.size(): null

2018-03-07 13:50:57 - [TEST_STEP][PASSED] - Statement - filial_count = 61: null

2018-03-07 13:50:57 - [TEST_STEP][PASSED] - Statement - If (filial_maps_count != filial_count): null

2018-03-07 13:50:57 - [TEST_STEP][PASSED] - closeBrowser: Browser is closed

2018-03-07 13:50:57 - [MESSAGE][PASSED] - Browser is closed]]></system-out>
         <system-err><![CDATA[]]></system-err>
      </testcase>
      <testcase name="Test Cases/Prototyp_Filialsuche (RC 18)/14_Testfall" classname="Test Cases/Prototyp_Filialsuche (RC 18)/14_Testfall" status="PASSED">
         <system-out><![CDATA[2018-03-07 13:50:57 - [TEST_CASE][PASSED] - Test Cases/Prototyp_Filialsuche (RC 18)/14_Testfall: Test Cases/Prototyp_Filialsuche (RC 18)/14_Testfall

2018-03-07 13:50:57 - [TEST_STEP][PASSED] - openBrowser: Browser is opened with url: ''

2018-03-07 13:51:00 - [MESSAGE][PASSED] - Browser is opened with url: ''

2018-03-07 13:51:00 - [TEST_STEP][PASSED] - deleteAllCookies: Delete all cookies successfully

2018-03-07 13:51:00 - [MESSAGE][PASSED] - Delete all cookies successfully

2018-03-07 13:51:00 - [TEST_STEP][PASSED] - maximizeWindow: Current window maximized

2018-03-07 13:51:00 - [MESSAGE][PASSED] - Current window maximized

2018-03-07 13:51:00 - [TEST_STEP][PASSED] - navigateToUrl: Navigate to 'http://rc-ogrhtmlprototyp.testintern/18-1-0/filialsuche.html' successfully

2018-03-07 13:51:01 - [MESSAGE][PASSED] - Navigate to 'http://rc-ogrhtmlprototyp.testintern/18-1-0/filialsuche.html' successfully

2018-03-07 13:51:01 - [TEST_STEP][PASSED] - delay: Delayed 5 second(s)

2018-03-07 13:51:06 - [MESSAGE][PASSED] - Delayed 5 second(s)

2018-03-07 13:51:06 - [TEST_STEP][PASSED] - click: Object: 'Object Repository/002/Page_Filialsuche-rotenburg - BVR HT/svg_dropdown-icons' is clicked on

2018-03-07 13:51:07 - [MESSAGE][PASSED] - Object: 'Object Repository/002/Page_Filialsuche-rotenburg - BVR HT/svg_dropdown-icons' is clicked on

2018-03-07 13:51:07 - [TEST_STEP][PASSED] - delay: Delayed 2 second(s)

2018-03-07 13:51:09 - [MESSAGE][PASSED] - Delayed 2 second(s)

2018-03-07 13:51:09 - [TEST_STEP][PASSED] - mouseOver: Object: 'Object Repository/Belitz_option' is hovered

2018-03-07 13:51:09 - [MESSAGE][PASSED] - Object: 'Object Repository/Belitz_option' is hovered

2018-03-07 13:51:09 - [TEST_STEP][PASSED] - delay: Delayed 2 second(s)

2018-03-07 13:51:11 - [MESSAGE][PASSED] - Delayed 2 second(s)

2018-03-07 13:51:11 - [TEST_STEP][PASSED] - click: Object: 'Object Repository/Belitz_option' is clicked on

2018-03-07 13:51:11 - [MESSAGE][PASSED] - Object: 'Object Repository/Belitz_option' is clicked on

2018-03-07 13:51:11 - [TEST_STEP][PASSED] - delay: Delayed 5 second(s)

2018-03-07 13:51:16 - [MESSAGE][PASSED] - Delayed 5 second(s)

2018-03-07 13:51:16 - [TEST_STEP][PASSED] - Statement - wes1 = com.kms.katalon.core.webui.common.WebUiCommonHelper.findWebElements(com.kms.katalon.core.testobject.ObjectRepository.findTestObject(filial_map), 5): Found 37 web elements with id: 'Object Repository/filial_map' located by 'By.xpath: //div[@class='aps-map__custom-marker']' in '5' second(s)

2018-03-07 13:51:16 - [TEST_STEP][PASSED] - Statement - wes2 = com.kms.katalon.core.webui.common.WebUiCommonHelper.findWebElements(com.kms.katalon.core.testobject.ObjectRepository.findTestObject(loc_steet_filialsuche), 5): Found 37 web elements with id: 'Object Repository/loc_steet_filialsuche' located by 'By.xpath: //div[@class='loc-street']' in '5' second(s)

2018-03-07 13:51:16 - [TEST_STEP][PASSED] - Statement - wes3 = com.kms.katalon.core.webui.common.WebUiCommonHelper.findWebElements(com.kms.katalon.core.testobject.ObjectRepository.findTestObject(filialsuche_loc_city), 5): Finding web element with id: 'Object Repository/filialsuche_loc_city' located by 'By.xpath: /div[@class='loc-city']' in '5' second(s)

2018-03-07 13:51:21 - [TEST_STEP][PASSED] - Statement - filial_maps_count = wes1.size(): null

2018-03-07 13:51:21 - [TEST_STEP][PASSED] - Statement - filial_accordeon_count = wes2.size(): null

2018-03-07 13:51:21 - [TEST_STEP][PASSED] - Statement - filial_count = 37: null

2018-03-07 13:51:21 - [TEST_STEP][PASSED] - Statement - city_name = "Berlin": null

2018-03-07 13:51:21 - [TEST_STEP][PASSED] - Statement - If (filial_maps_count != filial_count): null

2018-03-07 13:51:21 - [TEST_STEP][PASSED] - Statement - For ([i = 0, i < wes3.size(), (i++)]): null

2018-03-07 13:51:21 - [TEST_STEP][PASSED] - closeBrowser: Browser is closed

2018-03-07 13:51:21 - [MESSAGE][PASSED] - Browser is closed]]></system-out>
         <system-err><![CDATA[]]></system-err>
      </testcase>
      <testcase name="Test Cases/Prototyp_Filialsuche (RC 18)/15_Testfall" classname="Test Cases/Prototyp_Filialsuche (RC 18)/15_Testfall" status="ERROR">
         <error type="ERROR" message="Test Cases/Prototyp_Filialsuche (RC 18)/15_Testfall FAILED because (of) java.lang.NumberFormatException: empty String"/>
         <system-out><![CDATA[2018-03-07 13:51:21 - [TEST_CASE][ERROR] - Test Cases/Prototyp_Filialsuche (RC 18)/15_Testfall: Test Cases/Prototyp_Filialsuche (RC 18)/15_Testfall FAILED because (of) java.lang.NumberFormatException: empty String

2018-03-07 13:51:21 - [TEST_STEP][PASSED] - openBrowser: Browser is opened with url: ''

2018-03-07 13:51:24 - [MESSAGE][PASSED] - Browser is opened with url: ''

2018-03-07 13:51:24 - [TEST_STEP][PASSED] - maximizeWindow: Current window maximized

2018-03-07 13:51:24 - [MESSAGE][PASSED] - Current window maximized

2018-03-07 13:51:24 - [TEST_STEP][PASSED] - deleteAllCookies: Delete all cookies successfully

2018-03-07 13:51:24 - [MESSAGE][PASSED] - Delete all cookies successfully

2018-03-07 13:51:24 - [TEST_STEP][PASSED] - navigateToUrl: Navigate to 'http://rc-ogrhtmlprototyp.testintern/18-1-0/filialsuche-textinput.html' successfully

2018-03-07 13:51:25 - [MESSAGE][PASSED] - Navigate to 'http://rc-ogrhtmlprototyp.testintern/18-1-0/filialsuche-textinput.html' successfully

2018-03-07 13:51:25 - [TEST_STEP][PASSED] - delay: Delayed 5 second(s)

2018-03-07 13:51:30 - [MESSAGE][PASSED] - Delayed 5 second(s)

2018-03-07 13:51:30 - [TEST_STEP][PASSED] - setText: Text 'Berlin' is set on object 'Object Repository/Filialsuche_Inputtext'

2018-03-07 13:51:31 - [MESSAGE][PASSED] - Text 'Berlin' is set on object 'Object Repository/Filialsuche_Inputtext'

2018-03-07 13:51:31 - [TEST_STEP][PASSED] - delay: Delayed 2 second(s)

2018-03-07 13:51:33 - [MESSAGE][PASSED] - Delayed 2 second(s)

2018-03-07 13:51:33 - [TEST_STEP][PASSED] - submit: The form containing object: 'Object Repository/Filialsuche_submit_button' is submitted

2018-03-07 13:51:33 - [MESSAGE][PASSED] - The form containing object: 'Object Repository/Filialsuche_submit_button' is submitted

2018-03-07 13:51:33 - [TEST_STEP][PASSED] - delay: Delayed 2 second(s)

2018-03-07 13:51:35 - [MESSAGE][PASSED] - Delayed 2 second(s)

2018-03-07 13:51:35 - [TEST_STEP][PASSED] - Statement - wes = com.kms.katalon.core.webui.common.WebUiCommonHelper.findWebElements(com.kms.katalon.core.testobject.ObjectRepository.findTestObject(Filialsuche_loc_distance), 5): Found 25 web elements with id: 'Object Repository/Filialsuche_loc_distance' located by 'By.xpath: //span[@class='loc-distance']' in '5' second(s)

2018-03-07 13:51:35 - [TEST_STEP][PASSED] - Statement - For ([i = 1, i < wes.size(), (i++)]): null

2018-03-07 13:51:35 - [TEST_STEP][PASSED] - Statement - el1 = wes.get(i): null

2018-03-07 13:51:35 - [TEST_STEP][PASSED] - Statement - text1 = el1.getText(): null

2018-03-07 13:51:35 - [TEST_STEP][PASSED] - Statement - tmp1 = text1.split(" "): null

2018-03-07 13:51:35 - [TEST_STEP][PASSED] - Statement - num1 = tmp1[0].replaceAll(",", "."): null

2018-03-07 13:51:35 - [TEST_STEP][PASSED] - Statement - km1 = java.lang.Float.parseFloat(num1): null

2018-03-07 13:51:35 - [TEST_STEP][PASSED] - Statement - el2 = wes.get(i - 1): null

2018-03-07 13:51:35 - [TEST_STEP][PASSED] - Statement - text2 = el2.getText(): null

2018-03-07 13:51:35 - [TEST_STEP][PASSED] - Statement - tmp2 = text2.split(" "): null

2018-03-07 13:51:35 - [TEST_STEP][PASSED] - Statement - num2 = tmp2[0].replaceAll(",", "."): null

2018-03-07 13:51:35 - [TEST_STEP][PASSED] - Statement - km2 = java.lang.Float.parseFloat(num2): null

2018-03-07 13:51:35 - [TEST_STEP][PASSED] - Statement - If (km2 > km1): null

2018-03-07 13:51:35 - [TEST_STEP][PASSED] - Statement - el1 = wes.get(i): null

2018-03-07 13:51:35 - [TEST_STEP][PASSED] - Statement - text1 = el1.getText(): null

2018-03-07 13:51:35 - [TEST_STEP][PASSED] - Statement - tmp1 = text1.split(" "): null

2018-03-07 13:51:35 - [TEST_STEP][PASSED] - Statement - num1 = tmp1[0].replaceAll(",", "."): null

2018-03-07 13:51:35 - [TEST_STEP][PASSED] - Statement - km1 = java.lang.Float.parseFloat(num1): null

2018-03-07 13:51:35 - [TEST_STEP][PASSED] - Statement - el2 = wes.get(i - 1): null

2018-03-07 13:51:35 - [TEST_STEP][PASSED] - Statement - text2 = el2.getText(): null

2018-03-07 13:51:35 - [TEST_STEP][PASSED] - Statement - tmp2 = text2.split(" "): null

2018-03-07 13:51:35 - [TEST_STEP][PASSED] - Statement - num2 = tmp2[0].replaceAll(",", "."): null

2018-03-07 13:51:35 - [TEST_STEP][PASSED] - Statement - km2 = java.lang.Float.parseFloat(num2): null

2018-03-07 13:51:35 - [TEST_STEP][PASSED] - Statement - If (km2 > km1): null

2018-03-07 13:51:35 - [TEST_STEP][PASSED] - Statement - el1 = wes.get(i): null

2018-03-07 13:51:35 - [TEST_STEP][PASSED] - Statement - text1 = el1.getText(): null

2018-03-07 13:51:35 - [TEST_STEP][PASSED] - Statement - tmp1 = text1.split(" "): null

2018-03-07 13:51:35 - [TEST_STEP][PASSED] - Statement - num1 = tmp1[0].replaceAll(",", "."): null

2018-03-07 13:51:35 - [TEST_STEP][PASSED] - Statement - km1 = java.lang.Float.parseFloat(num1): null

2018-03-07 13:51:35 - [TEST_STEP][PASSED] - Statement - el2 = wes.get(i - 1): null

2018-03-07 13:51:35 - [TEST_STEP][PASSED] - Statement - text2 = el2.getText(): null

2018-03-07 13:51:35 - [TEST_STEP][PASSED] - Statement - tmp2 = text2.split(" "): null

2018-03-07 13:51:35 - [TEST_STEP][PASSED] - Statement - num2 = tmp2[0].replaceAll(",", "."): null

2018-03-07 13:51:35 - [TEST_STEP][PASSED] - Statement - km2 = java.lang.Float.parseFloat(num2): null

2018-03-07 13:51:35 - [TEST_STEP][PASSED] - Statement - If (km2 > km1): null

2018-03-07 13:51:35 - [TEST_STEP][PASSED] - Statement - el1 = wes.get(i): null

2018-03-07 13:51:35 - [TEST_STEP][PASSED] - Statement - text1 = el1.getText(): null

2018-03-07 13:51:35 - [TEST_STEP][PASSED] - Statement - tmp1 = text1.split(" "): null

2018-03-07 13:51:35 - [TEST_STEP][PASSED] - Statement - num1 = tmp1[0].replaceAll(",", "."): null

2018-03-07 13:51:35 - [TEST_STEP][PASSED] - Statement - km1 = java.lang.Float.parseFloat(num1): null

2018-03-07 13:51:35 - [TEST_STEP][PASSED] - Statement - el2 = wes.get(i - 1): null

2018-03-07 13:51:35 - [TEST_STEP][PASSED] - Statement - text2 = el2.getText(): null

2018-03-07 13:51:35 - [TEST_STEP][PASSED] - Statement - tmp2 = text2.split(" "): null

2018-03-07 13:51:35 - [TEST_STEP][PASSED] - Statement - num2 = tmp2[0].replaceAll(",", "."): null

2018-03-07 13:51:35 - [TEST_STEP][PASSED] - Statement - km2 = java.lang.Float.parseFloat(num2): null

2018-03-07 13:51:35 - [TEST_STEP][PASSED] - Statement - If (km2 > km1): null

2018-03-07 13:51:35 - [TEST_STEP][PASSED] - Statement - el1 = wes.get(i): null

2018-03-07 13:51:35 - [TEST_STEP][PASSED] - Statement - text1 = el1.getText(): null

2018-03-07 13:51:35 - [TEST_STEP][PASSED] - Statement - tmp1 = text1.split(" "): null

2018-03-07 13:51:35 - [TEST_STEP][PASSED] - Statement - num1 = tmp1[0].replaceAll(",", "."): null

2018-03-07 13:51:35 - [TEST_STEP][PASSED] - Statement - km1 = java.lang.Float.parseFloat(num1): null

2018-03-07 13:51:35 - [TEST_STEP][PASSED] - Statement - el2 = wes.get(i - 1): null

2018-03-07 13:51:35 - [TEST_STEP][PASSED] - Statement - text2 = el2.getText(): null

2018-03-07 13:51:35 - [TEST_STEP][PASSED] - Statement - tmp2 = text2.split(" "): null

2018-03-07 13:51:35 - [TEST_STEP][PASSED] - Statement - num2 = tmp2[0].replaceAll(",", "."): null

2018-03-07 13:51:35 - [TEST_STEP][PASSED] - Statement - km2 = java.lang.Float.parseFloat(num2): null

2018-03-07 13:51:35 - [TEST_STEP][PASSED] - Statement - If (km2 > km1): null

2018-03-07 13:51:35 - [TEST_STEP][PASSED] - Statement - el1 = wes.get(i): null

2018-03-07 13:51:35 - [TEST_STEP][PASSED] - Statement - text1 = el1.getText(): null

2018-03-07 13:51:35 - [TEST_STEP][PASSED] - Statement - tmp1 = text1.split(" "): null

2018-03-07 13:51:35 - [TEST_STEP][PASSED] - Statement - num1 = tmp1[0].replaceAll(",", "."): null

2018-03-07 13:51:35 - [TEST_STEP][PASSED] - Statement - km1 = java.lang.Float.parseFloat(num1): null]]></system-out>
         <system-err><![CDATA[2018-03-07 13:51:21 - [TEST_CASE][ERROR] - Test Cases/Prototyp_Filialsuche (RC 18)/15_Testfall: Test Cases/Prototyp_Filialsuche (RC 18)/15_Testfall FAILED because (of) java.lang.NumberFormatException: empty String]]></system-err>
      </testcase>
      <testcase name="Test Cases/Prototyp_Filialsuche (RC 18)/16_Testfall" classname="Test Cases/Prototyp_Filialsuche (RC 18)/16_Testfall" status="PASSED">
         <system-out><![CDATA[2018-03-07 13:51:35 - [TEST_CASE][PASSED] - Test Cases/Prototyp_Filialsuche (RC 18)/16_Testfall: Test Cases/Prototyp_Filialsuche (RC 18)/16_Testfall

2018-03-07 13:51:35 - [TEST_STEP][PASSED] - openBrowser: Browser is opened with url: ''

2018-03-07 13:51:35 - [MESSAGE][WARNING] - A browser is already opened. Closing browser and opening a new one

2018-03-07 13:51:38 - [MESSAGE][PASSED] - Browser is opened with url: ''

2018-03-07 13:51:38 - [TEST_STEP][PASSED] - maximizeWindow: Current window maximized

2018-03-07 13:51:38 - [MESSAGE][PASSED] - Current window maximized

2018-03-07 13:51:38 - [TEST_STEP][PASSED] - deleteAllCookies: Delete all cookies successfully

2018-03-07 13:51:38 - [MESSAGE][PASSED] - Delete all cookies successfully

2018-03-07 13:51:38 - [TEST_STEP][PASSED] - navigateToUrl: Navigate to 'http://rc-ogrhtmlprototyp.testintern/18-1-0/filialsuche-textinput.html' successfully

2018-03-07 13:51:40 - [MESSAGE][PASSED] - Navigate to 'http://rc-ogrhtmlprototyp.testintern/18-1-0/filialsuche-textinput.html' successfully

2018-03-07 13:51:40 - [TEST_STEP][PASSED] - delay: Delayed 5 second(s)

2018-03-07 13:51:45 - [MESSAGE][PASSED] - Delayed 5 second(s)

2018-03-07 13:51:45 - [TEST_STEP][PASSED] - setText: Text 'Berlin' is set on object 'Object Repository/Filialsuche_Inputtext'

2018-03-07 13:51:45 - [MESSAGE][PASSED] - Text 'Berlin' is set on object 'Object Repository/Filialsuche_Inputtext'

2018-03-07 13:51:45 - [TEST_STEP][PASSED] - delay: Delayed 2 second(s)

2018-03-07 13:51:47 - [MESSAGE][PASSED] - Delayed 2 second(s)

2018-03-07 13:51:47 - [TEST_STEP][PASSED] - submit: The form containing object: 'Object Repository/Filialsuche_submit_button' is submitted

2018-03-07 13:51:47 - [MESSAGE][PASSED] - The form containing object: 'Object Repository/Filialsuche_submit_button' is submitted

2018-03-07 13:51:47 - [TEST_STEP][PASSED] - delay: Delayed 2 second(s)

2018-03-07 13:51:49 - [MESSAGE][PASSED] - Delayed 2 second(s)

2018-03-07 13:51:49 - [TEST_STEP][PASSED] - verifyElementVisible: Object 'Object Repository/Entfernung_filialsuche' is visible

2018-03-07 13:51:49 - [MESSAGE][PASSED] - Object 'Object Repository/Entfernung_filialsuche' is visible

2018-03-07 13:51:49 - [TEST_STEP][PASSED] - closeBrowser: Browser is closed

2018-03-07 13:51:49 - [MESSAGE][PASSED] - Browser is closed]]></system-out>
         <system-err><![CDATA[]]></system-err>
      </testcase>
      <testcase name="Test Cases/Prototyp_Filialsuche (RC 18)/17_Testfall" classname="Test Cases/Prototyp_Filialsuche (RC 18)/17_Testfall" status="PASSED">
         <system-out><![CDATA[2018-03-07 13:51:49 - [TEST_CASE][PASSED] - Test Cases/Prototyp_Filialsuche (RC 18)/17_Testfall: Test Cases/Prototyp_Filialsuche (RC 18)/17_Testfall

2018-03-07 13:51:49 - [TEST_STEP][PASSED] - openBrowser: Browser is opened with url: ''

2018-03-07 13:51:52 - [MESSAGE][PASSED] - Browser is opened with url: ''

2018-03-07 13:51:52 - [TEST_STEP][PASSED] - deleteAllCookies: Delete all cookies successfully

2018-03-07 13:51:52 - [MESSAGE][PASSED] - Delete all cookies successfully

2018-03-07 13:51:52 - [TEST_STEP][PASSED] - maximizeWindow: Current window maximized

2018-03-07 13:51:52 - [MESSAGE][PASSED] - Current window maximized

2018-03-07 13:51:52 - [TEST_STEP][PASSED] - navigateToUrl: Navigate to 'http://rc-ogrhtmlprototyp.testintern/18-1-0/filialsuche.html' successfully

2018-03-07 13:51:53 - [MESSAGE][PASSED] - Navigate to 'http://rc-ogrhtmlprototyp.testintern/18-1-0/filialsuche.html' successfully

2018-03-07 13:51:53 - [TEST_STEP][PASSED] - delay: Delayed 2 second(s)

2018-03-07 13:51:55 - [MESSAGE][PASSED] - Delayed 2 second(s)

2018-03-07 13:51:55 - [TEST_STEP][PASSED] - waitForPageLoad: Wait for page load successfully

2018-03-07 13:51:55 - [MESSAGE][WARNING] - Timeout '0' is invalid. Using default page load timeout: '30'

2018-03-07 13:51:55 - [MESSAGE][PASSED] - Wait for page load successfully

2018-03-07 13:51:55 - [TEST_STEP][PASSED] - delay: Delayed 2 second(s)

2018-03-07 13:51:57 - [MESSAGE][PASSED] - Delayed 2 second(s)

2018-03-07 13:51:57 - [TEST_STEP][PASSED] - click: Object: 'Object Repository/03/Page_Filialsuche-rotenburg - BVR HT/svg_dropdown-icons' is clicked on

2018-03-07 13:51:58 - [MESSAGE][PASSED] - Object: 'Object Repository/03/Page_Filialsuche-rotenburg - BVR HT/svg_dropdown-icons' is clicked on

2018-03-07 13:51:58 - [TEST_STEP][PASSED] - delay: Delayed 2 second(s)

2018-03-07 13:52:00 - [MESSAGE][PASSED] - Delayed 2 second(s)

2018-03-07 13:52:00 - [TEST_STEP][PASSED] - mouseOver: Object: 'Object Repository/002/Page_Filialsuche - BVR HTML Prototy/div_Berlin' is hovered

2018-03-07 13:52:00 - [MESSAGE][PASSED] - Object: 'Object Repository/002/Page_Filialsuche - BVR HTML Prototy/div_Berlin' is hovered

2018-03-07 13:52:00 - [TEST_STEP][PASSED] - delay: Delayed 2 second(s)

2018-03-07 13:52:02 - [MESSAGE][PASSED] - Delayed 2 second(s)

2018-03-07 13:52:02 - [TEST_STEP][PASSED] - click: Object: 'Object Repository/002/Page_Filialsuche - BVR HTML Prototy/div_Berlin' is clicked on

2018-03-07 13:52:02 - [MESSAGE][PASSED] - Object: 'Object Repository/002/Page_Filialsuche - BVR HTML Prototy/div_Berlin' is clicked on

2018-03-07 13:52:02 - [TEST_STEP][PASSED] - delay: Delayed 5 second(s)

2018-03-07 13:52:07 - [MESSAGE][PASSED] - Delayed 5 second(s)

2018-03-07 13:52:07 - [TEST_STEP][PASSED] - click: Object: 'Object Repository/TF17/Page_Filialsuche - BVR HTML Prototy/span_Berliner Volksbank eG Fil' is clicked on

2018-03-07 13:52:07 - [MESSAGE][PASSED] - Object: 'Object Repository/TF17/Page_Filialsuche - BVR HTML Prototy/span_Berliner Volksbank eG Fil' is clicked on

2018-03-07 13:52:07 - [TEST_STEP][PASSED] - delay: Delayed 2 second(s)

2018-03-07 13:52:09 - [MESSAGE][PASSED] - Delayed 2 second(s)

2018-03-07 13:52:09 - [TEST_STEP][PASSED] - verifyTextPresent: Text 'Alt-Moabit 82' is present on page 

2018-03-07 13:52:12 - [MESSAGE][PASSED] - Text 'Alt-Moabit 82' is present on page 

2018-03-07 13:52:12 - [TEST_STEP][PASSED] - verifyTextPresent: Text '10555 Berlin' is present on page 

2018-03-07 13:52:15 - [MESSAGE][PASSED] - Text '10555 Berlin' is present on page 

2018-03-07 13:52:15 - [TEST_STEP][PASSED] - click: Object: 'Object Repository/TF17/Page_Filialsuche - BVR HTML Prototy/span_Berliner Volksbank eG Fil_1' is clicked on

2018-03-07 13:52:15 - [MESSAGE][PASSED] - Object: 'Object Repository/TF17/Page_Filialsuche - BVR HTML Prototy/span_Berliner Volksbank eG Fil_1' is clicked on

2018-03-07 13:52:15 - [TEST_STEP][PASSED] - delay: Delayed 2 second(s)

2018-03-07 13:52:17 - [MESSAGE][PASSED] - Delayed 2 second(s)

2018-03-07 13:52:17 - [TEST_STEP][PASSED] - verifyTextPresent: Text 'Alt-Rudow 71' is present on page 

2018-03-07 13:52:19 - [MESSAGE][PASSED] - Text 'Alt-Rudow 71' is present on page 

2018-03-07 13:52:19 - [TEST_STEP][PASSED] - verifyTextPresent: Text '12355 Berlin' is present on page 

2018-03-07 13:52:22 - [MESSAGE][PASSED] - Text '12355 Berlin' is present on page 

2018-03-07 13:52:22 - [TEST_STEP][PASSED] - click: Object: 'Object Repository/TF17/Page_Filialsuche - BVR HTML Prototy/span_Berliner Volksbank eG Fin' is clicked on

2018-03-07 13:52:22 - [MESSAGE][PASSED] - Object: 'Object Repository/TF17/Page_Filialsuche - BVR HTML Prototy/span_Berliner Volksbank eG Fin' is clicked on

2018-03-07 13:52:22 - [TEST_STEP][PASSED] - delay: Delayed 2 second(s)

2018-03-07 13:52:24 - [MESSAGE][PASSED] - Delayed 2 second(s)

2018-03-07 13:52:24 - [TEST_STEP][PASSED] - verifyTextPresent: Text 'Bahnhofstr. 19' is present on page 

2018-03-07 13:52:26 - [MESSAGE][PASSED] - Text 'Bahnhofstr. 19' is present on page 

2018-03-07 13:52:26 - [TEST_STEP][PASSED] - verifyTextPresent: Text '12555 Berlin' is present on page 

2018-03-07 13:52:29 - [MESSAGE][PASSED] - Text '12555 Berlin' is present on page 

2018-03-07 13:52:29 - [TEST_STEP][PASSED] - click: Object: 'Object Repository/TF17/Page_Filialsuche - BVR HTML Prototy/span_Berliner Volksbank eG Fin_1' is clicked on

2018-03-07 13:52:29 - [MESSAGE][PASSED] - Object: 'Object Repository/TF17/Page_Filialsuche - BVR HTML Prototy/span_Berliner Volksbank eG Fin_1' is clicked on

2018-03-07 13:52:29 - [TEST_STEP][PASSED] - delay: Delayed 2 second(s)

2018-03-07 13:52:31 - [MESSAGE][PASSED] - Delayed 2 second(s)

2018-03-07 13:52:31 - [TEST_STEP][PASSED] - verifyTextPresent: Text 'Bahnhofstr. 50' is present on page 

2018-03-07 13:52:33 - [MESSAGE][PASSED] - Text 'Bahnhofstr. 50' is present on page 

2018-03-07 13:52:33 - [TEST_STEP][PASSED] - verifyTextPresent: Text '12305 Berlin' is present on page 

2018-03-07 13:52:36 - [MESSAGE][PASSED] - Text '12305 Berlin' is present on page 

2018-03-07 13:52:36 - [TEST_STEP][PASSED] - click: Object: 'Object Repository/TF17/Page_Filialsuche - BVR HTML Prototy/span_Berliner Volksbank eG Fil_2' is clicked on

2018-03-07 13:52:36 - [MESSAGE][PASSED] - Object: 'Object Repository/TF17/Page_Filialsuche - BVR HTML Prototy/span_Berliner Volksbank eG Fil_2' is clicked on

2018-03-07 13:52:36 - [TEST_STEP][PASSED] - delay: Delayed 2 second(s)

2018-03-07 13:52:38 - [MESSAGE][PASSED] - Delayed 2 second(s)

2018-03-07 13:52:38 - [TEST_STEP][PASSED] - verifyTextPresent: Text 'Baumschulenstr. 96' is present on page 

2018-03-07 13:52:41 - [MESSAGE][PASSED] - Text 'Baumschulenstr. 96' is present on page 

2018-03-07 13:52:41 - [TEST_STEP][PASSED] - verifyTextPresent: Text '12437 Berlin' is present on page 

2018-03-07 13:52:43 - [MESSAGE][PASSED] - Text '12437 Berlin' is present on page 

2018-03-07 13:52:43 - [TEST_STEP][PASSED] - scrollToElement: Scroll to object 'Object Repository/TF17/Page_Filialsuche - BVR HTML Prototy/span_Berliner Volksbank eG Fin_2' successfully

2018-03-07 13:52:43 - [MESSAGE][WARNING] - Timeout '0' is invalid. Using default page load timeout: '30'

2018-03-07 13:52:43 - [MESSAGE][PASSED] - Scroll to object 'Object Repository/TF17/Page_Filialsuche - BVR HTML Prototy/span_Berliner Volksbank eG Fin_2' successfully

2018-03-07 13:52:43 - [TEST_STEP][PASSED] - click: Object: 'Object Repository/TF17/Page_Filialsuche - BVR HTML Prototy/span_Berliner Volksbank eG Fin_2' is clicked on

2018-03-07 13:52:44 - [MESSAGE][PASSED] - Object: 'Object Repository/TF17/Page_Filialsuche - BVR HTML Prototy/span_Berliner Volksbank eG Fin_2' is clicked on

2018-03-07 13:52:44 - [TEST_STEP][PASSED] - delay: Delayed 2 second(s)

2018-03-07 13:52:46 - [MESSAGE][PASSED] - Delayed 2 second(s)

2018-03-07 13:52:46 - [TEST_STEP][PASSED] - verifyTextPresent: Text 'Berliner Allee 19-21' is present on page 

2018-03-07 13:52:48 - [MESSAGE][PASSED] - Text 'Berliner Allee 19-21' is present on page 

2018-03-07 13:52:48 - [TEST_STEP][PASSED] - verifyTextPresent: Text '13088 Berlin' is present on page 

2018-03-07 13:52:50 - [MESSAGE][PASSED] - Text '13088 Berlin' is present on page 

2018-03-07 13:52:50 - [TEST_STEP][PASSED] - click: Object: 'Object Repository/TF17/Page_Filialsuche - BVR HTML Prototy/a_2' is clicked on

2018-03-07 13:52:50 - [MESSAGE][PASSED] - Object: 'Object Repository/TF17/Page_Filialsuche - BVR HTML Prototy/a_2' is clicked on

2018-03-07 13:52:50 - [TEST_STEP][PASSED] - click: Object: 'Object Repository/TF17/Page_Filialsuche - BVR HTML Prototy/span_Berliner Volksbank eG Fin_3' is clicked on

2018-03-07 13:52:51 - [MESSAGE][PASSED] - Object: 'Object Repository/TF17/Page_Filialsuche - BVR HTML Prototy/span_Berliner Volksbank eG Fin_3' is clicked on

2018-03-07 13:52:51 - [TEST_STEP][PASSED] - delay: Delayed 2 second(s)

2018-03-07 13:52:53 - [MESSAGE][PASSED] - Delayed 2 second(s)

2018-03-07 13:52:53 - [TEST_STEP][PASSED] - verifyTextPresent: Text 'Berliner Str. 98' is present on page 

2018-03-07 13:52:55 - [MESSAGE][PASSED] - Text 'Berliner Str. 98' is present on page 

2018-03-07 13:52:55 - [TEST_STEP][PASSED] - verifyTextPresent: Text '13507 Berlin' is present on page 

2018-03-07 13:52:57 - [MESSAGE][PASSED] - Text '13507 Berlin' is present on page 

2018-03-07 13:52:57 - [TEST_STEP][PASSED] - click: Object: 'Object Repository/TF17/Page_Filialsuche - BVR HTML Prototy (1)/span_Berliner Volksbank eG Fil' is clicked on

2018-03-07 13:52:58 - [MESSAGE][PASSED] - Object: 'Object Repository/TF17/Page_Filialsuche - BVR HTML Prototy (1)/span_Berliner Volksbank eG Fil' is clicked on

2018-03-07 13:52:58 - [TEST_STEP][PASSED] - delay: Delayed 2 second(s)

2018-03-07 13:53:00 - [MESSAGE][PASSED] - Delayed 2 second(s)

2018-03-07 13:53:00 - [TEST_STEP][PASSED] - verifyTextPresent: Text 'Bornholmer Str. 1' is present on page 

2018-03-07 13:53:02 - [MESSAGE][PASSED] - Text 'Bornholmer Str. 1' is present on page 

2018-03-07 13:53:02 - [TEST_STEP][PASSED] - verifyTextPresent: Text '10439 Berlin' is present on page 

2018-03-07 13:53:05 - [MESSAGE][PASSED] - Text '10439 Berlin' is present on page 

2018-03-07 13:53:05 - [TEST_STEP][PASSED] - click: Object: 'Object Repository/TF17/Page_Filialsuche - BVR HTML Prototy (1)/span_Berliner Volksbank eG Fin' is clicked on

2018-03-07 13:53:05 - [MESSAGE][PASSED] - Object: 'Object Repository/TF17/Page_Filialsuche - BVR HTML Prototy (1)/span_Berliner Volksbank eG Fin' is clicked on

2018-03-07 13:53:05 - [TEST_STEP][PASSED] - delay: Delayed 2 second(s)

2018-03-07 13:53:07 - [MESSAGE][PASSED] - Delayed 2 second(s)

2018-03-07 13:53:07 - [TEST_STEP][PASSED] - verifyTextPresent: Text 'Brandenburgische Str. 86-87' is present on page 

2018-03-07 13:53:09 - [MESSAGE][PASSED] - Text 'Brandenburgische Str. 86-87' is present on page 

2018-03-07 13:53:09 - [TEST_STEP][PASSED] - verifyTextPresent: Text '10713 Berlin' is present on page 

2018-03-07 13:53:12 - [MESSAGE][PASSED] - Text '10713 Berlin' is present on page 

2018-03-07 13:53:12 - [TEST_STEP][PASSED] - click: Object: 'Object Repository/TF17/Page_Filialsuche - BVR HTML Prototy (1)/span_Berliner Volksbank eG Fin_1' is clicked on

2018-03-07 13:53:12 - [MESSAGE][PASSED] - Object: 'Object Repository/TF17/Page_Filialsuche - BVR HTML Prototy (1)/span_Berliner Volksbank eG Fin_1' is clicked on

2018-03-07 13:53:12 - [TEST_STEP][PASSED] - delay: Delayed 2 second(s)

2018-03-07 13:53:14 - [MESSAGE][PASSED] - Delayed 2 second(s)

2018-03-07 13:53:14 - [TEST_STEP][PASSED] - verifyTextPresent: Text 'Brodauer Str. 45' is present on page 

2018-03-07 13:53:16 - [MESSAGE][PASSED] - Text 'Brodauer Str. 45' is present on page 

2018-03-07 13:53:16 - [TEST_STEP][PASSED] - verifyTextPresent: Text '12621 Berlin' is present on page 

2018-03-07 13:53:18 - [MESSAGE][PASSED] - Text '12621 Berlin' is present on page 

2018-03-07 13:53:18 - [TEST_STEP][PASSED] - click: Object: 'Object Repository/TF17/Page_Filialsuche - BVR HTML Prototy (1)/span_Berliner Volksbank eG Fin_2' is clicked on

2018-03-07 13:53:19 - [MESSAGE][PASSED] - Object: 'Object Repository/TF17/Page_Filialsuche - BVR HTML Prototy (1)/span_Berliner Volksbank eG Fin_2' is clicked on

2018-03-07 13:53:19 - [TEST_STEP][PASSED] - delay: Delayed 2 second(s)

2018-03-07 13:53:21 - [MESSAGE][PASSED] - Delayed 2 second(s)

2018-03-07 13:53:21 - [TEST_STEP][PASSED] - verifyTextPresent: Text 'Frankfurter Allee 69' is present on page 

2018-03-07 13:53:23 - [MESSAGE][PASSED] - Text 'Frankfurter Allee 69' is present on page 

2018-03-07 13:53:23 - [TEST_STEP][PASSED] - verifyTextPresent: Text '10247 Berlin' is present on page 

2018-03-07 13:53:26 - [MESSAGE][PASSED] - Text '10247 Berlin' is present on page 

2018-03-07 13:53:26 - [TEST_STEP][PASSED] - click: Object: 'Object Repository/TF17/Page_Filialsuche - BVR HTML Prototy (1)/span_Berliner Volksbank eG Fin_3' is clicked on

2018-03-07 13:53:26 - [MESSAGE][PASSED] - Object: 'Object Repository/TF17/Page_Filialsuche - BVR HTML Prototy (1)/span_Berliner Volksbank eG Fin_3' is clicked on

2018-03-07 13:53:26 - [TEST_STEP][PASSED] - delay: Delayed 2 second(s)

2018-03-07 13:53:28 - [MESSAGE][PASSED] - Delayed 2 second(s)

2018-03-07 13:53:28 - [TEST_STEP][PASSED] - verifyTextPresent: Text 'Friedrichstr. 108-109' is present on page 

2018-03-07 13:53:30 - [MESSAGE][PASSED] - Text 'Friedrichstr. 108-109' is present on page 

2018-03-07 13:53:30 - [TEST_STEP][PASSED] - verifyTextPresent: Text '10117 Berlin' is present on page 

2018-03-07 13:53:33 - [MESSAGE][PASSED] - Text '10117 Berlin' is present on page 

2018-03-07 13:53:33 - [TEST_STEP][PASSED] - click: Object: 'Object Repository/TF17/Page_Filialsuche - BVR HTML Prototy (1)/a_3' is clicked on

2018-03-07 13:53:33 - [MESSAGE][PASSED] - Object: 'Object Repository/TF17/Page_Filialsuche - BVR HTML Prototy (1)/a_3' is clicked on

2018-03-07 13:53:33 - [TEST_STEP][PASSED] - click: Object: 'Object Repository/TF17/Page_Filialsuche - BVR HTML Prototy (1)/span_Berliner Volksbank eG Fil_1' is clicked on

2018-03-07 13:53:33 - [MESSAGE][PASSED] - Object: 'Object Repository/TF17/Page_Filialsuche - BVR HTML Prototy (1)/span_Berliner Volksbank eG Fil_1' is clicked on

2018-03-07 13:53:33 - [TEST_STEP][PASSED] - delay: Delayed 2 second(s)

2018-03-07 13:53:35 - [MESSAGE][PASSED] - Delayed 2 second(s)

2018-03-07 13:53:35 - [TEST_STEP][PASSED] - verifyTextPresent: Text 'Karl-Marx-Str. 71' is present on page 

2018-03-07 13:53:37 - [MESSAGE][PASSED] - Text 'Karl-Marx-Str. 71' is present on page 

2018-03-07 13:53:37 - [TEST_STEP][PASSED] - verifyTextPresent: Text '12043 Berlin' is present on page 

2018-03-07 13:53:40 - [MESSAGE][PASSED] - Text '12043 Berlin' is present on page 

2018-03-07 13:53:40 - [TEST_STEP][PASSED] - click: Object: 'Object Repository/TF17/Page_Filialsuche - BVR HTML Prototy (1)/span_Berliner Volksbank eG Fil_2' is clicked on

2018-03-07 13:53:40 - [MESSAGE][PASSED] - Object: 'Object Repository/TF17/Page_Filialsuche - BVR HTML Prototy (1)/span_Berliner Volksbank eG Fil_2' is clicked on

2018-03-07 13:53:40 - [TEST_STEP][PASSED] - click: Object: 'Object Repository/TF17/Page_Filialsuche - BVR HTML Prototy (1)/span_Berliner Volksbank eG Fin_4' is clicked on

2018-03-07 13:53:41 - [MESSAGE][PASSED] - Object: 'Object Repository/TF17/Page_Filialsuche - BVR HTML Prototy (1)/span_Berliner Volksbank eG Fin_4' is clicked on

2018-03-07 13:53:41 - [TEST_STEP][PASSED] - click: Object: 'Object Repository/TF17/Page_Filialsuche - BVR HTML Prototy (1)/span_Berliner Volksbank eG Fil_3' is clicked on

2018-03-07 13:53:41 - [MESSAGE][PASSED] - Object: 'Object Repository/TF17/Page_Filialsuche - BVR HTML Prototy (1)/span_Berliner Volksbank eG Fil_3' is clicked on

2018-03-07 13:53:41 - [TEST_STEP][PASSED] - delay: Delayed 2 second(s)

2018-03-07 13:53:43 - [MESSAGE][PASSED] - Delayed 2 second(s)

2018-03-07 13:53:43 - [TEST_STEP][PASSED] - verifyTextPresent: Text 'Kranoldplatz 2' is present on page 

2018-03-07 13:53:45 - [MESSAGE][PASSED] - Text 'Kranoldplatz 2' is present on page 

2018-03-07 13:53:45 - [TEST_STEP][PASSED] - verifyTextPresent: Text '12209 Berlin' is present on page 

2018-03-07 13:53:48 - [MESSAGE][PASSED] - Text '12209 Berlin' is present on page 

2018-03-07 13:53:48 - [TEST_STEP][PASSED] - click: Object: 'Object Repository/TF17/Page_Filialsuche - BVR HTML Prototy (1)/span_Berliner Volksbank eG Fil_4' is clicked on

2018-03-07 13:53:48 - [MESSAGE][PASSED] - Object: 'Object Repository/TF17/Page_Filialsuche - BVR HTML Prototy (1)/span_Berliner Volksbank eG Fil_4' is clicked on

2018-03-07 13:53:48 - [TEST_STEP][PASSED] - click: Object: 'Object Repository/TF17/Page_Filialsuche - BVR HTML Prototy (1)/span_Berliner Volksbank eG Fin_5' is clicked on

2018-03-07 13:53:49 - [MESSAGE][PASSED] - Object: 'Object Repository/TF17/Page_Filialsuche - BVR HTML Prototy (1)/span_Berliner Volksbank eG Fin_5' is clicked on

2018-03-07 13:53:49 - [TEST_STEP][PASSED] - delay: Delayed 2 second(s)

2018-03-07 13:53:51 - [MESSAGE][PASSED] - Delayed 2 second(s)

2018-03-07 13:53:51 - [TEST_STEP][PASSED] - verifyTextPresent: Text 'Kurfürstendamm 46' is present on page 

2018-03-07 13:53:53 - [MESSAGE][PASSED] - Text 'Kurfürstendamm 46' is present on page 

2018-03-07 13:53:53 - [TEST_STEP][PASSED] - verifyTextPresent: Text '10707 Berlin' is present on page 

2018-03-07 13:53:55 - [MESSAGE][PASSED] - Text '10707 Berlin' is present on page 

2018-03-07 13:53:55 - [TEST_STEP][PASSED] - click: Object: 'Object Repository/TF17/Page_Filialsuche - BVR HTML Prototy (1)/a_4' is clicked on

2018-03-07 13:53:56 - [MESSAGE][PASSED] - Object: 'Object Repository/TF17/Page_Filialsuche - BVR HTML Prototy (1)/a_4' is clicked on

2018-03-07 13:53:56 - [TEST_STEP][PASSED] - click: Object: 'Object Repository/TF17/Page_Filialsuche - BVR HTML Prototy (1)/span_Berliner Volksbank eG Fil_5' is clicked on

2018-03-07 13:53:56 - [MESSAGE][PASSED] - Object: 'Object Repository/TF17/Page_Filialsuche - BVR HTML Prototy (1)/span_Berliner Volksbank eG Fil_5' is clicked on

2018-03-07 13:53:56 - [TEST_STEP][PASSED] - delay: Delayed 2 second(s)

2018-03-07 13:53:58 - [MESSAGE][PASSED] - Delayed 2 second(s)

2018-03-07 13:53:58 - [TEST_STEP][PASSED] - verifyTextPresent: Text 'Ludolfingerplatz 7' is present on page 

2018-03-07 13:54:00 - [MESSAGE][PASSED] - Text 'Ludolfingerplatz 7' is present on page 

2018-03-07 13:54:00 - [TEST_STEP][PASSED] - verifyTextPresent: Text '13465 Berlin' is present on page 

2018-03-07 13:54:03 - [MESSAGE][PASSED] - Text '13465 Berlin' is present on page 

2018-03-07 13:54:03 - [TEST_STEP][PASSED] - click: Object: 'Object Repository/TF17/Page_Filialsuche - BVR HTML Prototy (1)/span_Berliner Volksbank eG Fin_6' is clicked on

2018-03-07 13:54:03 - [MESSAGE][PASSED] - Object: 'Object Repository/TF17/Page_Filialsuche - BVR HTML Prototy (1)/span_Berliner Volksbank eG Fin_6' is clicked on

2018-03-07 13:54:03 - [TEST_STEP][PASSED] - delay: Delayed 2 second(s)

2018-03-07 13:54:05 - [MESSAGE][PASSED] - Delayed 2 second(s)

2018-03-07 13:54:05 - [TEST_STEP][PASSED] - verifyTextPresent: Text 'Mariendorfer Damm 88-90' is present on page 

2018-03-07 13:54:07 - [MESSAGE][PASSED] - Text 'Mariendorfer Damm 88-90' is present on page 

2018-03-07 13:54:07 - [TEST_STEP][PASSED] - verifyTextPresent: Text '12109 Berlin' is present on page 

2018-03-07 13:54:10 - [MESSAGE][PASSED] - Text '12109 Berlin' is present on page 

2018-03-07 13:54:10 - [TEST_STEP][PASSED] - click: Object: 'Object Repository/TF17/Page_Filialsuche - BVR HTML Prototy (1)/span_Berliner Volksbank eG Fil_6' is clicked on

2018-03-07 13:54:10 - [MESSAGE][PASSED] - Object: 'Object Repository/TF17/Page_Filialsuche - BVR HTML Prototy (1)/span_Berliner Volksbank eG Fil_6' is clicked on

2018-03-07 13:54:10 - [TEST_STEP][PASSED] - click: Object: 'Object Repository/TF17/Page_Filialsuche - BVR HTML Prototy (1)/span_Berliner Volksbank eG Fin_7' is clicked on

2018-03-07 13:54:11 - [MESSAGE][PASSED] - Object: 'Object Repository/TF17/Page_Filialsuche - BVR HTML Prototy (1)/span_Berliner Volksbank eG Fin_7' is clicked on

2018-03-07 13:54:11 - [TEST_STEP][PASSED] - click: Object: 'Object Repository/TF17/Page_Filialsuche - BVR HTML Prototy (1)/span_Berliner Volksbank eG Fil_7' is clicked on

2018-03-07 13:54:11 - [MESSAGE][PASSED] - Object: 'Object Repository/TF17/Page_Filialsuche - BVR HTML Prototy (1)/span_Berliner Volksbank eG Fil_7' is clicked on

2018-03-07 13:54:11 - [TEST_STEP][PASSED] - click: Object: 'Object Repository/TF17/Page_Filialsuche - BVR HTML Prototy (1)/span_Berliner Volksbank eG Fil_8' is clicked on

2018-03-07 13:54:11 - [MESSAGE][PASSED] - Object: 'Object Repository/TF17/Page_Filialsuche - BVR HTML Prototy (1)/span_Berliner Volksbank eG Fil_8' is clicked on

2018-03-07 13:54:11 - [TEST_STEP][PASSED] - click: Object: 'Object Repository/TF17/Page_Filialsuche - BVR HTML Prototy (1)/a_5' is clicked on

2018-03-07 13:54:11 - [MESSAGE][PASSED] - Object: 'Object Repository/TF17/Page_Filialsuche - BVR HTML Prototy (1)/a_5' is clicked on

2018-03-07 13:54:11 - [TEST_STEP][PASSED] - click: Object: 'Object Repository/TF17/Page_Filialsuche - BVR HTML Prototy (1)/span_Berliner Volksbank eG Fil_9' is clicked on

2018-03-07 13:54:12 - [MESSAGE][PASSED] - Object: 'Object Repository/TF17/Page_Filialsuche - BVR HTML Prototy (1)/span_Berliner Volksbank eG Fil_9' is clicked on

[...]

2018-03-07 14:00:37 - [TEST_STEP][PASSED] - maximizeWindow: Current window maximized

2018-03-07 14:00:37 - [MESSAGE][PASSED] - Current window maximized

2018-03-07 14:00:37 - [TEST_STEP][PASSED] - deleteAllCookies: Delete all cookies successfully

2018-03-07 14:00:37 - [MESSAGE][PASSED] - Delete all cookies successfully

2018-03-07 14:00:37 - [TEST_STEP][PASSED] - navigateToUrl: Navigate to 'http://rc-ogrhtmlprototyp.testintern/18-1-0/filialsuche.html' successfully

2018-03-07 14:00:38 - [MESSAGE][PASSED] - Navigate to 'http://rc-ogrhtmlprototyp.testintern/18-1-0/filialsuche.html' successfully

2018-03-07 14:00:38 - [TEST_STEP][PASSED] - delay: Delayed 2 second(s)

2018-03-07 14:00:40 - [MESSAGE][PASSED] - Delayed 2 second(s)

2018-03-07 14:00:40 - [TEST_STEP][PASSED] - click: Object: 'Object Repository/002/Page_Filialsuche-rotenburg - BVR HT/svg_dropdown-icons' is clicked on

2018-03-07 14:00:41 - [MESSAGE][PASSED] - Object: 'Object Repository/002/Page_Filialsuche-rotenburg - BVR HT/svg_dropdown-icons' is clicked on

2018-03-07 14:00:41 - [TEST_STEP][PASSED] - delay: Delayed 2 second(s)

2018-03-07 14:00:43 - [MESSAGE][PASSED] - Delayed 2 second(s)

2018-03-07 14:00:43 - [TEST_STEP][PASSED] - scrollToElement: Scroll to object 'Object Repository/Belitz_option' successfully

2018-03-07 14:00:43 - [MESSAGE][PASSED] - Scroll to object 'Object Repository/Belitz_option' successfully

2018-03-07 14:00:43 - [TEST_STEP][PASSED] - delay: Delayed 2 second(s)

2018-03-07 14:00:45 - [MESSAGE][PASSED] - Delayed 2 second(s)

2018-03-07 14:00:45 - [TEST_STEP][PASSED] - mouseOver: Object: 'Object Repository/Belitz_option' is hovered

2018-03-07 14:00:45 - [MESSAGE][PASSED] - Object: 'Object Repository/Belitz_option' is hovered

2018-03-07 14:00:45 - [TEST_STEP][PASSED] - delay: Delayed 2 second(s)

2018-03-07 14:00:47 - [MESSAGE][PASSED] - Delayed 2 second(s)

2018-03-07 14:00:47 - [TEST_STEP][PASSED] - click: Object: 'Object Repository/Belitz_option' is clicked on

2018-03-07 14:00:47 - [MESSAGE][PASSED] - Object: 'Object Repository/Belitz_option' is clicked on

2018-03-07 14:00:47 - [TEST_STEP][PASSED] - delay: Delayed 5 second(s)

2018-03-07 14:00:52 - [MESSAGE][PASSED] - Delayed 5 second(s)

2018-03-07 14:00:52 - [TEST_STEP][PASSED] - Statement - wes = com.kms.katalon.core.webui.common.WebUiCommonHelper.findWebElements(com.kms.katalon.core.testobject.ObjectRepository.findTestObject(loc_steet_filialsuche), 5): Found 37 web elements with id: 'Object Repository/loc_steet_filialsuche' located by 'By.xpath: //div[@class='loc-street']' in '5' second(s)

2018-03-07 14:00:52 - [TEST_STEP][PASSED] - Statement - For ([i = 1, i < wes.size(), (i++)]): null

2018-03-07 14:00:52 - [TEST_STEP][PASSED] - Statement - el = wes.get(i): null

2018-03-07 14:00:52 - [TEST_STEP][PASSED] - Statement - el_prev = wes.get(i - 1): null

2018-03-07 14:00:52 - [TEST_STEP][PASSED] - Statement - ch = el.getText().charAt(0): null]]></system-out>
         <system-err><![CDATA[2018-03-07 14:00:34 - [TEST_CASE][ERROR] - Test Cases/Prototyp_Filialsuche (RC 18)/39_Testfall: Test Cases/Prototyp_Filialsuche (RC 18)/39_Testfall FAILED because (of) java.lang.StringIndexOutOfBoundsException: String index out of range: 0]]></system-err>
      </testcase>
      <testcase name="Test Cases/Prototyp_Filialsuche (RC 18)/40_Testfall" classname="Test Cases/Prototyp_Filialsuche (RC 18)/40_Testfall" status="PASSED">
         <system-out><![CDATA[2018-03-07 14:00:52 - [TEST_CASE][PASSED] - Test Cases/Prototyp_Filialsuche (RC 18)/40_Testfall: Test Cases/Prototyp_Filialsuche (RC 18)/40_Testfall

2018-03-07 14:00:52 - [TEST_STEP][PASSED] - openBrowser: Browser is opened with url: ''

2018-03-07 14:00:52 - [MESSAGE][WARNING] - A browser is already opened. Closing browser and opening a new one

2018-03-07 14:00:55 - [MESSAGE][PASSED] - Browser is opened with url: ''

2018-03-07 14:00:55 - [TEST_STEP][PASSED] - deleteAllCookies: Delete all cookies successfully

2018-03-07 14:00:55 - [MESSAGE][PASSED] - Delete all cookies successfully

2018-03-07 14:00:55 - [TEST_STEP][PASSED] - maximizeWindow: Current window maximized

2018-03-07 14:00:55 - [MESSAGE][PASSED] - Current window maximized

2018-03-07 14:00:55 - [TEST_STEP][PASSED] - navigateToUrl: Navigate to 'http://rc-ogrhtmlprototyp.testintern/18-1-0/filialsuche-wangen.html' successfully

2018-03-07 14:00:57 - [MESSAGE][PASSED] - Navigate to 'http://rc-ogrhtmlprototyp.testintern/18-1-0/filialsuche-wangen.html' successfully

2018-03-07 14:00:57 - [TEST_STEP][PASSED] - delay: Delayed 2 second(s)

2018-03-07 14:00:59 - [MESSAGE][PASSED] - Delayed 2 second(s)

2018-03-07 14:00:59 - [TEST_STEP][PASSED] - click: Object: 'Object Repository/40_TF/Page_Filialsuche-wangen - BVR HTML/svg_dropdown-icons' is clicked on

2018-03-07 14:00:59 - [MESSAGE][PASSED] - Object: 'Object Repository/40_TF/Page_Filialsuche-wangen - BVR HTML/svg_dropdown-icons' is clicked on

2018-03-07 14:00:59 - [TEST_STEP][PASSED] - delay: Delayed 2 second(s)

2018-03-07 14:01:01 - [MESSAGE][PASSED] - Delayed 2 second(s)

2018-03-07 14:01:01 - [TEST_STEP][PASSED] - mouseOver: Object: 'Object Repository/40_TF/Page_Filialsuche-wangen - BVR HTML/div_Brtlingen' is hovered

2018-03-07 14:01:01 - [MESSAGE][PASSED] - Object: 'Object Repository/40_TF/Page_Filialsuche-wangen - BVR HTML/div_Brtlingen' is hovered

2018-03-07 14:01:01 - [TEST_STEP][PASSED] - click: Object: 'Object Repository/40_TF/Page_Filialsuche-wangen - BVR HTML/div_Brtlingen' is clicked on

2018-03-07 14:01:01 - [MESSAGE][PASSED] - Object: 'Object Repository/40_TF/Page_Filialsuche-wangen - BVR HTML/div_Brtlingen' is clicked on

2018-03-07 14:01:01 - [TEST_STEP][PASSED] - delay: Delayed 2 second(s)

2018-03-07 14:01:03 - [MESSAGE][PASSED] - Delayed 2 second(s)

2018-03-07 14:01:03 - [TEST_STEP][PASSED] - verifyTextPresent: Text '73104 Börtlingen' is present on page 

2018-03-07 14:01:04 - [MESSAGE][PASSED] - Text '73104 Börtlingen' is present on page 

2018-03-07 14:01:04 - [TEST_STEP][PASSED] - verifyTextPresent: Text 'Hauptstr. 56' is present on page 

2018-03-07 14:01:05 - [MESSAGE][PASSED] - Text 'Hauptstr. 56' is present on page 

2018-03-07 14:01:05 - [TEST_STEP][PASSED] - verifyTextNotPresent: Text '73098 Rechberghausen' is not present on page

2018-03-07 14:01:06 - [MESSAGE][PASSED] - Text '73098 Rechberghausen' is not present on page

2018-03-07 14:01:06 - [TEST_STEP][PASSED] - verifyTextNotPresent: Text 'Hauptstr. 37' is not present on page

2018-03-07 14:01:07 - [MESSAGE][PASSED] - Text 'Hauptstr. 37' is not present on page

2018-03-07 14:01:07 - [TEST_STEP][PASSED] - verifyTextNotPresent: Text 'Dorfstr. 17 a' is not present on page

2018-03-07 14:01:07 - [MESSAGE][PASSED] - Text 'Dorfstr. 17 a' is not present on page

2018-03-07 14:01:07 - [TEST_STEP][PASSED] - verifyTextNotPresent: Text '73066 Uhingen' is not present on page

2018-03-07 14:01:08 - [MESSAGE][PASSED] - Text '73066 Uhingen' is not present on page

2018-03-07 14:01:08 - [TEST_STEP][PASSED] - verifyTextNotPresent: Text 'Hauptstr.44' is not present on page

2018-03-07 14:01:09 - [MESSAGE][PASSED] - Text 'Hauptstr.44' is not present on page

2018-03-07 14:01:09 - [TEST_STEP][PASSED] - verifyTextNotPresent: Text '73117 Wangen' is not present on page

2018-03-07 14:01:10 - [MESSAGE][PASSED] - Text '73117 Wangen' is not present on page

2018-03-07 14:01:10 - [TEST_STEP][PASSED] - delay: Delayed 2 second(s)

2018-03-07 14:01:12 - [MESSAGE][PASSED] - Delayed 2 second(s)

2018-03-07 14:01:12 - [TEST_STEP][PASSED] - click: Object: 'Object Repository/40_TF/Page_Filialsuche-wangen - BVR HTML/svg_dropdown-icons' is clicked on

2018-03-07 14:01:12 - [MESSAGE][PASSED] - Object: 'Object Repository/40_TF/Page_Filialsuche-wangen - BVR HTML/svg_dropdown-icons' is clicked on

2018-03-07 14:01:12 - [TEST_STEP][PASSED] - delay: Delayed 2 second(s)

2018-03-07 14:01:14 - [MESSAGE][PASSED] - Delayed 2 second(s)

2018-03-07 14:01:14 - [TEST_STEP][PASSED] - mouseOver: Object: 'Object Repository/40_TF/Page_Filialsuche-wangen - BVR HTML/div_Rechberghausen' is hovered

2018-03-07 14:01:14 - [MESSAGE][PASSED] - Object: 'Object Repository/40_TF/Page_Filialsuche-wangen - BVR HTML/div_Rechberghausen' is hovered

2018-03-07 14:01:14 - [TEST_STEP][PASSED] - click: Object: 'Object Repository/40_TF/Page_Filialsuche-wangen - BVR HTML/div_Rechberghausen' is clicked on

2018-03-07 14:01:14 - [MESSAGE][PASSED] - Object: 'Object Repository/40_TF/Page_Filialsuche-wangen - BVR HTML/div_Rechberghausen' is clicked on

2018-03-07 14:01:14 - [TEST_STEP][PASSED] - delay: Delayed 2 second(s)

2018-03-07 14:01:16 - [MESSAGE][PASSED] - Delayed 2 second(s)

2018-03-07 14:01:16 - [TEST_STEP][PASSED] - verifyTextNotPresent: Text '73104 Börtlingen' is not present on page

2018-03-07 14:01:17 - [MESSAGE][PASSED] - Text '73104 Börtlingen' is not present on page

2018-03-07 14:01:17 - [TEST_STEP][PASSED] - verifyTextNotPresent: Text 'Hauptstr. 56' is not present on page

2018-03-07 14:01:18 - [MESSAGE][PASSED] - Text 'Hauptstr. 56' is not present on page

2018-03-07 14:01:18 - [TEST_STEP][PASSED] - verifyTextPresent: Text '73098 Rechberghausen' is present on page 

2018-03-07 14:01:19 - [MESSAGE][PASSED] - Text '73098 Rechberghausen' is present on page 

2018-03-07 14:01:19 - [TEST_STEP][PASSED] - verifyTextPresent: Text 'Hauptstr. 37' is present on page 

2018-03-07 14:01:20 - [MESSAGE][PASSED] - Text 'Hauptstr. 37' is present on page 

2018-03-07 14:01:20 - [TEST_STEP][PASSED] - verifyTextNotPresent: Text 'Dorfstr. 17 a' is not present on page

2018-03-07 14:01:20 - [MESSAGE][PASSED] - Text 'Dorfstr. 17 a' is not present on page

2018-03-07 14:01:20 - [TEST_STEP][PASSED] - verifyTextNotPresent: Text '73066 Uhingen' is not present on page

2018-03-07 14:01:21 - [MESSAGE][PASSED] - Text '73066 Uhingen' is not present on page

2018-03-07 14:01:21 - [TEST_STEP][PASSED] - verifyTextNotPresent: Text 'Hauptstr.44' is not present on page

2018-03-07 14:01:22 - [MESSAGE][PASSED] - Text 'Hauptstr.44' is not present on page

2018-03-07 14:01:22 - [TEST_STEP][PASSED] - verifyTextNotPresent: Text '73117 Wangen' is not present on page

2018-03-07 14:01:23 - [MESSAGE][PASSED] - Text '73117 Wangen' is not present on page

2018-03-07 14:01:23 - [TEST_STEP][PASSED] - delay: Delayed 2 second(s)

2018-03-07 14:01:25 - [MESSAGE][PASSED] - Delayed 2 second(s)

2018-03-07 14:01:25 - [TEST_STEP][PASSED] - click: Object: 'Object Repository/40_TF/Page_Filialsuche-wangen - BVR HTML/svg_dropdown-icons' is clicked on

2018-03-07 14:01:25 - [MESSAGE][PASSED] - Object: 'Object Repository/40_TF/Page_Filialsuche-wangen - BVR HTML/svg_dropdown-icons' is clicked on

2018-03-07 14:01:25 - [TEST_STEP][PASSED] - delay: Delayed 2 second(s)

2018-03-07 14:01:27 - [MESSAGE][PASSED] - Delayed 2 second(s)

2018-03-07 14:01:27 - [TEST_STEP][PASSED] - mouseOver: Object: 'Object Repository/40_TF/Page_Filialsuche-wangen - BVR HTML/div_Uhingen' is hovered

2018-03-07 14:01:27 - [MESSAGE][PASSED] - Object: 'Object Repository/40_TF/Page_Filialsuche-wangen - BVR HTML/div_Uhingen' is hovered

2018-03-07 14:01:27 - [TEST_STEP][PASSED] - click: Object: 'Object Repository/40_TF/Page_Filialsuche-wangen - BVR HTML/div_Uhingen' is clicked on

2018-03-07 14:01:27 - [MESSAGE][PASSED] - Object: 'Object Repository/40_TF/Page_Filialsuche-wangen - BVR HTML/div_Uhingen' is clicked on

2018-03-07 14:01:27 - [TEST_STEP][PASSED] - delay: Delayed 2 second(s)

2018-03-07 14:01:29 - [MESSAGE][PASSED] - Delayed 2 second(s)

2018-03-07 14:01:30 - [TEST_STEP][PASSED] - verifyTextNotPresent: Text '73104 Börtlingen' is not present on page

2018-03-07 14:01:30 - [MESSAGE][PASSED] - Text '73104 Börtlingen' is not present on page

2018-03-07 14:01:30 - [TEST_STEP][PASSED] - verifyTextNotPresent: Text 'Hauptstr. 56' is not present on page

2018-03-07 14:01:31 - [MESSAGE][PASSED] - Text 'Hauptstr. 56' is not present on page

2018-03-07 14:01:31 - [TEST_STEP][PASSED] - verifyTextNotPresent: Text '73098 Rechberghausen' is not present on page

2018-03-07 14:01:32 - [MESSAGE][PASSED] - Text '73098 Rechberghausen' is not present on page

2018-03-07 14:01:32 - [TEST_STEP][PASSED] - verifyTextNotPresent: Text 'Hauptstr. 37' is not present on page

2018-03-07 14:01:33 - [MESSAGE][PASSED] - Text 'Hauptstr. 37' is not present on page

2018-03-07 14:01:33 - [TEST_STEP][PASSED] - verifyTextPresent: Text 'Dorfstr. 17 a' is present on page 

2018-03-07 14:01:33 - [MESSAGE][PASSED] - Text 'Dorfstr. 17 a' is present on page 

2018-03-07 14:01:33 - [TEST_STEP][PASSED] - verifyTextPresent: Text '73066 Uhingen' is present on page 

2018-03-07 14:01:34 - [MESSAGE][PASSED] - Text '73066 Uhingen' is present on page 

2018-03-07 14:01:34 - [TEST_STEP][PASSED] - verifyTextNotPresent: Text 'Hauptstr.44' is not present on page

2018-03-07 14:01:35 - [MESSAGE][PASSED] - Text 'Hauptstr.44' is not present on page

2018-03-07 14:01:35 - [TEST_STEP][PASSED] - verifyTextNotPresent: Text '73117 Wangen' is not present on page

2018-03-07 14:01:36 - [MESSAGE][PASSED] - Text '73117 Wangen' is not present on page

2018-03-07 14:01:36 - [TEST_STEP][PASSED] - delay: Delayed 2 second(s)

2018-03-07 14:01:38 - [MESSAGE][PASSED] - Delayed 2 second(s)

2018-03-07 14:01:38 - [TEST_STEP][PASSED] - click: Object: 'Object Repository/40_TF/Page_Filialsuche-wangen - BVR HTML/svg_dropdown-icons' is clicked on

2018-03-07 14:01:38 - [MESSAGE][PASSED] - Object: 'Object Repository/40_TF/Page_Filialsuche-wangen - BVR HTML/svg_dropdown-icons' is clicked on

2018-03-07 14:01:38 - [TEST_STEP][PASSED] - delay: Delayed 2 second(s)

2018-03-07 14:01:40 - [MESSAGE][PASSED] - Delayed 2 second(s)

2018-03-07 14:01:40 - [TEST_STEP][PASSED] - mouseOver: Object: 'Object Repository/40_TF/Page_Filialsuche-wangen - BVR HTML/div_Wangen' is hovered

2018-03-07 14:01:40 - [MESSAGE][PASSED] - Object: 'Object Repository/40_TF/Page_Filialsuche-wangen - BVR HTML/div_Wangen' is hovered

2018-03-07 14:01:40 - [TEST_STEP][PASSED] - click: Object: 'Object Repository/40_TF/Page_Filialsuche-wangen - BVR HTML/div_Wangen' is clicked on

2018-03-07 14:01:41 - [MESSAGE][PASSED] - Object: 'Object Repository/40_TF/Page_Filialsuche-wangen - BVR HTML/div_Wangen' is clicked on

2018-03-07 14:01:41 - [TEST_STEP][PASSED] - delay: Delayed 2 second(s)

2018-03-07 14:01:43 - [MESSAGE][PASSED] - Delayed 2 second(s)

2018-03-07 14:01:43 - [TEST_STEP][PASSED] - verifyTextNotPresent: Text '73104 Börtlingen' is not present on page

2018-03-07 14:01:43 - [MESSAGE][PASSED] - Text '73104 Börtlingen' is not present on page

2018-03-07 14:01:43 - [TEST_STEP][PASSED] - verifyTextNotPresent: Text 'Hauptstr. 56' is not present on page

2018-03-07 14:01:44 - [MESSAGE][PASSED] - Text 'Hauptstr. 56' is not present on page

2018-03-07 14:01:44 - [TEST_STEP][PASSED] - verifyTextNotPresent: Text '73098 Rechberghausen' is not present on page

2018-03-07 14:01:45 - [MESSAGE][PASSED] - Text '73098 Rechberghausen' is not present on page

2018-03-07 14:01:45 - [TEST_STEP][PASSED] - verifyTextNotPresent: Text 'Hauptstr. 37' is not present on page

2018-03-07 14:01:46 - [MESSAGE][PASSED] - Text 'Hauptstr. 37' is not present on page

2018-03-07 14:01:46 - [TEST_STEP][PASSED] - verifyTextNotPresent: Text 'Dorfstr. 17 a' is not present on page

2018-03-07 14:01:47 - [MESSAGE][PASSED] - Text 'Dorfstr. 17 a' is not present on page

2018-03-07 14:01:47 - [TEST_STEP][PASSED] - verifyTextNotPresent: Text '73066 Uhingen' is not present on page

2018-03-07 14:01:48 - [MESSAGE][PASSED] - Text '73066 Uhingen' is not present on page

2018-03-07 14:01:48 - [TEST_STEP][PASSED] - verifyTextPresent: Text 'Hauptstr.44' is present on page 

2018-03-07 14:01:49 - [MESSAGE][PASSED] - Text 'Hauptstr.44' is present on page 

2018-03-07 14:01:49 - [TEST_STEP][PASSED] - verifyTextPresent: Text '73117 Wangen' is present on page 

2018-03-07 14:01:49 - [MESSAGE][PASSED] - Text '73117 Wangen' is present on page 

2018-03-07 14:01:49 - [TEST_STEP][PASSED] - closeBrowser: Browser is closed

2018-03-07 14:01:50 - [MESSAGE][PASSED] - Browser is closed]]></system-out>
         <system-err><![CDATA[]]></system-err>
      </testcase>
      <testcase name="Test Cases/Prototyp_Filialsuche (RC 18)/41_TF" classname="Test Cases/Prototyp_Filialsuche (RC 18)/41_TF" status="FAILED">
         <failure type="FAILED" message="Unable to accept alert (Root cause: No alert found)"/>
         <system-out><![CDATA[2018-03-07 14:01:50 - [TEST_CASE][FAILED] - Test Cases/Prototyp_Filialsuche (RC 18)/41_TF: Test Cases/Prototyp_Filialsuche (RC 18)/41_TF FAILED because (of) Unable to accept alert (Root cause: No alert found)

2018-03-07 14:01:50 - [TEST_STEP][PASSED] - openBrowser: Browser is opened with url: ''

2018-03-07 14:01:53 - [MESSAGE][PASSED] - Browser is opened with url: ''

2018-03-07 14:01:53 - [TEST_STEP][PASSED] - deleteAllCookies: Delete all cookies successfully

2018-03-07 14:01:53 - [MESSAGE][PASSED] - Delete all cookies successfully

2018-03-07 14:01:53 - [TEST_STEP][PASSED] - maximizeWindow: Current window maximized

2018-03-07 14:01:53 - [MESSAGE][PASSED] - Current window maximized

2018-03-07 14:01:53 - [TEST_STEP][PASSED] - navigateToUrl: Navigate to 'http://rc-ogrhtmlprototyp.testintern/18-1-0/filialsuche-nuernberg-textinput.html' successfully

2018-03-07 14:01:54 - [MESSAGE][PASSED] - Navigate to 'http://rc-ogrhtmlprototyp.testintern/18-1-0/filialsuche-nuernberg-textinput.html' successfully

2018-03-07 14:01:54 - [TEST_STEP][PASSED] - delay: Delayed 2 second(s)

2018-03-07 14:01:56 - [MESSAGE][PASSED] - Delayed 2 second(s)

2018-03-07 14:01:56 - [TEST_STEP][PASSED] - setText: Text 'Ansbach' is set on object 'Object Repository/Filialsuche_Inputtext'

2018-03-07 14:01:56 - [MESSAGE][PASSED] - Text 'Ansbach' is set on object 'Object Repository/Filialsuche_Inputtext'

2018-03-07 14:01:56 - [TEST_STEP][PASSED] - submit: The form containing object: 'Object Repository/Filialsuche_submit_button' is submitted

2018-03-07 14:01:56 - [MESSAGE][PASSED] - The form containing object: 'Object Repository/Filialsuche_submit_button' is submitted

2018-03-07 14:01:56 - [TEST_STEP][PASSED] - delay: Delayed 2 second(s)

2018-03-07 14:01:58 - [MESSAGE][PASSED] - Delayed 2 second(s)

2018-03-07 14:01:58 - [TEST_STEP][PASSED] - verifyTextPresent: Text 'Martin-Luther-Platz 20' is present on page 

2018-03-07 14:01:59 - [MESSAGE][PASSED] - Text 'Martin-Luther-Platz 20' is present on page 

2018-03-07 14:01:59 - [TEST_STEP][PASSED] - verifyTextPresent: Text 'PSD Bank Nürnberg eG' is present on page 

2018-03-07 14:02:00 - [MESSAGE][PASSED] - Text 'PSD Bank Nürnberg eG' is present on page 

2018-03-07 14:02:00 - [TEST_STEP][FAILED] - acceptAlert: Unable to accept alert (Root cause: No alert found)

2018-03-07 14:02:00 - [MESSAGE][FAILED] - No alert found
[[ATTACHMENT|C:\\Users\\lbut\\Downloads\\Prototyp_28_02\\Prototyp1\\Reports\\Prototyp_Filialsuche (RC 18)\\20180307_134830\\1520427720285.png]]

2018-03-07 14:02:00 - [MESSAGE][FAILED] - Unable to accept alert (Root cause: No alert found)
[[ATTACHMENT|C:\\Users\\lbut\\Downloads\\Prototyp_28_02\\Prototyp1\\Reports\\Prototyp_Filialsuche (RC 18)\\20180307_134830\\1520427720420.png]]]]></system-out>
         <system-err><![CDATA[2018-03-07 14:01:50 - [TEST_CASE][FAILED] - Test Cases/Prototyp_Filialsuche (RC 18)/41_TF: Test Cases/Prototyp_Filialsuche (RC 18)/41_TF FAILED because (of) Unable to accept alert (Root cause: No alert found)]]></system-err>
      </testcase>
      <system-out><![CDATA[2018-03-07 13:48:32 - [TEST_SUITE][ERROR] - Prototyp_Filialsuche (RC 18): Test Cases/Prototyp_Filialsuche (RC 18)/15_Testfall FAILED because (of) java.lang.NumberFormatException: empty String]]></system-out>
      <system-err><![CDATA[2018-03-07 13:48:32 - [TEST_SUITE][ERROR] - Prototyp_Filialsuche (RC 18): Test Cases/Prototyp_Filialsuche (RC 18)/15_Testfall FAILED because (of) java.lang.NumberFormatException: empty String]]></system-err>
   </testsuite>
</testsuites>
