<?xml version="1.0" encoding="UTF-8"?>
<testsuites name="Prototyp_Filialsuche (RC 18)" time="808" tests="37" failures="2" errors="2">
   <testsuite name="Prototyp_Filialsuche (RC 18)" tests="37" failures="2" errors="2" time="808" timestamp="2018-03-07 13:48:32" hostname="lbut - Unitb-Dell22.Werk.UnitB.de" id="Test Suites/Prototyp_Filialsuche (RC 18)">
      <properties>
         <property name="deviceName" value=""/>
         <property name="devicePlatform" value=""/>
         <property name="logFolder" value="C:\\Users\\lbut\\Downloads\\Prototyp_28_02\\Prototyp1\\Reports\\Prototyp_Filialsuche (RC 18)\\20180307_134830"/>
         <property name="logFiles" value="C:\\Users\\lbut\\Downloads\\Prototyp_28_02\\Prototyp1\\Reports\\Prototyp_Filialsuche (RC 18)\\20180307_134830\\execution0.log"/>
         <property name="attachments" value="C:\\Users\\lbut\\Downloads\\Prototyp_28_02\\Prototyp1\\Reports\\Prototyp_Filialsuche (RC 18)\\20180307_134830\\1520427320590.png, C:\\Users\\lbut\\Downloads\\Prototyp_28_02\\Prototyp1\\Reports\\Prototyp_Filialsuche (RC 18)\\20180307_134830\\1520427720285.png, C:\\Users\\lbut\\Downloads\\Prototyp_28_02\\Prototyp1\\Reports\\Prototyp_Filialsuche (RC 18)\\20180307_134830\\1520427720420.png"/>
         <property name="hostName" value="lbut - Unitb-Dell22.Werk.UnitB.de"/>
         <property name="os" value="Windows 7 64bit"/>
         <property name="katalonVersion" value="5.3.0.1"/>
         <property name="browser" value="Firefox 58.0"/>
         <property name="hostAddress" value="192.168.134.63"/>
         <property name="sessionId" value="840d7078-82e3-4431-9054-d90e15402666"/>
         <property name="seleniumVersion" value="3.7.1"/>
         <property name="proxyInformation" value="ProxyInformation{proxyOption=NO_PROXY, proxyServerType=HTTP, password=, proxyServerAddress=, proxyServerPort=0}"/>
         <property name="platform" value="Windows 7"/>
      </properties>
      <testcase name="Test Cases/Prototyp_Filialsuche (RC 18)/01_Testfall" classname="Test Cases/Prototyp_Filialsuche (RC 18)/01_Testfall" status="PASSED">
         <system-out><![CDATA[2018-03-07 13:48:33 - [TEST_CASE][PASSED] - Test Cases/Prototyp_Filialsuche (RC 18)/01_Testfall: Test Cases/Prototyp_Filialsuche (RC 18)/01_Testfall

2018-03-07 13:48:33 - [TEST_STEP][PASSED] - openBrowser: Browser is opened with url: ''

2018-03-07 13:48:43 - [MESSAGE][PASSED] - Browser is opened with url: ''

2018-03-07 13:48:43 - [TEST_STEP][PASSED] - deleteAllCookies: Delete all cookies successfully

2018-03-07 13:48:43 - [MESSAGE][PASSED] - Delete all cookies successfully

2018-03-07 13:48:43 - [TEST_STEP][PASSED] - maximizeWindow: Current window maximized

2018-03-07 13:48:43 - [MESSAGE][PASSED] - Current window maximized

2018-03-07 13:48:43 - [TEST_STEP][PASSED] - navigateToUrl: Navigate to 'http://rc-ogrhtmlprototyp.testintern/18-1-0/filialsuche.html' successfully

2018-03-07 13:48:46 - [MESSAGE][PASSED] - Navigate to 'http://rc-ogrhtmlprototyp.testintern/18-1-0/filialsuche.html' successfully

2018-03-07 13:48:46 - [TEST_STEP][PASSED] - delay: Delayed 5 second(s)

2018-03-07 13:48:51 - [MESSAGE][PASSED] - Delayed 5 second(s)

2018-03-07 13:48:51 - [TEST_STEP][PASSED] - Statement - wes = com.kms.katalon.core.webui.common.WebUiCommonHelper.findWebElements(com.kms.katalon.core.testobject.ObjectRepository.findTestObject(filial_map), 5): Found 61 web elements with id: 'Object Repository/filial_map' located by 'By.xpath: //div[@class='aps-map__custom-marker']' in '5' second(s)

2018-03-07 13:48:51 - [TEST_STEP][PASSED] - Statement - For ([i = 0, i < wes.size(), (i++)]): null

2018-03-07 13:48:51 - [TEST_STEP][PASSED] - Statement - el = wes.get(i): null

2018-03-07 13:48:51 - [TEST_STEP][PASSED] - Statement - If (!(el.isDisplayed())): null

2018-03-07 13:48:51 - [TEST_STEP][PASSED] - Statement - el = wes.get(i): null

2018-03-07 13:48:51 - [TEST_STEP][PASSED] - Statement - If (!(el.isDisplayed())): null

2018-03-07 13:48:51 - [TEST_STEP][PASSED] - Statement - el = wes.get(i): null

2018-03-07 13:48:51 - [TEST_STEP][PASSED] - Statement - If (!(el.isDisplayed())): null

2018-03-07 13:48:51 - [TEST_STEP][PASSED] - Statement - el = wes.get(i): null

2018-03-07 13:48:51 - [TEST_STEP][PASSED] - Statement - If (!(el.isDisplayed())): null

2018-03-07 13:48:51 - [TEST_STEP][PASSED] - Statement - el = wes.get(i): null

2018-03-07 13:48:51 - [TEST_STEP][PASSED] - Statement - If (!(el.isDisplayed())): null

2018-03-07 13:48:51 - [TEST_STEP][PASSED] - Statement - el = wes.get(i): null

2018-03-07 13:48:51 - [TEST_STEP][PASSED] - Statement - If (!(el.isDisplayed())): null

2018-03-07 13:48:52 - [TEST_STEP][PASSED] - Statement - el = wes.get(i): null

2018-03-07 13:48:52 - [TEST_STEP][PASSED] - Statement - If (!(el.isDisplayed())): null

2018-03-07 13:48:52 - [TEST_STEP][PASSED] - Statement - el = wes.get(i): null

2018-03-07 13:48:52 - [TEST_STEP][PASSED] - Statement - If (!(el.isDisplayed())): null

2018-03-07 13:48:52 - [TEST_STEP][PASSED] - Statement - el = wes.get(i): null

2018-03-07 13:48:52 - [TEST_STEP][PASSED] - Statement - If (!(el.isDisplayed())): null

2018-03-07 13:48:52 - [TEST_STEP][PASSED] - Statement - el = wes.get(i): null

2018-03-07 13:48:52 - [TEST_STEP][PASSED] - Statement - If (!(el.isDisplayed())): null

2018-03-07 13:48:52 - [TEST_STEP][PASSED] - Statement - el = wes.get(i): null

2018-03-07 13:48:52 - [TEST_STEP][PASSED] - Statement - If (!(el.isDisplayed())): null

2018-03-07 13:48:52 - [TEST_STEP][PASSED] - Statement - el = wes.get(i): null

2018-03-07 13:48:52 - [TEST_STEP][PASSED] - Statement - If (!(el.isDisplayed())): null

2018-03-07 13:48:52 - [TEST_STEP][PASSED] - Statement - el = wes.get(i): null

2018-03-07 13:48:52 - [TEST_STEP][PASSED] - Statement - If (!(el.isDisplayed())): null

2018-03-07 13:48:52 - [TEST_STEP][PASSED] - Statement - el = wes.get(i): null

2018-03-07 13:48:52 - [TEST_STEP][PASSED] - Statement - If (!(el.isDisplayed())): null

2018-03-07 13:48:52 - [TEST_STEP][PASSED] - Statement - el = wes.get(i): null

2018-03-07 13:48:52 - [TEST_STEP][PASSED] - Statement - If (!(el.isDisplayed())): null

2018-03-07 13:48:52 - [TEST_STEP][PASSED] - Statement - el = wes.get(i): null

2018-03-07 13:48:52 - [TEST_STEP][PASSED] - Statement - If (!(el.isDisplayed())): null

2018-03-07 13:48:52 - [TEST_STEP][PASSED] - Statement - el = wes.get(i): null

2018-03-07 13:48:52 - [TEST_STEP][PASSED] - Statement - If (!(el.isDisplayed())): null

2018-03-07 13:48:52 - [TEST_STEP][PASSED] - Statement - el = wes.get(i): null

2018-03-07 13:48:52 - [TEST_STEP][PASSED] - Statement - If (!(el.isDisplayed())): null

2018-03-07 13:48:52 - [TEST_STEP][PASSED] - Statement - el = wes.get(i): null

2018-03-07 13:48:52 - [TEST_STEP][PASSED] - Statement - If (!(el.isDisplayed())): null

2018-03-07 13:48:52 - [TEST_STEP][PASSED] - Statement - el = wes.get(i): null

2018-03-07 13:48:52 - [TEST_STEP][PASSED] - Statement - If (!(el.isDisplayed())): null

2018-03-07 13:48:52 - [TEST_STEP][PASSED] - Statement - el = wes.get(i): null

2018-03-07 13:48:52 - [TEST_STEP][PASSED] - Statement - If (!(el.isDisplayed())): null

2018-03-07 13:48:52 - [TEST_STEP][PASSED] - Statement - el = wes.get(i): null

2018-03-07 13:48:52 - [TEST_STEP][PASSED] - Statement - If (!(el.isDisplayed())): null

2018-03-07 13:48:52 - [TEST_STEP][PASSED] - Statement - el = wes.get(i): null

2018-03-07 13:48:52 - [TEST_STEP][PASSED] - Statement - If (!(el.isDisplayed())): null

2018-03-07 13:48:52 - [TEST_STEP][PASSED] - Statement - el = wes.get(i): null

2018-03-07 13:48:52 - [TEST_STEP][PASSED] - Statement - If (!(el.isDisplayed())): null

2018-03-07 13:48:52 - [TEST_STEP][PASSED] - Statement - el = wes.get(i): null

2018-03-07 13:48:52 - [TEST_STEP][PASSED] - Statement - If (!(el.isDisplayed())): null

2018-03-07 13:48:52 - [TEST_STEP][PASSED] - Statement - el = wes.get(i): null

2018-03-07 13:48:52 - [TEST_STEP][PASSED] - Statement - If (!(el.isDisplayed())): null

2018-03-07 13:48:52 - [TEST_STEP][PASSED] - Statement - el = wes.get(i): null

2018-03-07 13:48:52 - [TEST_STEP][PASSED] - Statement - If (!(el.isDisplayed())): null

2018-03-07 13:48:52 - [TEST_STEP][PASSED] - Statement - el = wes.get(i): null

2018-03-07 13:48:52 - [TEST_STEP][PASSED] - Statement - If (!(el.isDisplayed())): null

2018-03-07 13:48:52 - [TEST_STEP][PASSED] - Statement - el = wes.get(i): null

2018-03-07 13:48:52 - [TEST_STEP][PASSED] - Statement - If (!(el.isDisplayed())): null

2018-03-07 13:48:52 - [TEST_STEP][PASSED] - Statement - el = wes.get(i): null

2018-03-07 13:48:52 - [TEST_STEP][PASSED] - Statement - If (!(el.isDisplayed())): null

2018-03-07 13:48:52 - [TEST_STEP][PASSED] - Statement - el = wes.get(i): null

2018-03-07 13:48:52 - [TEST_STEP][PASSED] - Statement - If (!(el.isDisplayed())): null

2018-03-07 13:48:52 - [TEST_STEP][PASSED] - Statement - el = wes.get(i): null

2018-03-07 13:48:52 - [TEST_STEP][PASSED] - Statement - If (!(el.isDisplayed())): null

2018-03-07 13:48:53 - [TEST_STEP][PASSED] - Statement - el = wes.get(i): null

2018-03-07 13:48:53 - [TEST_STEP][PASSED] - Statement - If (!(el.isDisplayed())): null

2018-03-07 13:48:53 - [TEST_STEP][PASSED] - Statement - el = wes.get(i): null

2018-03-07 13:48:53 - [TEST_STEP][PASSED] - Statement - If (!(el.isDisplayed())): null

2018-03-07 13:48:53 - [TEST_STEP][PASSED] - Statement - el = wes.get(i): null

2018-03-07 13:48:53 - [TEST_STEP][PASSED] - Statement - If (!(el.isDisplayed())): null

2018-03-07 13:48:53 - [TEST_STEP][PASSED] - Statement - el = wes.get(i): null

2018-03-07 13:48:53 - [TEST_STEP][PASSED] - Statement - If (!(el.isDisplayed())): null

2018-03-07 13:48:53 - [TEST_STEP][PASSED] - Statement - el = wes.get(i): null

2018-03-07 13:48:53 - [TEST_STEP][PASSED] - Statement - If (!(el.isDisplayed())): null

2018-03-07 13:48:53 - [TEST_STEP][PASSED] - Statement - el = wes.get(i): null

2018-03-07 13:48:53 - [TEST_STEP][PASSED] - Statement - If (!(el.isDisplayed())): null

2018-03-07 13:48:53 - [TEST_STEP][PASSED] - Statement - el = wes.get(i): null

2018-03-07 13:48:53 - [TEST_STEP][PASSED] - Statement - If (!(el.isDisplayed())): null

2018-03-07 13:48:53 - [TEST_STEP][PASSED] - Statement - el = wes.get(i): null

2018-03-07 13:48:53 - [TEST_STEP][PASSED] - Statement - If (!(el.isDisplayed())): null

2018-03-07 13:48:53 - [TEST_STEP][PASSED] - Statement - el = wes.get(i): null

2018-03-07 13:48:53 - [TEST_STEP][PASSED] - Statement - If (!(el.isDisplayed())): null

2018-03-07 13:48:53 - [TEST_STEP][PASSED] - Statement - el = wes.get(i): null

2018-03-07 13:48:53 - [TEST_STEP][PASSED] - Statement - If (!(el.isDisplayed())): null

2018-03-07 13:48:53 - [TEST_STEP][PASSED] - Statement - el = wes.get(i): null

2018-03-07 13:48:53 - [TEST_STEP][PASSED] - Statement - If (!(el.isDisplayed())): null

2018-03-07 13:48:53 - [TEST_STEP][PASSED] - Statement - el = wes.get(i): null

2018-03-07 13:48:53 - [TEST_STEP][PASSED] - Statement - If (!(el.isDisplayed())): null

2018-03-07 13:48:53 - [TEST_STEP][PASSED] - Statement - el = wes.get(i): null

2018-03-07 13:48:53 - [TEST_STEP][PASSED] - Statement - If (!(el.isDisplayed())): null

2018-03-07 13:48:53 - [TEST_STEP][PASSED] - Statement - el = wes.get(i): null

2018-03-07 13:48:54 - [TEST_STEP][PASSED] - Statement - If (!(el.isDisplayed())): null

2018-03-07 13:48:54 - [TEST_STEP][PASSED] - Statement - el = wes.get(i): null

2018-03-07 13:48:54 - [TEST_STEP][PASSED] - Statement - If (!(el.isDisplayed())): null

2018-03-07 13:48:54 - [TEST_STEP][PASSED] - Statement - el = wes.get(i): null

2018-03-07 13:48:54 - [TEST_STEP][PASSED] - Statement - If (!(el.isDisplayed())): null

2018-03-07 13:48:54 - [TEST_STEP][PASSED] - Statement - el = wes.get(i): null

2018-03-07 13:48:54 - [TEST_STEP][PASSED] - Statement - If (!(el.isDisplayed())): null

2018-03-07 13:48:54 - [TEST_STEP][PASSED] - Statement - el = wes.get(i): null

2018-03-07 13:48:54 - [TEST_STEP][PASSED] - Statement - If (!(el.isDisplayed())): null

2018-03-07 13:48:54 - [TEST_STEP][PASSED] - Statement - el = wes.get(i): null

2018-03-07 13:48:54 - [TEST_STEP][PASSED] - Statement - If (!(el.isDisplayed())): null

2018-03-07 13:48:54 - [TEST_STEP][PASSED] - Statement - el = wes.get(i): null

2018-03-07 13:48:54 - [TEST_STEP][PASSED] - Statement - If (!(el.isDisplayed())): null

2018-03-07 13:48:54 - [TEST_STEP][PASSED] - Statement - el = wes.get(i): null

2018-03-07 13:48:54 - [TEST_STEP][PASSED] - Statement - If (!(el.isDisplayed())): null

2018-03-07 13:48:54 - [TEST_STEP][PASSED] - Statement - el = wes.get(i): null

2018-03-07 13:48:54 - [TEST_STEP][PASSED] - Statement - If (!(el.isDisplayed())): null

2018-03-07 13:48:54 - [TEST_STEP][PASSED] - Statement - el = wes.get(i): null

2018-03-07 13:48:54 - [TEST_STEP][PASSED] - Statement - If (!(el.isDisplayed())): null

2018-03-07 13:48:54 - [TEST_STEP][PASSED] - Statement - el = wes.get(i): null

2018-03-07 13:48:54 - [TEST_STEP][PASSED] - Statement - If (!(el.isDisplayed())): null

2018-03-07 13:48:54 - [TEST_STEP][PASSED] - Statement - el = wes.get(i): null

2018-03-07 13:48:54 - [TEST_STEP][PASSED] - Statement - If (!(el.isDisplayed())): null

2018-03-07 13:48:54 - [TEST_STEP][PASSED] - Statement - el = wes.get(i): null

2018-03-07 13:48:54 - [TEST_STEP][PASSED] - Statement - If (!(el.isDisplayed())): null

2018-03-07 13:48:54 - [TEST_STEP][PASSED] - Statement - el = wes.get(i): null

2018-03-07 13:48:54 - [TEST_STEP][PASSED] - Statement - If (!(el.isDisplayed())): null

2018-03-07 13:48:54 - [TEST_STEP][PASSED] - Statement - el = wes.get(i): null

2018-03-07 13:48:54 - [TEST_STEP][PASSED] - Statement - If (!(el.isDisplayed())): null

2018-03-07 13:48:54 - [TEST_STEP][PASSED] - Statement - el = wes.get(i): null

2018-03-07 13:48:54 - [TEST_STEP][PASSED] - Statement - If (!(el.isDisplayed())): null

2018-03-07 13:48:54 - [TEST_STEP][PASSED] - closeBrowser: Browser is closed

2018-03-07 13:48:54 - [MESSAGE][PASSED] - Browser is closed]]></system-out>
         <system-err><![CDATA[]]></system-err>
      </testcase>
      <testcase name="Test Cases/Prototyp_Filialsuche (RC 18)/02_Testfall" classname="Test Cases/Prototyp_Filialsuche (RC 18)/02_Testfall" status="PASSED">
         <system-out><![CDATA[2018-03-07 13:48:54 - [TEST_CASE][PASSED] - Test Cases/Prototyp_Filialsuche (RC 18)/02_Testfall: Test Cases/Prototyp_Filialsuche (RC 18)/02_Testfall

2018-03-07 13:48:55 - [TEST_STEP][PASSED] - openBrowser: Browser is opened with url: ''

2018-03-07 13:48:58 - [MESSAGE][PASSED] - Browser is opened with url: ''

2018-03-07 13:48:58 - [TEST_STEP][PASSED] - deleteAllCookies: Delete all cookies successfully

2018-03-07 13:48:58 - [MESSAGE][PASSED] - Delete all cookies successfully

2018-03-07 13:48:58 - [TEST_STEP][PASSED] - maximizeWindow: Current window maximized

2018-03-07 13:48:58 - [MESSAGE][PASSED] - Current window maximized

2018-03-07 13:48:58 - [TEST_STEP][PASSED] - navigateToUrl: Navigate to 'http://rc-ogrhtmlprototyp.testintern/18-1-0/filialsuche-wangen.html' successfully

2018-03-07 13:49:00 - [MESSAGE][PASSED] - Navigate to 'http://rc-ogrhtmlprototyp.testintern/18-1-0/filialsuche-wangen.html' successfully

2018-03-07 13:49:00 - [TEST_STEP][PASSED] - delay: Delayed 5 second(s)

2018-03-07 13:49:05 - [MESSAGE][PASSED] - Delayed 5 second(s)

2018-03-07 13:49:05 - [TEST_STEP][PASSED] - Statement - wes = com.kms.katalon.core.webui.common.WebUiCommonHelper.findWebElements(com.kms.katalon.core.testobject.ObjectRepository.findTestObject(filial_map), 5): Found 4 web elements with id: 'Object Repository/filial_map' located by 'By.xpath: //div[@class='aps-map__custom-marker']' in '5' second(s)

2018-03-07 13:49:05 - [TEST_STEP][PASSED] - Statement - For ([i = 0, i < wes.size(), (i++)]): null

2018-03-07 13:49:05 - [TEST_STEP][PASSED] - Statement - el = wes.get(i): null

2018-03-07 13:49:05 - [TEST_STEP][PASSED] - Statement - If (!(el.isDisplayed())): null

2018-03-07 13:49:05 - [TEST_STEP][PASSED] - Statement - el = wes.get(i): null

2018-03-07 13:49:05 - [TEST_STEP][PASSED] - Statement - If (!(el.isDisplayed())): null

2018-03-07 13:49:05 - [TEST_STEP][PASSED] - Statement - el = wes.get(i): null

2018-03-07 13:49:05 - [TEST_STEP][PASSED] - Statement - If (!(el.isDisplayed())): null

2018-03-07 13:49:05 - [TEST_STEP][PASSED] - Statement - el = wes.get(i): null

2018-03-07 13:49:05 - [TEST_STEP][PASSED] - Statement - If (!(el.isDisplayed())): null

2018-03-07 13:49:05 - [TEST_STEP][PASSED] - closeBrowser: Browser is closed

2018-03-07 13:49:05 - [MESSAGE][PASSED] - Browser is closed]]></system-out>
         <system-err><![CDATA[]]></system-err>
      </testcase>
      <testcase name="Test Cases/Prototyp_Filialsuche (RC 18)/03_Testfall" classname="Test Cases/Prototyp_Filialsuche (RC 18)/03_Testfall" status="PASSED">
         <system-out><![CDATA[2018-03-07 13:49:06 - [TEST_CASE][PASSED] - Test Cases/Prototyp_Filialsuche (RC 18)/03_Testfall: Test Cases/Prototyp_Filialsuche (RC 18)/03_Testfall

2018-03-07 13:49:06 - [TEST_STEP][PASSED] - openBrowser: Browser is opened with url: ''

2018-03-07 13:49:08 - [MESSAGE][PASSED] - Browser is opened with url: ''

2018-03-07 13:49:08 - [TEST_STEP][PASSED] - deleteAllCookies: Delete all cookies successfully

2018-03-07 13:49:08 - [MESSAGE][PASSED] - Delete all cookies successfully

2018-03-07 13:49:08 - [TEST_STEP][PASSED] - maximizeWindow: Current window maximized

2018-03-07 13:49:08 - [MESSAGE][PASSED] - Current window maximized

2018-03-07 13:49:08 - [TEST_STEP][PASSED] - navigateToUrl: Navigate to 'http://rc-ogrhtmlprototyp.testintern/18-1-0/filialsuche-rotenburg.html' successfully

2018-03-07 13:49:11 - [MESSAGE][PASSED] - Navigate to 'http://rc-ogrhtmlprototyp.testintern/18-1-0/filialsuche-rotenburg.html' successfully

2018-03-07 13:49:11 - [TEST_STEP][PASSED] - delay: Delayed 5 second(s)

2018-03-07 13:49:16 - [MESSAGE][PASSED] - Delayed 5 second(s)

2018-03-07 13:49:16 - [TEST_STEP][PASSED] - Statement - wes = com.kms.katalon.core.webui.common.WebUiCommonHelper.findWebElements(com.kms.katalon.core.testobject.ObjectRepository.findTestObject(filial_map), 5): Found 19 web elements with id: 'Object Repository/filial_map' located by 'By.xpath: //div[@class='aps-map__custom-marker']' in '5' second(s)

2018-03-07 13:49:17 - [TEST_STEP][PASSED] - Statement - For ([i = 0, i < wes.size(), (i++)]): null

2018-03-07 13:49:17 - [TEST_STEP][PASSED] - Statement - el = wes.get(i): null

2018-03-07 13:49:17 - [TEST_STEP][PASSED] - Statement - If (!(el.isDisplayed())): null

2018-03-07 13:49:17 - [TEST_STEP][PASSED] - Statement - el = wes.get(i): null

2018-03-07 13:49:17 - [TEST_STEP][PASSED] - Statement - If (!(el.isDisplayed())): null

2018-03-07 13:49:17 - [TEST_STEP][PASSED] - Statement - el = wes.get(i): null

2018-03-07 13:49:17 - [TEST_STEP][PASSED] - Statement - If (!(el.isDisplayed())): null

2018-03-07 13:49:17 - [TEST_STEP][PASSED] - Statement - el = wes.get(i): null

2018-03-07 13:49:17 - [TEST_STEP][PASSED] - Statement - If (!(el.isDisplayed())): null

2018-03-07 13:49:17 - [TEST_STEP][PASSED] - Statement - el = wes.get(i): null

2018-03-07 13:49:17 - [TEST_STEP][PASSED] - Statement - If (!(el.isDisplayed())): null

2018-03-07 13:49:17 - [TEST_STEP][PASSED] - Statement - el = wes.get(i): null

2018-03-07 13:49:17 - [TEST_STEP][PASSED] - Statement - If (!(el.isDisplayed())): null

2018-03-07 13:49:17 - [TEST_STEP][PASSED] - Statement - el = wes.get(i): null

2018-03-07 13:49:17 - [TEST_STEP][PASSED] - Statement - If (!(el.isDisplayed())): null

2018-03-07 13:49:17 - [TEST_STEP][PASSED] - Statement - el = wes.get(i): null

2018-03-07 13:49:17 - [TEST_STEP][PASSED] - Statement - If (!(el.isDisplayed())): null

2018-03-07 13:49:17 - [TEST_STEP][PASSED] - Statement - el = wes.get(i): null

2018-03-07 13:49:17 - [TEST_STEP][PASSED] - Statement - If (!(el.isDisplayed())): null

2018-03-07 13:49:17 - [TEST_STEP][PASSED] - Statement - el = wes.get(i): null

2018-03-07 13:49:17 - [TEST_STEP][PASSED] - Statement - If (!(el.isDisplayed())): null

2018-03-07 13:49:17 - [TEST_STEP][PASSED] - Statement - el = wes.get(i): null

2018-03-07 13:49:17 - [TEST_STEP][PASSED] - Statement - If (!(el.isDisplayed())): null

2018-03-07 13:49:17 - [TEST_STEP][PASSED] - Statement - el = wes.get(i): null

2018-03-07 13:49:17 - [TEST_STEP][PASSED] - Statement - If (!(el.isDisplayed())): null

2018-03-07 13:49:17 - [TEST_STEP][PASSED] - Statement - el = wes.get(i): null

2018-03-07 13:49:17 - [TEST_STEP][PASSED] - Statement - If (!(el.isDisplayed())): null

2018-03-07 13:49:17 - [TEST_STEP][PASSED] - Statement - el = wes.get(i): null

2018-03-07 13:49:17 - [TEST_STEP][PASSED] - Statement - If (!(el.isDisplayed())): null

2018-03-07 13:49:17 - [TEST_STEP][PASSED] - Statement - el = wes.get(i): null

2018-03-07 13:49:17 - [TEST_STEP][PASSED] - Statement - If (!(el.isDisplayed())): null

2018-03-07 13:49:17 - [TEST_STEP][PASSED] - Statement - el = wes.get(i): null

2018-03-07 13:49:17 - [TEST_STEP][PASSED] - Statement - If (!(el.isDisplayed())): null

2018-03-07 13:49:17 - [TEST_STEP][PASSED] - Statement - el = wes.get(i): null

2018-03-07 13:49:17 - [TEST_STEP][PASSED] - Statement - If (!(el.isDisplayed())): null

2018-03-07 13:49:17 - [TEST_STEP][PASSED] - Statement - el = wes.get(i): null

2018-03-07 13:49:17 - [TEST_STEP][PASSED] - Statement - If (!(el.isDisplayed())): null

2018-03-07 13:49:17 - [TEST_STEP][PASSED] - Statement - el = wes.get(i): null

2018-03-07 13:49:17 - [TEST_STEP][PASSED] - Statement - If (!(el.isDisplayed())): null

2018-03-07 13:49:17 - [TEST_STEP][PASSED] - closeBrowser: Browser is closed

2018-03-07 13:49:17 - [MESSAGE][PASSED] - Browser is closed]]></system-out>
         <system-err><![CDATA[]]></system-err>
      </testcase>
      <testcase name="Test Cases/Prototyp_Filialsuche (RC 18)/04_Testfall" classname="Test Cases/Prototyp_Filialsuche (RC 18)/04_Testfall" status="PASSED">
         <system-out><![CDATA[2018-03-07 13:49:17 - [TEST_CASE][PASSED] - Test Cases/Prototyp_Filialsuche (RC 18)/04_Testfall: Test Cases/Prototyp_Filialsuche (RC 18)/04_Testfall

2018-03-07 13:49:17 - [TEST_STEP][PASSED] - openBrowser: Browser is opened with url: ''

2018-03-07 13:49:20 - [MESSAGE][PASSED] - Browser is opened with url: ''

2018-03-07 13:49:20 - [TEST_STEP][PASSED] - deleteAllCookies: Delete all cookies successfully

2018-03-07 13:49:20 - [MESSAGE][PASSED] - Delete all cookies successfully

2018-03-07 13:49:20 - [TEST_STEP][PASSED] - maximizeWindow: Current window maximized

2018-03-07 13:49:20 - [MESSAGE][PASSED] - Current window maximized

2018-03-07 13:49:20 - [TEST_STEP][PASSED] - navigateToUrl: Navigate to 'http://rc-ogrhtmlprototyp.testintern/18-1-0/filialsuche-nuernberg.html' successfully

2018-03-07 13:49:22 - [MESSAGE][PASSED] - Navigate to 'http://rc-ogrhtmlprototyp.testintern/18-1-0/filialsuche-nuernberg.html' successfully

2018-03-07 13:49:22 - [TEST_STEP][PASSED] - delay: Delayed 5 second(s)

2018-03-07 13:49:27 - [MESSAGE][PASSED] - Delayed 5 second(s)

2018-03-07 13:49:27 - [TEST_STEP][PASSED] - Statement - wes = com.kms.katalon.core.webui.common.WebUiCommonHelper.findWebElements(com.kms.katalon.core.testobject.ObjectRepository.findTestObject(filial_map), 5): Found 10 web elements with id: 'Object Repository/filial_map' located by 'By.xpath: //div[@class='aps-map__custom-marker']' in '5' second(s)

2018-03-07 13:49:27 - [TEST_STEP][PASSED] - Statement - For ([i = 0, i < wes.size(), (i++)]): null

2018-03-07 13:49:27 - [TEST_STEP][PASSED] - Statement - el = wes.get(i): null

2018-03-07 13:49:27 - [TEST_STEP][PASSED] - Statement - If (!(el.isDisplayed())): null

2018-03-07 13:49:27 - [TEST_STEP][PASSED] - Statement - el = wes.get(i): null

2018-03-07 13:49:27 - [TEST_STEP][PASSED] - Statement - If (!(el.isDisplayed())): null

2018-03-07 13:49:27 - [TEST_STEP][PASSED] - Statement - el = wes.get(i): null

2018-03-07 13:49:27 - [TEST_STEP][PASSED] - Statement - If (!(el.isDisplayed())): null

2018-03-07 13:49:27 - [TEST_STEP][PASSED] - Statement - el = wes.get(i): null

2018-03-07 13:49:27 - [TEST_STEP][PASSED] - Statement - If (!(el.isDisplayed())): null

2018-03-07 13:49:27 - [TEST_STEP][PASSED] - Statement - el = wes.get(i): null

2018-03-07 13:49:27 - [TEST_STEP][PASSED] - Statement - If (!(el.isDisplayed())): null

2018-03-07 13:49:27 - [TEST_STEP][PASSED] - Statement - el = wes.get(i): null

2018-03-07 13:49:27 - [TEST_STEP][PASSED] - Statement - If (!(el.isDisplayed())): null

2018-03-07 13:49:27 - [TEST_STEP][PASSED] - Statement - el = wes.get(i): null

2018-03-07 13:49:27 - [TEST_STEP][PASSED] - Statement - If (!(el.isDisplayed())): null

2018-03-07 13:49:27 - [TEST_STEP][PASSED] - Statement - el = wes.get(i): null

2018-03-07 13:49:27 - [TEST_STEP][PASSED] - Statement - If (!(el.isDisplayed())): null

2018-03-07 13:49:27 - [TEST_STEP][PASSED] - Statement - el = wes.get(i): null

2018-03-07 13:49:27 - [TEST_STEP][PASSED] - Statement - If (!(el.isDisplayed())): null

2018-03-07 13:49:27 - [TEST_STEP][PASSED] - Statement - el = wes.get(i): null

2018-03-07 13:49:27 - [TEST_STEP][PASSED] - Statement - If (!(el.isDisplayed())): null

2018-03-07 13:49:27 - [TEST_STEP][PASSED] - closeBrowser: Browser is closed

2018-03-07 13:49:27 - [MESSAGE][PASSED] - Browser is closed]]></system-out>
         <system-err><![CDATA[]]></system-err>
      </testcase>
      <testcase name="Test Cases/Prototyp_Filialsuche (RC 18)/05_Testfall" classname="Test Cases/Prototyp_Filialsuche (RC 18)/05_Testfall" status="PASSED">
         <system-out><![CDATA[2018-03-07 13:49:27 - [TEST_CASE][PASSED] - Test Cases/Prototyp_Filialsuche (RC 18)/05_Testfall: Test Cases/Prototyp_Filialsuche (RC 18)/05_Testfall

2018-03-07 13:49:27 - [TEST_STEP][PASSED] - openBrowser: Browser is opened with url: ''

2018-03-07 13:49:30 - [MESSAGE][PASSED] - Browser is opened with url: ''

2018-03-07 13:49:30 - [TEST_STEP][PASSED] - maximizeWindow: Current window maximized

2018-03-07 13:49:30 - [MESSAGE][PASSED] - Current window maximized

2018-03-07 13:49:30 - [TEST_STEP][PASSED] - deleteAllCookies: Delete all cookies successfully

2018-03-07 13:49:30 - [MESSAGE][PASSED] - Delete all cookies successfully

2018-03-07 13:49:30 - [TEST_STEP][PASSED] - navigateToUrl: Navigate to 'http://rc-ogrhtmlprototyp.testintern/18-1-0/filialsuche.html' successfully

2018-03-07 13:49:31 - [MESSAGE][PASSED] - Navigate to 'http://rc-ogrhtmlprototyp.testintern/18-1-0/filialsuche.html' successfully

2018-03-07 13:49:31 - [TEST_STEP][PASSED] - delay: Delayed 5 second(s)

2018-03-07 13:49:36 - [MESSAGE][PASSED] - Delayed 5 second(s)

2018-03-07 13:49:36 - [TEST_STEP][PASSED] - verifyElementNotPresent: Web element with id: 'Object Repository/Akkordeon_plus_filialsuche' located by 'By.xpath: //a[@class='acc-header acc-header--open']' is not present after '5' second(s)

2018-03-07 13:49:37 - [MESSAGE][PASSED] - Web element with id: 'Object Repository/Akkordeon_plus_filialsuche' located by 'By.xpath: //a[@class='acc-header acc-header--open']' is not present after '5' second(s)

2018-03-07 13:49:37 - [TEST_STEP][PASSED] - closeBrowser: Browser is closed

2018-03-07 13:49:37 - [MESSAGE][PASSED] - Browser is closed]]></system-out>
         <system-err><![CDATA[]]></system-err>
      </testcase>
      <testcase name="Test Cases/Prototyp_Filialsuche (RC 18)/06_Testfall" classname="Test Cases/Prototyp_Filialsuche (RC 18)/06_Testfall" status="PASSED">
         <system-out><![CDATA[2018-03-07 13:49:37 - [TEST_CASE][PASSED] - Test Cases/Prototyp_Filialsuche (RC 18)/06_Testfall: Test Cases/Prototyp_Filialsuche (RC 18)/06_Testfall

2018-03-07 13:49:37 - [TEST_STEP][PASSED] - openBrowser: Browser is opened with url: ''

2018-03-07 13:49:40 - [MESSAGE][PASSED] - Browser is opened with url: ''

2018-03-07 13:49:40 - [TEST_STEP][PASSED] - maximizeWindow: Current window maximized

2018-03-07 13:49:40 - [MESSAGE][PASSED] - Current window maximized

2018-03-07 13:49:40 - [TEST_STEP][PASSED] - deleteAllCookies: Delete all cookies successfully

2018-03-07 13:49:40 - [MESSAGE][PASSED] - Delete all cookies successfully

2018-03-07 13:49:40 - [TEST_STEP][PASSED] - navigateToUrl: Navigate to 'http://rc-ogrhtmlprototyp.testintern/18-1-0/filialsuche-wangen.html' successfully

2018-03-07 13:49:41 - [MESSAGE][PASSED] - Navigate to 'http://rc-ogrhtmlprototyp.testintern/18-1-0/filialsuche-wangen.html' successfully

2018-03-07 13:49:41 - [TEST_STEP][PASSED] - delay: Delayed 5 second(s)

2018-03-07 13:49:46 - [MESSAGE][PASSED] - Delayed 5 second(s)

2018-03-07 13:49:46 - [TEST_STEP][PASSED] - verifyElementNotPresent: Web element with id: 'Object Repository/Akkordeon_plus_filialsuche' located by 'By.xpath: //a[@class='acc-header acc-header--open']' is not present after '5' second(s)

2018-03-07 13:49:46 - [MESSAGE][PASSED] - Web element with id: 'Object Repository/Akkordeon_plus_filialsuche' located by 'By.xpath: //a[@class='acc-header acc-header--open']' is not present after '5' second(s)

2018-03-07 13:49:46 - [TEST_STEP][PASSED] - closeBrowser: Browser is closed

2018-03-07 13:49:47 - [MESSAGE][PASSED] - Browser is closed]]></system-out>
         <system-err><![CDATA[]]></system-err>
      </testcase>
      <testcase name="Test Cases/Prototyp_Filialsuche (RC 18)/07_Testfall" classname="Test Cases/Prototyp_Filialsuche (RC 18)/07_Testfall" status="PASSED">
         <system-out><![CDATA[2018-03-07 13:49:47 - [TEST_CASE][PASSED] - Test Cases/Prototyp_Filialsuche (RC 18)/07_Testfall: Test Cases/Prototyp_Filialsuche (RC 18)/07_Testfall

2018-03-07 13:49:47 - [TEST_STEP][PASSED] - openBrowser: Browser is opened with url: ''

2018-03-07 13:49:50 - [MESSAGE][PASSED] - Browser is opened with url: ''

2018-03-07 13:49:50 - [TEST_STEP][PASSED] - maximizeWindow: Current window maximized

2018-03-07 13:49:50 - [MESSAGE][PASSED] - Current window maximized

2018-03-07 13:49:50 - [TEST_STEP][PASSED] - deleteAllCookies: Delete all cookies successfully

2018-03-07 13:49:50 - [MESSAGE][PASSED] - Delete all cookies successfully

2018-03-07 13:49:50 - [TEST_STEP][PASSED] - navigateToUrl: Navigate to 'http://rc-ogrhtmlprototyp.testintern/18-1-0/filialsuche-rotenburg.html' successfully

2018-03-07 13:49:52 - [MESSAGE][PASSED] - Navigate to 'http://rc-ogrhtmlprototyp.testintern/18-1-0/filialsuche-rotenburg.html' successfully

2018-03-07 13:49:52 - [TEST_STEP][PASSED] - delay: Delayed 5 second(s)

2018-03-07 13:49:57 - [MESSAGE][PASSED] - Delayed 5 second(s)

2018-03-07 13:49:57 - [TEST_STEP][PASSED] - verifyElementNotPresent: Web element with id: 'Object Repository/Akkordeon_plus_filialsuche' located by 'By.xpath: //a[@class='acc-header acc-header--open']' is not present after '5' second(s)

2018-03-07 13:49:57 - [MESSAGE][PASSED] - Web element with id: 'Object Repository/Akkordeon_plus_filialsuche' located by 'By.xpath: //a[@class='acc-header acc-header--open']' is not present after '5' second(s)

2018-03-07 13:49:57 - [TEST_STEP][PASSED] - closeBrowser: Browser is closed

2018-03-07 13:49:57 - [MESSAGE][PASSED] - Browser is closed]]></system-out>
         <system-err><![CDATA[]]></system-err>
      </testcase>
      <testcase name="Test Cases/Prototyp_Filialsuche (RC 18)/08_Testfall" classname="Test Cases/Prototyp_Filialsuche (RC 18)/08_Testfall" status="PASSED">
         <system-out><![CDATA[2018-03-07 13:49:57 - [TEST_CASE][PASSED] - Test Cases/Prototyp_Filialsuche (RC 18)/08_Testfall: Test Cases/Prototyp_Filialsuche (RC 18)/08_Testfall

2018-03-07 13:49:57 - [TEST_STEP][PASSED] - openBrowser: Browser is opened with url: ''

2018-03-07 13:50:00 - [MESSAGE][PASSED] - Browser is opened with url: ''

2018-03-07 13:50:00 - [TEST_STEP][PASSED] - maximizeWindow: Current window maximized

2018-03-07 13:50:00 - [MESSAGE][PASSED] - Current window maximized

2018-03-07 13:50:00 - [TEST_STEP][PASSED] - deleteAllCookies: Delete all cookies successfully

2018-03-07 13:50:00 - [MESSAGE][PASSED] - Delete all cookies successfully

2018-03-07 13:50:00 - [TEST_STEP][PASSED] - navigateToUrl: Navigate to 'http://rc-ogrhtmlprototyp.testintern/18-1-0/filialsuche-nuernberg.html' successfully

2018-03-07 13:50:01 - [MESSAGE][PASSED] - Navigate to 'http://rc-ogrhtmlprototyp.testintern/18-1-0/filialsuche-nuernberg.html' successfully

2018-03-07 13:50:01 - [TEST_STEP][PASSED] - delay: Delayed 5 second(s)

2018-03-07 13:50:06 - [MESSAGE][PASSED] - Delayed 5 second(s)

2018-03-07 13:50:06 - [TEST_STEP][PASSED] - verifyElementNotPresent: Web element with id: 'Object Repository/Akkordeon_plus_filialsuche' located by 'By.xpath: //a[@class='acc-header acc-header--open']' is not present after '5' second(s)

2018-03-07 13:50:06 - [MESSAGE][PASSED] - Web element with id: 'Object Repository/Akkordeon_plus_filialsuche' located by 'By.xpath: //a[@class='acc-header acc-header--open']' is not present after '5' second(s)

2018-03-07 13:50:06 - [TEST_STEP][PASSED] - closeBrowser: Browser is closed

2018-03-07 13:50:07 - [MESSAGE][PASSED] - Browser is closed]]></system-out>
         <system-err><![CDATA[]]></system-err>
      </testcase>
      <testcase name="Test Cases/Prototyp_Filialsuche (RC 18)/09_Testfall" classname="Test Cases/Prototyp_Filialsuche (RC 18)/09_Testfall" status="PASSED">
         <system-out><![CDATA[2018-03-07 13:50:07 - [TEST_CASE][PASSED] - Test Cases/Prototyp_Filialsuche (RC 18)/09_Testfall: Test Cases/Prototyp_Filialsuche (RC 18)/09_Testfall

2018-03-07 13:50:07 - [TEST_STEP][PASSED] - openBrowser: Browser is opened with url: ''

2018-03-07 13:50:10 - [MESSAGE][PASSED] - Browser is opened with url: ''

2018-03-07 13:50:10 - [TEST_STEP][PASSED] - maximizeWindow: Current window maximized

2018-03-07 13:50:10 - [MESSAGE][PASSED] - Current window maximized

2018-03-07 13:50:10 - [TEST_STEP][PASSED] - deleteAllCookies: Delete all cookies successfully

2018-03-07 13:50:10 - [MESSAGE][PASSED] - Delete all cookies successfully

2018-03-07 13:50:10 - [TEST_STEP][PASSED] - navigateToUrl: Navigate to 'http://rc-ogrhtmlprototyp.testintern/18-1-0/filialsuche.html' successfully

2018-03-07 13:50:11 - [MESSAGE][PASSED] - Navigate to 'http://rc-ogrhtmlprototyp.testintern/18-1-0/filialsuche.html' successfully

2018-03-07 13:50:11 - [TEST_STEP][PASSED] - delay: Delayed 5 second(s)

2018-03-07 13:50:16 - [MESSAGE][PASSED] - Delayed 5 second(s)

2018-03-07 13:50:16 - [TEST_STEP][PASSED] - verifyElementNotPresent: Web element with id: 'Object Repository/Entfernung_filialsuche' located by 'By.xpath: //span[@class='loc-distance']' is not present after '5' second(s)

2018-03-07 13:50:16 - [MESSAGE][PASSED] - Web element with id: 'Object Repository/Entfernung_filialsuche' located by 'By.xpath: //span[@class='loc-distance']' is not present after '5' second(s)

2018-03-07 13:50:16 - [TEST_STEP][PASSED] - closeBrowser: Browser is closed

2018-03-07 13:50:17 - [MESSAGE][PASSED] - Browser is closed]]></system-out>
         <system-err><![CDATA[]]></system-err>
      </testcase>
      <testcase name="Test Cases/Prototyp_Filialsuche (RC 18)/10_Testfall" classname="Test Cases/Prototyp_Filialsuche (RC 18)/10_Testfall" status="PASSED">
         <system-out><![CDATA[2018-03-07 13:50:17 - [TEST_CASE][PASSED] - Test Cases/Prototyp_Filialsuche (RC 18)/10_Testfall: Test Cases/Prototyp_Filialsuche (RC 18)/10_Testfall

2018-03-07 13:50:17 - [TEST_STEP][PASSED] - openBrowser: Browser is opened with url: ''

2018-03-07 13:50:21 - [MESSAGE][PASSED] - Browser is opened with url: ''

2018-03-07 13:50:21 - [TEST_STEP][PASSED] - maximizeWindow: Current window maximized

2018-03-07 13:50:21 - [MESSAGE][PASSED] - Current window maximized

2018-03-07 13:50:21 - [TEST_STEP][PASSED] - deleteAllCookies: Delete all cookies successfully

2018-03-07 13:50:21 - [MESSAGE][PASSED] - Delete all cookies successfully

2018-03-07 13:50:21 - [TEST_STEP][PASSED] - navigateToUrl: Navigate to 'http://rc-ogrhtmlprototyp.testintern/18-1-0/filialsuche-wangen.html' successfully

2018-03-07 13:50:22 - [MESSAGE][PASSED] - Navigate to 'http://rc-ogrhtmlprototyp.testintern/18-1-0/filialsuche-wangen.html' successfully

2018-03-07 13:50:22 - [TEST_STEP][PASSED] - delay: Delayed 5 second(s)

2018-03-07 13:50:27 - [MESSAGE][PASSED] - Delayed 5 second(s)

2018-03-07 13:50:27 - [TEST_STEP][PASSED] - verifyElementNotPresent: Web element with id: 'Object Repository/Entfernung_filialsuche' located by 'By.xpath: //span[@class='loc-distance']' is not present after '5' second(s)

2018-03-07 13:50:27 - [MESSAGE][PASSED] - Web element with id: 'Object Repository/Entfernung_filialsuche' located by 'By.xpath: //span[@class='loc-distance']' is not present after '5' second(s)

2018-03-07 13:50:27 - [TEST_STEP][PASSED] - closeBrowser: Browser is closed

2018-03-07 13:50:27 - [MESSAGE][PASSED] - Browser is closed]]></system-out>
         <system-err><![CDATA[]]></system-err>
      </testcase>
      <testcase name="Test Cases/Prototyp_Filialsuche (RC 18)/11_Testfall" classname="Test Cases/Prototyp_Filialsuche (RC 18)/11_Testfall" status="PASSED">
         <system-out><![CDATA[2018-03-07 13:50:27 - [TEST_CASE][PASSED] - Test Cases/Prototyp_Filialsuche (RC 18)/11_Testfall: Test Cases/Prototyp_Filialsuche (RC 18)/11_Testfall

2018-03-07 13:50:27 - [TEST_STEP][PASSED] - openBrowser: Browser is opened with url: ''

2018-03-07 13:50:30 - [MESSAGE][PASSED] - Browser is opened with url: ''

2018-03-07 13:50:30 - [TEST_STEP][PASSED] - maximizeWindow: Current window maximized

2018-03-07 13:50:30 - [MESSAGE][PASSED] - Current window maximized

2018-03-07 13:50:30 - [TEST_STEP][PASSED] - deleteAllCookies: Delete all cookies successfully

2018-03-07 13:50:30 - [MESSAGE][PASSED] - Delete all cookies successfully

2018-03-07 13:50:30 - [TEST_STEP][PASSED] - navigateToUrl: Navigate to 'http://rc-ogrhtmlprototyp.testintern/18-1-0/filialsuche-rotenburg.html' successfully

2018-03-07 13:50:32 - [MESSAGE][PASSED] - Navigate to 'http://rc-ogrhtmlprototyp.testintern/18-1-0/filialsuche-rotenburg.html' successfully

2018-03-07 13:50:32 - [TEST_STEP][PASSED] - delay: Delayed 5 second(s)

2018-03-07 13:50:37 - [MESSAGE][PASSED] - Delayed 5 second(s)

2018-03-07 13:50:37 - [TEST_STEP][PASSED] - verifyElementNotPresent: Web element with id: 'Object Repository/Entfernung_filialsuche' located by 'By.xpath: //span[@class='loc-distance']' is not present after '5' second(s)

2018-03-07 13:50:37 - [MESSAGE][PASSED] - Web element with id: 'Object Repository/Entfernung_filialsuche' located by 'By.xpath: //span[@class='loc-distance']' is not present after '5' second(s)

2018-03-07 13:50:37 - [TEST_STEP][PASSED] - closeBrowser: Browser is closed

2018-03-07 13:50:37 - [MESSAGE][PASSED] - Browser is closed]]></system-out>
         <system-err><![CDATA[]]></system-err>
      </testcase>
      <testcase name="Test Cases/Prototyp_Filialsuche (RC 18)/12_Testfall" classname="Test Cases/Prototyp_Filialsuche (RC 18)/12_Testfall" status="PASSED">
         <system-out><![CDATA[2018-03-07 13:50:37 - [TEST_CASE][PASSED] - Test Cases/Prototyp_Filialsuche (RC 18)/12_Testfall: Test Cases/Prototyp_Filialsuche (RC 18)/12_Testfall

2018-03-07 13:50:37 - [TEST_STEP][PASSED] - openBrowser: Browser is opened with url: ''

2018-03-07 13:50:41 - [MESSAGE][PASSED] - Browser is opened with url: ''

2018-03-07 13:50:41 - [TEST_STEP][PASSED] - maximizeWindow: Current window maximized

2018-03-07 13:50:41 - [MESSAGE][PASSED] - Current window maximized

2018-03-07 13:50:41 - [TEST_STEP][PASSED] - deleteAllCookies: Delete all cookies successfully

2018-03-07 13:50:41 - [MESSAGE][PASSED] - Delete all cookies successfully

2018-03-07 13:50:41 - [TEST_STEP][PASSED] - navigateToUrl: Navigate to 'http://rc-ogrhtmlprototyp.testintern/18-1-0/filialsuche-nuernberg.html' successfully

2018-03-07 13:50:42 - [MESSAGE][PASSED] - Navigate to 'http://rc-ogrhtmlprototyp.testintern/18-1-0/filialsuche-nuernberg.html' successfully

2018-03-07 13:50:42 - [TEST_STEP][PASSED] - delay: Delayed 5 second(s)

2018-03-07 13:50:47 - [MESSAGE][PASSED] - Delayed 5 second(s)

2018-03-07 13:50:47 - [TEST_STEP][PASSED] - verifyElementNotPresent: Web element with id: 'Object Repository/Entfernung_filialsuche' located by 'By.xpath: //span[@class='loc-distance']' is not present after '5' second(s)

2018-03-07 13:50:47 - [MESSAGE][PASSED] - Web element with id: 'Object Repository/Entfernung_filialsuche' located by 'By.xpath: //span[@class='loc-distance']' is not present after '5' second(s)

2018-03-07 13:50:47 - [TEST_STEP][PASSED] - closeBrowser: Browser is closed

2018-03-07 13:50:47 - [MESSAGE][PASSED] - Browser is closed]]></system-out>
         <system-err><![CDATA[]]></system-err>
      </testcase>
      <testcase name="Test Cases/Prototyp_Filialsuche (RC 18)/13_Testfall" classname="Test Cases/Prototyp_Filialsuche (RC 18)/13_Testfall" status="PASSED">
         <system-out><![CDATA[2018-03-07 13:50:47 - [TEST_CASE][PASSED] - Test Cases/Prototyp_Filialsuche (RC 18)/13_Testfall: Test Cases/Prototyp_Filialsuche (RC 18)/13_Testfall

2018-03-07 13:50:47 - [TEST_STEP][PASSED] - openBrowser: Browser is opened with url: ''

2018-03-07 13:50:51 - [MESSAGE][PASSED] - Browser is opened with url: ''

2018-03-07 13:50:51 - [TEST_STEP][PASSED] - deleteAllCookies: Delete all cookies successfully

2018-03-07 13:50:51 - [MESSAGE][PASSED] - Delete all cookies successfully

2018-03-07 13:50:51 - [TEST_STEP][PASSED] - maximizeWindow: Current window maximized

2018-03-07 13:50:51 - [MESSAGE][PASSED] - Current window maximized

2018-03-07 13:50:51 - [TEST_STEP][PASSED] - navigateToUrl: Navigate to 'http://rc-ogrhtmlprototyp.testintern/18-1-0/filialsuche.html' successfully

2018-03-07 13:50:52 - [MESSAGE][PASSED] - Navigate to 'http://rc-ogrhtmlprototyp.testintern/18-1-0/filialsuche.html' successfully

2018-03-07 13:50:52 - [TEST_STEP][PASSED] - delay: Delayed 5 second(s)

2018-03-07 13:50:57 - [MESSAGE][PASSED] - Delayed 5 second(s)

2018-03-07 13:50:57 - [TEST_STEP][PASSED] - Statement - wes1 = com.kms.katalon.core.webui.common.WebUiCommonHelper.findWebElements(com.kms.katalon.core.testobject.ObjectRepository.findTestObject(filial_map), 5): Found 61 web elements with id: 'Object Repository/filial_map' located by 'By.xpath: //div[@class='aps-map__custom-marker']' in '5' second(s)

2018-03-07 13:50:57 - [TEST_STEP][PASSED] - Statement - wes2 = com.kms.katalon.core.webui.common.WebUiCommonHelper.findWebElements(com.kms.katalon.core.testobject.ObjectRepository.findTestObject(loc_steet_filialsuche), 5): Found 61 web elements with id: 'Object Repository/loc_steet_filialsuche' located by 'By.xpath: //div[@class='loc-street']' in '5' second(s)

2018-03-07 13:50:57 - [TEST_STEP][PASSED] - Statement - filial_maps_count = wes1.size(): null

2018-03-07 13:50:57 - [TEST_STEP][PASSED] - Statement - filial_accordeon_count = wes2.size(): null

2018-03-07 13:50:57 - [TEST_STEP][PASSED] - Statement - filial_count = 61: null

2018-03-07 13:50:57 - [TEST_STEP][PASSED] - Statement - If (filial_maps_count != filial_count): null

2018-03-07 13:50:57 - [TEST_STEP][PASSED] - closeBrowser: Browser is closed

2018-03-07 13:50:57 - [MESSAGE][PASSED] - Browser is closed]]></system-out>
         <system-err><![CDATA[]]></system-err>
      </testcase>
      <testcase name="Test Cases/Prototyp_Filialsuche (RC 18)/14_Testfall" classname="Test Cases/Prototyp_Filialsuche (RC 18)/14_Testfall" status="PASSED">
         <system-out><![CDATA[2018-03-07 13:50:57 - [TEST_CASE][PASSED] - Test Cases/Prototyp_Filialsuche (RC 18)/14_Testfall: Test Cases/Prototyp_Filialsuche (RC 18)/14_Testfall

2018-03-07 13:50:57 - [TEST_STEP][PASSED] - openBrowser: Browser is opened with url: ''

2018-03-07 13:51:00 - [MESSAGE][PASSED] - Browser is opened with url: ''

2018-03-07 13:51:00 - [TEST_STEP][PASSED] - deleteAllCookies: Delete all cookies successfully

2018-03-07 13:51:00 - [MESSAGE][PASSED] - Delete all cookies successfully

2018-03-07 13:51:00 - [TEST_STEP][PASSED] - maximizeWindow: Current window maximized

2018-03-07 13:51:00 - [MESSAGE][PASSED] - Current window maximized

2018-03-07 13:51:00 - [TEST_STEP][PASSED] - navigateToUrl: Navigate to 'http://rc-ogrhtmlprototyp.testintern/18-1-0/filialsuche.html' successfully

2018-03-07 13:51:01 - [MESSAGE][PASSED] - Navigate to 'http://rc-ogrhtmlprototyp.testintern/18-1-0/filialsuche.html' successfully

2018-03-07 13:51:01 - [TEST_STEP][PASSED] - delay: Delayed 5 second(s)

2018-03-07 13:51:06 - [MESSAGE][PASSED] - Delayed 5 second(s)

2018-03-07 13:51:06 - [TEST_STEP][PASSED] - click: Object: 'Object Repository/002/Page_Filialsuche-rotenburg - BVR HT/svg_dropdown-icons' is clicked on

2018-03-07 13:51:07 - [MESSAGE][PASSED] - Object: 'Object Repository/002/Page_Filialsuche-rotenburg - BVR HT/svg_dropdown-icons' is clicked on

2018-03-07 13:51:07 - [TEST_STEP][PASSED] - delay: Delayed 2 second(s)

2018-03-07 13:51:09 - [MESSAGE][PASSED] - Delayed 2 second(s)

2018-03-07 13:51:09 - [TEST_STEP][PASSED] - mouseOver: Object: 'Object Repository/Belitz_option' is hovered

2018-03-07 13:51:09 - [MESSAGE][PASSED] - Object: 'Object Repository/Belitz_option' is hovered

2018-03-07 13:51:09 - [TEST_STEP][PASSED] - delay: Delayed 2 second(s)

2018-03-07 13:51:11 - [MESSAGE][PASSED] - Delayed 2 second(s)

2018-03-07 13:51:11 - [TEST_STEP][PASSED] - click: Object: 'Object Repository/Belitz_option' is clicked on

2018-03-07 13:51:11 - [MESSAGE][PASSED] - Object: 'Object Repository/Belitz_option' is clicked on

2018-03-07 13:51:11 - [TEST_STEP][PASSED] - delay: Delayed 5 second(s)

2018-03-07 13:51:16 - [MESSAGE][PASSED] - Delayed 5 second(s)

2018-03-07 13:51:16 - [TEST_STEP][PASSED] - Statement - wes1 = com.kms.katalon.core.webui.common.WebUiCommonHelper.findWebElements(com.kms.katalon.core.testobject.ObjectRepository.findTestObject(filial_map), 5): Found 37 web elements with id: 'Object Repository/filial_map' located by 'By.xpath: //div[@class='aps-map__custom-marker']' in '5' second(s)

2018-03-07 13:51:16 - [TEST_STEP][PASSED] - Statement - wes2 = com.kms.katalon.core.webui.common.WebUiCommonHelper.findWebElements(com.kms.katalon.core.testobject.ObjectRepository.findTestObject(loc_steet_filialsuche), 5): Found 37 web elements with id: 'Object Repository/loc_steet_filialsuche' located by 'By.xpath: //div[@class='loc-street']' in '5' second(s)

2018-03-07 13:51:16 - [TEST_STEP][PASSED] - Statement - wes3 = com.kms.katalon.core.webui.common.WebUiCommonHelper.findWebElements(com.kms.katalon.core.testobject.ObjectRepository.findTestObject(filialsuche_loc_city), 5): Finding web element with id: 'Object Repository/filialsuche_loc_city' located by 'By.xpath: /div[@class='loc-city']' in '5' second(s)

2018-03-07 13:51:21 - [TEST_STEP][PASSED] - Statement - filial_maps_count = wes1.size(): null

2018-03-07 13:51:21 - [TEST_STEP][PASSED] - Statement - filial_accordeon_count = wes2.size(): null

2018-03-07 13:51:21 - [TEST_STEP][PASSED] - Statement - filial_count = 37: null

2018-03-07 13:51:21 - [TEST_STEP][PASSED] - Statement - city_name = "Berlin": null

2018-03-07 13:51:21 - [TEST_STEP][PASSED] - Statement - If (filial_maps_count != filial_count): null

2018-03-07 13:51:21 - [TEST_STEP][PASSED] - Statement - For ([i = 0, i < wes3.size(), (i++)]): null

2018-03-07 13:51:21 - [TEST_STEP][PASSED] - closeBrowser: Browser is closed

2018-03-07 13:51:21 - [MESSAGE][PASSED] - Browser is closed]]></system-out>
         <system-err><![CDATA[]]></system-err>
      </testcase>
      <testcase name="Test Cases/Prototyp_Filialsuche (RC 18)/15_Testfall" classname="Test Cases/Prototyp_Filialsuche (RC 18)/15_Testfall" status="ERROR">
         <error type="ERROR" message="Test Cases/Prototyp_Filialsuche (RC 18)/15_Testfall FAILED because (of) java.lang.NumberFormatException: empty String"/>
         <system-out><![CDATA[2018-03-07 13:51:21 - [TEST_CASE][ERROR] - Test Cases/Prototyp_Filialsuche (RC 18)/15_Testfall: Test Cases/Prototyp_Filialsuche (RC 18)/15_Testfall FAILED because (of) java.lang.NumberFormatException: empty String

2018-03-07 13:51:21 - [TEST_STEP][PASSED] - openBrowser: Browser is opened with url: ''

2018-03-07 13:51:24 - [MESSAGE][PASSED] - Browser is opened with url: ''

2018-03-07 13:51:24 - [TEST_STEP][PASSED] - maximizeWindow: Current window maximized

2018-03-07 13:51:24 - [MESSAGE][PASSED] - Current window maximized

2018-03-07 13:51:24 - [TEST_STEP][PASSED] - deleteAllCookies: Delete all cookies successfully

2018-03-07 13:51:24 - [MESSAGE][PASSED] - Delete all cookies successfully

2018-03-07 13:51:24 - [TEST_STEP][PASSED] - navigateToUrl: Navigate to 'http://rc-ogrhtmlprototyp.testintern/18-1-0/filialsuche-textinput.html' successfully

2018-03-07 13:51:25 - [MESSAGE][PASSED] - Navigate to 'http://rc-ogrhtmlprototyp.testintern/18-1-0/filialsuche-textinput.html' successfully

2018-03-07 13:51:25 - [TEST_STEP][PASSED] - delay: Delayed 5 second(s)

2018-03-07 13:51:30 - [MESSAGE][PASSED] - Delayed 5 second(s)

2018-03-07 13:51:30 - [TEST_STEP][PASSED] - setText: Text 'Berlin' is set on object 'Object Repository/Filialsuche_Inputtext'

2018-03-07 13:51:31 - [MESSAGE][PASSED] - Text 'Berlin' is set on object 'Object Repository/Filialsuche_Inputtext'

2018-03-07 13:51:31 - [TEST_STEP][PASSED] - delay: Delayed 2 second(s)

2018-03-07 13:51:33 - [MESSAGE][PASSED] - Delayed 2 second(s)

2018-03-07 13:51:33 - [TEST_STEP][PASSED] - submit: The form containing object: 'Object Repository/Filialsuche_submit_button' is submitted

2018-03-07 13:51:33 - [MESSAGE][PASSED] - The form containing object: 'Object Repository/Filialsuche_submit_button' is submitted

2018-03-07 13:51:33 - [TEST_STEP][PASSED] - delay: Delayed 2 second(s)

2018-03-07 13:51:35 - [MESSAGE][PASSED] - Delayed 2 second(s)

2018-03-07 13:51:35 - [TEST_STEP][PASSED] - Statement - wes = com.kms.katalon.core.webui.common.WebUiCommonHelper.findWebElements(com.kms.katalon.core.testobject.ObjectRepository.findTestObject(Filialsuche_loc_distance), 5): Found 25 web elements with id: 'Object Repository/Filialsuche_loc_distance' located by 'By.xpath: //span[@class='loc-distance']' in '5' second(s)

2018-03-07 13:51:35 - [TEST_STEP][PASSED] - Statement - For ([i = 1, i < wes.size(), (i++)]): null

2018-03-07 13:51:35 - [TEST_STEP][PASSED] - Statement - el1 = wes.get(i): null

2018-03-07 13:51:35 - [TEST_STEP][PASSED] - Statement - text1 = el1.getText(): null

2018-03-07 13:51:35 - [TEST_STEP][PASSED] - Statement - tmp1 = text1.split(" "): null

2018-03-07 13:51:35 - [TEST_STEP][PASSED] - Statement - num1 = tmp1[0].replaceAll(",", "."): null

2018-03-07 13:51:35 - [TEST_STEP][PASSED] - Statement - km1 = java.lang.Float.parseFloat(num1): null

2018-03-07 13:51:35 - [TEST_STEP][PASSED] - Statement - el2 = wes.get(i - 1): null

2018-03-07 13:51:35 - [TEST_STEP][PASSED] - Statement - text2 = el2.getText(): null

2018-03-07 13:51:35 - [TEST_STEP][PASSED] - Statement - tmp2 = text2.split(" "): null

2018-03-07 13:51:35 - [TEST_STEP][PASSED] - Statement - num2 = tmp2[0].replaceAll(",", "."): null

2018-03-07 13:51:35 - [TEST_STEP][PASSED] - Statement - km2 = java.lang.Float.parseFloat(num2): null

2018-03-07 13:51:35 - [TEST_STEP][PASSED] - Statement - If (km2 > km1): null

2018-03-07 13:51:35 - [TEST_STEP][PASSED] - Statement - el1 = wes.get(i): null

2018-03-07 13:51:35 - [TEST_STEP][PASSED] - Statement - text1 = el1.getText(): null

2018-03-07 13:51:35 - [TEST_STEP][PASSED] - Statement - tmp1 = text1.split(" "): null

2018-03-07 13:51:35 - [TEST_STEP][PASSED] - Statement - num1 = tmp1[0].replaceAll(",", "."): null

2018-03-07 13:51:35 - [TEST_STEP][PASSED] - Statement - km1 = java.lang.Float.parseFloat(num1): null

2018-03-07 13:51:35 - [TEST_STEP][PASSED] - Statement - el2 = wes.get(i - 1): null

2018-03-07 13:51:35 - [TEST_STEP][PASSED] - Statement - text2 = el2.getText(): null

2018-03-07 13:51:35 - [TEST_STEP][PASSED] - Statement - tmp2 = text2.split(" "): null

2018-03-07 13:51:35 - [TEST_STEP][PASSED] - Statement - num2 = tmp2[0].replaceAll(",", "."): null

2018-03-07 13:51:35 - [TEST_STEP][PASSED] - Statement - km2 = java.lang.Float.parseFloat(num2): null

2018-03-07 13:51:35 - [TEST_STEP][PASSED] - Statement - If (km2 > km1): null

2018-03-07 13:51:35 - [TEST_STEP][PASSED] - Statement - el1 = wes.get(i): null

2018-03-07 13:51:35 - [TEST_STEP][PASSED] - Statement - text1 = el1.getText(): null

2018-03-07 13:51:35 - [TEST_STEP][PASSED] - Statement - tmp1 = text1.split(" "): null

2018-03-07 13:51:35 - [TEST_STEP][PASSED] - Statement - num1 = tmp1[0].replaceAll(",", "."): null

2018-03-07 13:51:35 - [TEST_STEP][PASSED] - Statement - km1 = java.lang.Float.parseFloat(num1): null

2018-03-07 13:51:35 - [TEST_STEP][PASSED] - Statement - el2 = wes.get(i - 1): null

2018-03-07 13:51:35 - [TEST_STEP][PASSED] - Statement - text2 = el2.getText(): null

2018-03-07 13:51:35 - [TEST_STEP][PASSED] - Statement - tmp2 = text2.split(" "): null

2018-03-07 13:51:35 - [TEST_STEP][PASSED] - Statement - num2 = tmp2[0].replaceAll(",", "."): null

2018-03-07 13:51:35 - [TEST_STEP][PASSED] - Statement - km2 = java.lang.Float.parseFloat(num2): null

2018-03-07 13:51:35 - [TEST_STEP][PASSED] - Statement - If (km2 > km1): null

2018-03-07 13:51:35 - [TEST_STEP][PASSED] - Statement - el1 = wes.get(i): null

2018-03-07 13:51:35 - [TEST_STEP][PASSED] - Statement - text1 = el1.getText(): null

2018-03-07 13:51:35 - [TEST_STEP][PASSED] - Statement - tmp1 = text1.split(" "): null

2018-03-07 13:51:35 - [TEST_STEP][PASSED] - Statement - num1 = tmp1[0].replaceAll(",", "."): null

2018-03-07 13:51:35 - [TEST_STEP][PASSED] - Statement - km1 = java.lang.Float.parseFloat(num1): null

2018-03-07 13:51:35 - [TEST_STEP][PASSED] - Statement - el2 = wes.get(i - 1): null

2018-03-07 13:51:35 - [TEST_STEP][PASSED] - Statement - text2 = el2.getText(): null

2018-03-07 13:51:35 - [TEST_STEP][PASSED] - Statement - tmp2 = text2.split(" "): null

2018-03-07 13:51:35 - [TEST_STEP][PASSED] - Statement - num2 = tmp2[0].replaceAll(",", "."): null

2018-03-07 13:51:35 - [TEST_STEP][PASSED] - Statement - km2 = java.lang.Float.parseFloat(num2): null

2018-03-07 13:51:35 - [TEST_STEP][PASSED] - Statement - If (km2 > km1): null

2018-03-07 13:51:35 - [TEST_STEP][PASSED] - Statement - el1 = wes.get(i): null

2018-03-07 13:51:35 - [TEST_STEP][PASSED] - Statement - text1 = el1.getText(): null

2018-03-07 13:51:35 - [TEST_STEP][PASSED] - Statement - tmp1 = text1.split(" "): null

2018-03-07 13:51:35 - [TEST_STEP][PASSED] - Statement - num1 = tmp1[0].replaceAll(",", "."): null

2018-03-07 13:51:35 - [TEST_STEP][PASSED] - Statement - km1 = java.lang.Float.parseFloat(num1): null

2018-03-07 13:51:35 - [TEST_STEP][PASSED] - Statement - el2 = wes.get(i - 1): null

2018-03-07 13:51:35 - [TEST_STEP][PASSED] - Statement - text2 = el2.getText(): null

2018-03-07 13:51:35 - [TEST_STEP][PASSED] - Statement - tmp2 = text2.split(" "): null

2018-03-07 13:51:35 - [TEST_STEP][PASSED] - Statement - num2 = tmp2[0].replaceAll(",", "."): null

2018-03-07 13:51:35 - [TEST_STEP][PASSED] - Statement - km2 = java.lang.Float.parseFloat(num2): null

2018-03-07 13:51:35 - [TEST_STEP][PASSED] - Statement - If (km2 > km1): null

2018-03-07 13:51:35 - [TEST_STEP][PASSED] - Statement - el1 = wes.get(i): null

2018-03-07 13:51:35 - [TEST_STEP][PASSED] - Statement - text1 = el1.getText(): null

2018-03-07 13:51:35 - [TEST_STEP][PASSED] - Statement - tmp1 = text1.split(" "): null

2018-03-07 13:51:35 - [TEST_STEP][PASSED] - Statement - num1 = tmp1[0].replaceAll(",", "."): null

2018-03-07 13:51:35 - [TEST_STEP][PASSED] - Statement - km1 = java.lang.Float.parseFloat(num1): null]]></system-out>
         <system-err><![CDATA[2018-03-07 13:51:21 - [TEST_CASE][ERROR] - Test Cases/Prototyp_Filialsuche (RC 18)/15_Testfall: Test Cases/Prototyp_Filialsuche (RC 18)/15_Testfall FAILED because (of) java.lang.NumberFormatException: empty String]]></system-err>
      </testcase>
      <testcase name="Test Cases/Prototyp_Filialsuche (RC 18)/16_Testfall" classname="Test Cases/Prototyp_Filialsuche (RC 18)/16_Testfall" status="PASSED">
         <system-out><![CDATA[2018-03-07 13:51:35 - [TEST_CASE][PASSED] - Test Cases/Prototyp_Filialsuche (RC 18)/16_Testfall: Test Cases/Prototyp_Filialsuche (RC 18)/16_Testfall

2018-03-07 13:51:35 - [TEST_STEP][PASSED] - openBrowser: Browser is opened with url: ''

2018-03-07 13:51:35 - [MESSAGE][WARNING] - A browser is already opened. Closing browser and opening a new one

2018-03-07 13:51:38 - [MESSAGE][PASSED] - Browser is opened with url: ''

2018-03-07 13:51:38 - [TEST_STEP][PASSED] - maximizeWindow: Current window maximized

2018-03-07 13:51:38 - [MESSAGE][PASSED] - Current window maximized

2018-03-07 13:51:38 - [TEST_STEP][PASSED] - deleteAllCookies: Delete all cookies successfully

2018-03-07 13:51:38 - [MESSAGE][PASSED] - Delete all cookies successfully

2018-03-07 13:51:38 - [TEST_STEP][PASSED] - navigateToUrl: Navigate to 'http://rc-ogrhtmlprototyp.testintern/18-1-0/filialsuche-textinput.html' successfully

2018-03-07 13:51:40 - [MESSAGE][PASSED] - Navigate to 'http://rc-ogrhtmlprototyp.testintern/18-1-0/filialsuche-textinput.html' successfully

2018-03-07 13:51:40 - [TEST_STEP][PASSED] - delay: Delayed 5 second(s)

2018-03-07 13:51:45 - [MESSAGE][PASSED] - Delayed 5 second(s)

2018-03-07 13:51:45 - [TEST_STEP][PASSED] - setText: Text 'Berlin' is set on object 'Object Repository/Filialsuche_Inputtext'

2018-03-07 13:51:45 - [MESSAGE][PASSED] - Text 'Berlin' is set on object 'Object Repository/Filialsuche_Inputtext'

2018-03-07 13:51:45 - [TEST_STEP][PASSED] - delay: Delayed 2 second(s)

2018-03-07 13:51:47 - [MESSAGE][PASSED] - Delayed 2 second(s)

2018-03-07 13:51:47 - [TEST_STEP][PASSED] - submit: The form containing object: 'Object Repository/Filialsuche_submit_button' is submitted

2018-03-07 13:51:47 - [MESSAGE][PASSED] - The form containing object: 'Object Repository/Filialsuche_submit_button' is submitted

2018-03-07 13:51:47 - [TEST_STEP][PASSED] - delay: Delayed 2 second(s)

2018-03-07 13:51:49 - [MESSAGE][PASSED] - Delayed 2 second(s)

2018-03-07 13:51:49 - [TEST_STEP][PASSED] - verifyElementVisible: Object 'Object Repository/Entfernung_filialsuche' is visible

2018-03-07 13:51:49 - [MESSAGE][PASSED] - Object 'Object Repository/Entfernung_filialsuche' is visible

2018-03-07 13:51:49 - [TEST_STEP][PASSED] - closeBrowser: Browser is closed

2018-03-07 13:51:49 - [MESSAGE][PASSED] - Browser is closed]]></system-out>
         <system-err><![CDATA[]]></system-err>
      </testcase>
      <testcase name="Test Cases/Prototyp_Filialsuche (RC 18)/17_Testfall" classname="Test Cases/Prototyp_Filialsuche (RC 18)/17_Testfall" status="PASSED">
         <system-out><![CDATA[2018-03-07 13:51:49 - [TEST_CASE][PASSED] - Test Cases/Prototyp_Filialsuche (RC 18)/17_Testfall: Test Cases/Prototyp_Filialsuche (RC 18)/17_Testfall

2018-03-07 13:51:49 - [TEST_STEP][PASSED] - openBrowser: Browser is opened with url: ''

2018-03-07 13:51:52 - [MESSAGE][PASSED] - Browser is opened with url: ''

2018-03-07 13:51:52 - [TEST_STEP][PASSED] - deleteAllCookies: Delete all cookies successfully

2018-03-07 13:51:52 - [MESSAGE][PASSED] - Delete all cookies successfully

2018-03-07 13:51:52 - [TEST_STEP][PASSED] - maximizeWindow: Current window maximized

2018-03-07 13:51:52 - [MESSAGE][PASSED] - Current window maximized

2018-03-07 13:51:52 - [TEST_STEP][PASSED] - navigateToUrl: Navigate to 'http://rc-ogrhtmlprototyp.testintern/18-1-0/filialsuche.html' successfully

2018-03-07 13:51:53 - [MESSAGE][PASSED] - Navigate to 'http://rc-ogrhtmlprototyp.testintern/18-1-0/filialsuche.html' successfully

2018-03-07 13:51:53 - [TEST_STEP][PASSED] - delay: Delayed 2 second(s)

2018-03-07 13:51:55 - [MESSAGE][PASSED] - Delayed 2 second(s)

2018-03-07 13:51:55 - [TEST_STEP][PASSED] - waitForPageLoad: Wait for page load successfully

2018-03-07 13:51:55 - [MESSAGE][WARNING] - Timeout '0' is invalid. Using default page load timeout: '30'

2018-03-07 13:51:55 - [MESSAGE][PASSED] - Wait for page load successfully

2018-03-07 13:51:55 - [TEST_STEP][PASSED] - delay: Delayed 2 second(s)

2018-03-07 13:51:57 - [MESSAGE][PASSED] - Delayed 2 second(s)

2018-03-07 13:51:57 - [TEST_STEP][PASSED] - click: Object: 'Object Repository/03/Page_Filialsuche-rotenburg - BVR HT/svg_dropdown-icons' is clicked on

2018-03-07 13:51:58 - [MESSAGE][PASSED] - Object: 'Object Repository/03/Page_Filialsuche-rotenburg - BVR HT/svg_dropdown-icons' is clicked on

2018-03-07 13:51:58 - [TEST_STEP][PASSED] - delay: Delayed 2 second(s)

2018-03-07 13:52:00 - [MESSAGE][PASSED] - Delayed 2 second(s)

2018-03-07 13:52:00 - [TEST_STEP][PASSED] - mouseOver: Object: 'Object Repository/002/Page_Filialsuche - BVR HTML Prototy/div_Berlin' is hovered

2018-03-07 13:52:00 - [MESSAGE][PASSED] - Object: 'Object Repository/002/Page_Filialsuche - BVR HTML Prototy/div_Berlin' is hovered

2018-03-07 13:52:00 - [TEST_STEP][PASSED] - delay: Delayed 2 second(s)

2018-03-07 13:52:02 - [MESSAGE][PASSED] - Delayed 2 second(s)

2018-03-07 13:52:02 - [TEST_STEP][PASSED] - click: Object: 'Object Repository/002/Page_Filialsuche - BVR HTML Prototy/div_Berlin' is clicked on

2018-03-07 13:52:02 - [MESSAGE][PASSED] - Object: 'Object Repository/002/Page_Filialsuche - BVR HTML Prototy/div_Berlin' is clicked on

2018-03-07 13:52:02 - [TEST_STEP][PASSED] - delay: Delayed 5 second(s)

2018-03-07 13:52:07 - [MESSAGE][PASSED] - Delayed 5 second(s)

2018-03-07 13:52:07 - [TEST_STEP][PASSED] - click: Object: 'Object Repository/TF17/Page_Filialsuche - BVR HTML Prototy/span_Berliner Volksbank eG Fil' is clicked on

2018-03-07 13:52:07 - [MESSAGE][PASSED] - Object: 'Object Repository/TF17/Page_Filialsuche - BVR HTML Prototy/span_Berliner Volksbank eG Fil' is clicked on

2018-03-07 13:52:07 - [TEST_STEP][PASSED] - delay: Delayed 2 second(s)

2018-03-07 13:52:09 - [MESSAGE][PASSED] - Delayed 2 second(s)

2018-03-07 13:52:09 - [TEST_STEP][PASSED] - verifyTextPresent: Text 'Alt-Moabit 82' is present on page 

2018-03-07 13:52:12 - [MESSAGE][PASSED] - Text 'Alt-Moabit 82' is present on page 

2018-03-07 13:52:12 - [TEST_STEP][PASSED] - verifyTextPresent: Text '10555 Berlin' is present on page 

2018-03-07 13:52:15 - [MESSAGE][PASSED] - Text '10555 Berlin' is present on page 

2018-03-07 13:52:15 - [TEST_STEP][PASSED] - click: Object: 'Object Repository/TF17/Page_Filialsuche - BVR HTML Prototy/span_Berliner Volksbank eG Fil_1' is clicked on

2018-03-07 13:52:15 - [MESSAGE][PASSED] - Object: 'Object Repository/TF17/Page_Filialsuche - BVR HTML Prototy/span_Berliner Volksbank eG Fil_1' is clicked on

2018-03-07 13:52:15 - [TEST_STEP][PASSED] - delay: Delayed 2 second(s)

2018-03-07 13:52:17 - [MESSAGE][PASSED] - Delayed 2 second(s)

2018-03-07 13:52:17 - [TEST_STEP][PASSED] - verifyTextPresent: Text 'Alt-Rudow 71' is present on page 

2018-03-07 13:52:19 - [MESSAGE][PASSED] - Text 'Alt-Rudow 71' is present on page 

2018-03-07 13:52:19 - [TEST_STEP][PASSED] - verifyTextPresent: Text '12355 Berlin' is present on page 

2018-03-07 13:52:22 - [MESSAGE][PASSED] - Text '12355 Berlin' is present on page 

2018-03-07 13:52:22 - [TEST_STEP][PASSED] - click: Object: 'Object Repository/TF17/Page_Filialsuche - BVR HTML Prototy/span_Berliner Volksbank eG Fin' is clicked on

2018-03-07 13:52:22 - [MESSAGE][PASSED] - Object: 'Object Repository/TF17/Page_Filialsuche - BVR HTML Prototy/span_Berliner Volksbank eG Fin' is clicked on

2018-03-07 13:52:22 - [TEST_STEP][PASSED] - delay: Delayed 2 second(s)

2018-03-07 13:52:24 - [MESSAGE][PASSED] - Delayed 2 second(s)

2018-03-07 13:52:24 - [TEST_STEP][PASSED] - verifyTextPresent: Text 'Bahnhofstr. 19' is present on page 

2018-03-07 13:52:26 - [MESSAGE][PASSED] - Text 'Bahnhofstr. 19' is present on page 

2018-03-07 13:52:26 - [TEST_STEP][PASSED] - verifyTextPresent: Text '12555 Berlin' is present on page 

2018-03-07 13:52:29 - [MESSAGE][PASSED] - Text '12555 Berlin' is present on page 

2018-03-07 13:52:29 - [TEST_STEP][PASSED] - click: Object: 'Object Repository/TF17/Page_Filialsuche - BVR HTML Prototy/span_Berliner Volksbank eG Fin_1' is clicked on

2018-03-07 13:52:29 - [MESSAGE][PASSED] - Object: 'Object Repository/TF17/Page_Filialsuche - BVR HTML Prototy/span_Berliner Volksbank eG Fin_1' is clicked on

2018-03-07 13:52:29 - [TEST_STEP][PASSED] - delay: Delayed 2 second(s)

2018-03-07 13:52:31 - [MESSAGE][PASSED] - Delayed 2 second(s)

2018-03-07 13:52:31 - [TEST_STEP][PASSED] - verifyTextPresent: Text 'Bahnhofstr. 50' is present on page 

2018-03-07 13:52:33 - [MESSAGE][PASSED] - Text 'Bahnhofstr. 50' is present on page 

2018-03-07 13:52:33 - [TEST_STEP][PASSED] - verifyTextPresent: Text '12305 Berlin' is present on page 

2018-03-07 13:52:36 - [MESSAGE][PASSED] - Text '12305 Berlin' is present on page 

2018-03-07 13:52:36 - [TEST_STEP][PASSED] - click: Object: 'Object Repository/TF17/Page_Filialsuche - BVR HTML Prototy/span_Berliner Volksbank eG Fil_2' is clicked on

2018-03-07 13:52:36 - [MESSAGE][PASSED] - Object: 'Object Repository/TF17/Page_Filialsuche - BVR HTML Prototy/span_Berliner Volksbank eG Fil_2' is clicked on

2018-03-07 13:52:36 - [TEST_STEP][PASSED] - delay: Delayed 2 second(s)

2018-03-07 13:52:38 - [MESSAGE][PASSED] - Delayed 2 second(s)

2018-03-07 13:52:38 - [TEST_STEP][PASSED] - verifyTextPresent: Text 'Baumschulenstr. 96' is present on page 

2018-03-07 13:52:41 - [MESSAGE][PASSED] - Text 'Baumschulenstr. 96' is present on page 

2018-03-07 13:52:41 - [TEST_STEP][PASSED] - verifyTextPresent: Text '12437 Berlin' is present on page 

2018-03-07 13:52:43 - [MESSAGE][PASSED] - Text '12437 Berlin' is present on page 

2018-03-07 13:52:43 - [TEST_STEP][PASSED] - scrollToElement: Scroll to object 'Object Repository/TF17/Page_Filialsuche - BVR HTML Prototy/span_Berliner Volksbank eG Fin_2' successfully

2018-03-07 13:52:43 - [MESSAGE][WARNING] - Timeout '0' is invalid. Using default page load timeout: '30'

2018-03-07 13:52:43 - [MESSAGE][PASSED] - Scroll to object 'Object Repository/TF17/Page_Filialsuche - BVR HTML Prototy/span_Berliner Volksbank eG Fin_2' successfully

2018-03-07 13:52:43 - [TEST_STEP][PASSED] - click: Object: 'Object Repository/TF17/Page_Filialsuche - BVR HTML Prototy/span_Berliner Volksbank eG Fin_2' is clicked on

2018-03-07 13:52:44 - [MESSAGE][PASSED] - Object: 'Object Repository/TF17/Page_Filialsuche - BVR HTML Prototy/span_Berliner Volksbank eG Fin_2' is clicked on

2018-03-07 13:52:44 - [TEST_STEP][PASSED] - delay: Delayed 2 second(s)

2018-03-07 13:52:46 - [MESSAGE][PASSED] - Delayed 2 second(s)

2018-03-07 13:52:46 - [TEST_STEP][PASSED] - verifyTextPresent: Text 'Berliner Allee 19-21' is present on page 

2018-03-07 13:52:48 - [MESSAGE][PASSED] - Text 'Berliner Allee 19-21' is present on page 

2018-03-07 13:52:48 - [TEST_STEP][PASSED] - verifyTextPresent: Text '13088 Berlin' is present on page 

2018-03-07 13:52:50 - [MESSAGE][PASSED] - Text '13088 Berlin' is present on page 

2018-03-07 13:52:50 - [TEST_STEP][PASSED] - click: Object: 'Object Repository/TF17/Page_Filialsuche - BVR HTML Prototy/a_2' is clicked on

2018-03-07 13:52:50 - [MESSAGE][PASSED] - Object: 'Object Repository/TF17/Page_Filialsuche - BVR HTML Prototy/a_2' is clicked on

2018-03-07 13:52:50 - [TEST_STEP][PASSED] - click: Object: 'Object Repository/TF17/Page_Filialsuche - BVR HTML Prototy/span_Berliner Volksbank eG Fin_3' is clicked on

2018-03-07 13:52:51 - [MESSAGE][PASSED] - Object: 'Object Repository/TF17/Page_Filialsuche - BVR HTML Prototy/span_Berliner Volksbank eG Fin_3' is clicked on

2018-03-07 13:52:51 - [TEST_STEP][PASSED] - delay: Delayed 2 second(s)

2018-03-07 13:52:53 - [MESSAGE][PASSED] - Delayed 2 second(s)

2018-03-07 13:52:53 - [TEST_STEP][PASSED] - verifyTextPresent: Text 'Berliner Str. 98' is present on page 

2018-03-07 13:52:55 - [MESSAGE][PASSED] - Text 'Berliner Str. 98' is present on page 

2018-03-07 13:52:55 - [TEST_STEP][PASSED] - verifyTextPresent: Text '13507 Berlin' is present on page 

2018-03-07 13:52:57 - [MESSAGE][PASSED] - Text '13507 Berlin' is present on page 

2018-03-07 13:52:57 - [TEST_STEP][PASSED] - click: Object: 'Object Repository/TF17/Page_Filialsuche - BVR HTML Prototy (1)/span_Berliner Volksbank eG Fil' is clicked on

2018-03-07 13:52:58 - [MESSAGE][PASSED] - Object: 'Object Repository/TF17/Page_Filialsuche - BVR HTML Prototy (1)/span_Berliner Volksbank eG Fil' is clicked on

2018-03-07 13:52:58 - [TEST_STEP][PASSED] - delay: Delayed 2 second(s)

2018-03-07 13:53:00 - [MESSAGE][PASSED] - Delayed 2 second(s)

2018-03-07 13:53:00 - [TEST_STEP][PASSED] - verifyTextPresent: Text 'Bornholmer Str. 1' is present on page 

2018-03-07 13:53:02 - [MESSAGE][PASSED] - Text 'Bornholmer Str. 1' is present on page 

2018-03-07 13:53:02 - [TEST_STEP][PASSED] - verifyTextPresent: Text '10439 Berlin' is present on page 

2018-03-07 13:53:05 - [MESSAGE][PASSED] - Text '10439 Berlin' is present on page 

2018-03-07 13:53:05 - [TEST_STEP][PASSED] - click: Object: 'Object Repository/TF17/Page_Filialsuche - BVR HTML Prototy (1)/span_Berliner Volksbank eG Fin' is clicked on

2018-03-07 13:53:05 - [MESSAGE][PASSED] - Object: 'Object Repository/TF17/Page_Filialsuche - BVR HTML Prototy (1)/span_Berliner Volksbank eG Fin' is clicked on

2018-03-07 13:53:05 - [TEST_STEP][PASSED] - delay: Delayed 2 second(s)

2018-03-07 13:53:07 - [MESSAGE][PASSED] - Delayed 2 second(s)

2018-03-07 13:53:07 - [TEST_STEP][PASSED] - verifyTextPresent: Text 'Brandenburgische Str. 86-87' is present on page 

2018-03-07 13:53:09 - [MESSAGE][PASSED] - Text 'Brandenburgische Str. 86-87' is present on page 

2018-03-07 13:53:09 - [TEST_STEP][PASSED] - verifyTextPresent: Text '10713 Berlin' is present on page 

2018-03-07 13:53:12 - [MESSAGE][PASSED] - Text '10713 Berlin' is present on page 

2018-03-07 13:53:12 - [TEST_STEP][PASSED] - click: Object: 'Object Repository/TF17/Page_Filialsuche - BVR HTML Prototy (1)/span_Berliner Volksbank eG Fin_1' is clicked on

2018-03-07 13:53:12 - [MESSAGE][PASSED] - Object: 'Object Repository/TF17/Page_Filialsuche - BVR HTML Prototy (1)/span_Berliner Volksbank eG Fin_1' is clicked on

2018-03-07 13:53:12 - [TEST_STEP][PASSED] - delay: Delayed 2 second(s)

2018-03-07 13:53:14 - [MESSAGE][PASSED] - Delayed 2 second(s)

2018-03-07 13:53:14 - [TEST_STEP][PASSED] - verifyTextPresent: Text 'Brodauer Str. 45' is present on page 

2018-03-07 13:53:16 - [MESSAGE][PASSED] - Text 'Brodauer Str. 45' is present on page 

2018-03-07 13:53:16 - [TEST_STEP][PASSED] - verifyTextPresent: Text '12621 Berlin' is present on page 

2018-03-07 13:53:18 - [MESSAGE][PASSED] - Text '12621 Berlin' is present on page 

2018-03-07 13:53:18 - [TEST_STEP][PASSED] - click: Object: 'Object Repository/TF17/Page_Filialsuche - BVR HTML Prototy (1)/span_Berliner Volksbank eG Fin_2' is clicked on

2018-03-07 13:53:19 - [MESSAGE][PASSED] - Object: 'Object Repository/TF17/Page_Filialsuche - BVR HTML Prototy (1)/span_Berliner Volksbank eG Fin_2' is clicked on

2018-03-07 13:53:19 - [TEST_STEP][PASSED] - delay: Delayed 2 second(s)

2018-03-07 13:53:21 - [MESSAGE][PASSED] - Delayed 2 second(s)

2018-03-07 13:53:21 - [TEST_STEP][PASSED] - verifyTextPresent: Text 'Frankfurter Allee 69' is present on page 

2018-03-07 13:53:23 - [MESSAGE][PASSED] - Text 'Frankfurter Allee 69' is present on page 

2018-03-07 13:53:23 - [TEST_STEP][PASSED] - verifyTextPresent: Text '10247 Berlin' is present on page 

2018-03-07 13:53:26 - [MESSAGE][PASSED] - Text '10247 Berlin' is present on page 

2018-03-07 13:53:26 - [TEST_STEP][PASSED] - click: Object: 'Object Repository/TF17/Page_Filialsuche - BVR HTML Prototy (1)/span_Berliner Volksbank eG Fin_3' is clicked on

2018-03-07 13:53:26 - [MESSAGE][PASSED] - Object: 'Object Repository/TF17/Page_Filialsuche - BVR HTML Prototy (1)/span_Berliner Volksbank eG Fin_3' is clicked on

2018-03-07 13:53:26 - [TEST_STEP][PASSED] - delay: Delayed 2 second(s)

2018-03-07 13:53:28 - [MESSAGE][PASSED] - Delayed 2 second(s)

2018-03-07 13:53:28 - [TEST_STEP][PASSED] - verifyTextPresent: Text 'Friedrichstr. 108-109' is present on page 

2018-03-07 13:53:30 - [MESSAGE][PASSED] - Text 'Friedrichstr. 108-109' is present on page 

2018-03-07 13:53:30 - [TEST_STEP][PASSED] - verifyTextPresent: Text '10117 Berlin' is present on page 

2018-03-07 13:53:33 - [MESSAGE][PASSED] - Text '10117 Berlin' is present on page 

2018-03-07 13:53:33 - [TEST_STEP][PASSED] - click: Object: 'Object Repository/TF17/Page_Filialsuche - BVR HTML Prototy (1)/a_3' is clicked on

2018-03-07 13:53:33 - [MESSAGE][PASSED] - Object: 'Object Repository/TF17/Page_Filialsuche - BVR HTML Prototy (1)/a_3' is clicked on

2018-03-07 13:53:33 - [TEST_STEP][PASSED] - click: Object: 'Object Repository/TF17/Page_Filialsuche - BVR HTML Prototy (1)/span_Berliner Volksbank eG Fil_1' is clicked on

2018-03-07 13:53:33 - [MESSAGE][PASSED] - Object: 'Object Repository/TF17/Page_Filialsuche - BVR HTML Prototy (1)/span_Berliner Volksbank eG Fil_1' is clicked on

2018-03-07 13:53:33 - [TEST_STEP][PASSED] - delay: Delayed 2 second(s)

2018-03-07 13:53:35 - [MESSAGE][PASSED] - Delayed 2 second(s)

2018-03-07 13:53:35 - [TEST_STEP][PASSED] - verifyTextPresent: Text 'Karl-Marx-Str. 71' is present on page 

2018-03-07 13:53:37 - [MESSAGE][PASSED] - Text 'Karl-Marx-Str. 71' is present on page 

2018-03-07 13:53:37 - [TEST_STEP][PASSED] - verifyTextPresent: Text '12043 Berlin' is present on page 

2018-03-07 13:53:40 - [MESSAGE][PASSED] - Text '12043 Berlin' is present on page 

2018-03-07 13:53:40 - [TEST_STEP][PASSED] - click: Object: 'Object Repository/TF17/Page_Filialsuche - BVR HTML Prototy (1)/span_Berliner Volksbank eG Fil_2' is clicked on

2018-03-07 13:53:40 - [MESSAGE][PASSED] - Object: 'Object Repository/TF17/Page_Filialsuche - BVR HTML Prototy (1)/span_Berliner Volksbank eG Fil_2' is clicked on

2018-03-07 13:53:40 - [TEST_STEP][PASSED] - click: Object: 'Object Repository/TF17/Page_Filialsuche - BVR HTML Prototy (1)/span_Berliner Volksbank eG Fin_4' is clicked on

2018-03-07 13:53:41 - [MESSAGE][PASSED] - Object: 'Object Repository/TF17/Page_Filialsuche - BVR HTML Prototy (1)/span_Berliner Volksbank eG Fin_4' is clicked on

2018-03-07 13:53:41 - [TEST_STEP][PASSED] - click: Object: 'Object Repository/TF17/Page_Filialsuche - BVR HTML Prototy (1)/span_Berliner Volksbank eG Fil_3' is clicked on

2018-03-07 13:53:41 - [MESSAGE][PASSED] - Object: 'Object Repository/TF17/Page_Filialsuche - BVR HTML Prototy (1)/span_Berliner Volksbank eG Fil_3' is clicked on

2018-03-07 13:53:41 - [TEST_STEP][PASSED] - delay: Delayed 2 second(s)

2018-03-07 13:53:43 - [MESSAGE][PASSED] - Delayed 2 second(s)

2018-03-07 13:53:43 - [TEST_STEP][PASSED] - verifyTextPresent: Text 'Kranoldplatz 2' is present on page 

2018-03-07 13:53:45 - [MESSAGE][PASSED] - Text 'Kranoldplatz 2' is present on page 

2018-03-07 13:53:45 - [TEST_STEP][PASSED] - verifyTextPresent: Text '12209 Berlin' is present on page 

2018-03-07 13:53:48 - [MESSAGE][PASSED] - Text '12209 Berlin' is present on page 

2018-03-07 13:53:48 - [TEST_STEP][PASSED] - click: Object: 'Object Repository/TF17/Page_Filialsuche - BVR HTML Prototy (1)/span_Berliner Volksbank eG Fil_4' is clicked on

2018-03-07 13:53:48 - [MESSAGE][PASSED] - Object: 'Object Repository/TF17/Page_Filialsuche - BVR HTML Prototy (1)/span_Berliner Volksbank eG Fil_4' is clicked on

2018-03-07 13:53:48 - [TEST_STEP][PASSED] - click: Object: 'Object Repository/TF17/Page_Filialsuche - BVR HTML Prototy (1)/span_Berliner Volksbank eG Fin_5' is clicked on

2018-03-07 13:53:49 - [MESSAGE][PASSED] - Object: 'Object Repository/TF17/Page_Filialsuche - BVR HTML Prototy (1)/span_Berliner Volksbank eG Fin_5' is clicked on

2018-03-07 13:53:49 - [TEST_STEP][PASSED] - delay: Delayed 2 second(s)

2018-03-07 13:53:51 - [MESSAGE][PASSED] - Delayed 2 second(s)

2018-03-07 13:53:51 - [TEST_STEP][PASSED] - verifyTextPresent: Text 'Kurfrstendamm 46' is present on page 

2018-03-07 13:53:53 - [MESSAGE][PASSED] - Text 'Kurfrstendamm 46' is present on page 

2018-03-07 13:53:53 - [TEST_STEP][PASSED] - verifyTextPresent: Text '10707 Berlin' is present on page 

2018-03-07 13:53:55 - [MESSAGE][PASSED] - Text '10707 Berlin' is present on page 

2018-03-07 13:53:55 - [TEST_STEP][PASSED] - click: Object: 'Object Repository/TF17/Page_Filialsuche - BVR HTML Prototy (1)/a_4' is clicked on

2018-03-07 13:53:56 - [MESSAGE][PASSED] - Object: 'Object Repository/TF17/Page_Filialsuche - BVR HTML Prototy (1)/a_4' is clicked on

2018-03-07 13:53:56 - [TEST_STEP][PASSED] - click: Object: 'Object Repository/TF17/Page_Filialsuche - BVR HTML Prototy (1)/span_Berliner Volksbank eG Fil_5' is clicked on

2018-03-07 13:53:56 - [MESSAGE][PASSED] - Object: 'Object Repository/TF17/Page_Filialsuche - BVR HTML Prototy (1)/span_Berliner Volksbank eG Fil_5' is clicked on

2018-03-07 13:53:56 - [TEST_STEP][PASSED] - delay: Delayed 2 second(s)

2018-03-07 13:53:58 - [MESSAGE][PASSED] - Delayed 2 second(s)

2018-03-07 13:53:58 - [TEST_STEP][PASSED] - verifyTextPresent: Text 'Ludolfingerplatz 7' is present on page 

2018-03-07 13:54:00 - [MESSAGE][PASSED] - Text 'Ludolfingerplatz 7' is present on page 

2018-03-07 13:54:00 - [TEST_STEP][PASSED] - verifyTextPresent: Text '13465 Berlin' is present on page 

2018-03-07 13:54:03 - [MESSAGE][PASSED] - Text '13465 Berlin' is present on page 

2018-03-07 13:54:03 - [TEST_STEP][PASSED] - click: Object: 'Object Repository/TF17/Page_Filialsuche - BVR HTML Prototy (1)/span_Berliner Volksbank eG Fin_6' is clicked on

2018-03-07 13:54:03 - [MESSAGE][PASSED] - Object: 'Object Repository/TF17/Page_Filialsuche - BVR HTML Prototy (1)/span_Berliner Volksbank eG Fin_6' is clicked on

2018-03-07 13:54:03 - [TEST_STEP][PASSED] - delay: Delayed 2 second(s)

2018-03-07 13:54:05 - [MESSAGE][PASSED] - Delayed 2 second(s)

2018-03-07 13:54:05 - [TEST_STEP][PASSED] - verifyTextPresent: Text 'Mariendorfer Damm 88-90' is present on page 

2018-03-07 13:54:07 - [MESSAGE][PASSED] - Text 'Mariendorfer Damm 88-90' is present on page 

2018-03-07 13:54:07 - [TEST_STEP][PASSED] - verifyTextPresent: Text '12109 Berlin' is present on page 

2018-03-07 13:54:10 - [MESSAGE][PASSED] - Text '12109 Berlin' is present on page 

2018-03-07 13:54:10 - [TEST_STEP][PASSED] - click: Object: 'Object Repository/TF17/Page_Filialsuche - BVR HTML Prototy (1)/span_Berliner Volksbank eG Fil_6' is clicked on

2018-03-07 13:54:10 - [MESSAGE][PASSED] - Object: 'Object Repository/TF17/Page_Filialsuche - BVR HTML Prototy (1)/span_Berliner Volksbank eG Fil_6' is clicked on

2018-03-07 13:54:10 - [TEST_STEP][PASSED] - click: Object: 'Object Repository/TF17/Page_Filialsuche - BVR HTML Prototy (1)/span_Berliner Volksbank eG Fin_7' is clicked on

2018-03-07 13:54:11 - [MESSAGE][PASSED] - Object: 'Object Repository/TF17/Page_Filialsuche - BVR HTML Prototy (1)/span_Berliner Volksbank eG Fin_7' is clicked on

2018-03-07 13:54:11 - [TEST_STEP][PASSED] - click: Object: 'Object Repository/TF17/Page_Filialsuche - BVR HTML Prototy (1)/span_Berliner Volksbank eG Fil_7' is clicked on

2018-03-07 13:54:11 - [MESSAGE][PASSED] - Object: 'Object Repository/TF17/Page_Filialsuche - BVR HTML Prototy (1)/span_Berliner Volksbank eG Fil_7' is clicked on

2018-03-07 13:54:11 - [TEST_STEP][PASSED] - click: Object: 'Object Repository/TF17/Page_Filialsuche - BVR HTML Prototy (1)/span_Berliner Volksbank eG Fil_8' is clicked on

2018-03-07 13:54:11 - [MESSAGE][PASSED] - Object: 'Object Repository/TF17/Page_Filialsuche - BVR HTML Prototy (1)/span_Berliner Volksbank eG Fil_8' is clicked on

2018-03-07 13:54:11 - [TEST_STEP][PASSED] - click: Object: 'Object Repository/TF17/Page_Filialsuche - BVR HTML Prototy (1)/a_5' is clicked on

2018-03-07 13:54:11 - [MESSAGE][PASSED] - Object: 'Object Repository/TF17/Page_Filialsuche - BVR HTML Prototy (1)/a_5' is clicked on

2018-03-07 13:54:11 - [TEST_STEP][PASSED] - click: Object: 'Object Repository/TF17/Page_Filialsuche - BVR HTML Prototy (1)/span_Berliner Volksbank eG Fil_9' is clicked on

2018-03-07 13:54:12 - [MESSAGE][PASSED] - Object: 'Object Repository/TF17/Page_Filialsuche - BVR HTML Prototy (1)/span_Berliner Volksbank eG Fil_9' is clicked on

2018-03-07 13:54:12 - [TEST_STEP][PASSED] - click: Object: 'Object Repository/TF17/Page_Filialsuche - BVR HTML Prototy (1)/span_Berliner Volksbank eG Fil_10' is clicked on

2018-03-07 13:54:12 - [MESSAGE][PASSED] - Object: 'Object Repository/TF17/Page_Filialsuche - BVR HTML Prototy (1)/span_Berliner Volksbank eG Fil_10' is clicked on

2018-03-07 13:54:12 - [TEST_STEP][PASSED] - click: Object: 'Object Repository/TF17/Page_Filialsuche - BVR HTML Prototy (1)/span_Berliner Volksbank eG Fil_11' is clicked on

2018-03-07 13:54:12 - [MESSAGE][PASSED] - Object: 'Object Repository/TF17/Page_Filialsuche - BVR HTML Prototy (1)/span_Berliner Volksbank eG Fil_11' is clicked on

2018-03-07 13:54:12 - [TEST_STEP][PASSED] - click: Object: 'Object Repository/TF17/Page_Filialsuche - BVR HTML Prototy (1)/span_Berliner Volksbank eG Fil_12' is clicked on

2018-03-07 13:54:12 - [MESSAGE][PASSED] - Object: 'Object Repository/TF17/Page_Filialsuche - BVR HTML Prototy (1)/span_Berliner Volksbank eG Fil_12' is clicked on

2018-03-07 13:54:12 - [TEST_STEP][PASSED] - click: Object: 'Object Repository/TF17/Page_Filialsuche - BVR HTML Prototy (1)/span_Berliner Volksbank eG Fil_13' is clicked on

2018-03-07 13:54:13 - [MESSAGE][PASSED] - Object: 'Object Repository/TF17/Page_Filialsuche - BVR HTML Prototy (1)/span_Berliner Volksbank eG Fil_13' is clicked on

2018-03-07 13:54:13 - [TEST_STEP][PASSED] - delay: Delayed 2 second(s)

2018-03-07 13:54:15 - [MESSAGE][PASSED] - Delayed 2 second(s)

2018-03-07 13:54:15 - [TEST_STEP][PASSED] - verifyTextPresent: Text 'Scharnweberstr. 14' is present on page 

2018-03-07 13:54:17 - [MESSAGE][PASSED] - Text 'Scharnweberstr. 14' is present on page 

2018-03-07 13:54:17 - [TEST_STEP][PASSED] - verifyTextPresent: Text '13405 Berlin' is present on page 

2018-03-07 13:54:19 - [MESSAGE][PASSED] - Text '13405 Berlin' is present on page 

2018-03-07 13:54:19 - [TEST_STEP][PASSED] - click: Object: 'Object Repository/TF17/Page_Filialsuche - BVR HTML Prototy (1)/span_Berliner Volksbank eG Fin_8' is clicked on

2018-03-07 13:54:20 - [MESSAGE][PASSED] - Object: 'Object Repository/TF17/Page_Filialsuche - BVR HTML Prototy (1)/span_Berliner Volksbank eG Fin_8' is clicked on

2018-03-07 13:54:20 - [TEST_STEP][PASSED] - delay: Delayed 2 second(s)

2018-03-07 13:54:22 - [MESSAGE][PASSED] - Delayed 2 second(s)

2018-03-07 13:54:22 - [TEST_STEP][PASSED] - verifyTextPresent: Text 'Schlostr. 46' is present on page 

2018-03-07 13:54:24 - [MESSAGE][PASSED] - Text 'Schlostr. 46' is present on page 

2018-03-07 13:54:24 - [TEST_STEP][PASSED] - verifyTextPresent: Text '12165 Berlin' is present on page 

2018-03-07 13:54:26 - [MESSAGE][PASSED] - Text '12165 Berlin' is present on page 

2018-03-07 13:54:26 - [TEST_STEP][PASSED] - click: Object: 'Object Repository/TF17/Page_Filialsuche - BVR HTML Prototy (1)/a_6' is clicked on

2018-03-07 13:54:27 - [MESSAGE][PASSED] - Object: 'Object Repository/TF17/Page_Filialsuche - BVR HTML Prototy (1)/a_6' is clicked on

2018-03-07 13:54:27 - [TEST_STEP][PASSED] - click: Object: 'Object Repository/TF17/Page_Filialsuche - BVR HTML Prototy (1)/span_Berliner Volksbank eG Fil_14' is clicked on

2018-03-07 13:54:27 - [MESSAGE][PASSED] - Object: 'Object Repository/TF17/Page_Filialsuche - BVR HTML Prototy (1)/span_Berliner Volksbank eG Fil_14' is clicked on

2018-03-07 13:54:27 - [TEST_STEP][PASSED] - click: Object: 'Object Repository/TF17/Page_Filialsuche - BVR HTML Prototy (1)/span_Berliner Volksbank eG Fin_9' is clicked on

2018-03-07 13:54:27 - [MESSAGE][PASSED] - Object: 'Object Repository/TF17/Page_Filialsuche - BVR HTML Prototy (1)/span_Berliner Volksbank eG Fin_9' is clicked on

2018-03-07 13:54:27 - [TEST_STEP][PASSED] - click: Object: 'Object Repository/TF17/Page_Filialsuche - BVR HTML Prototy (1)/span_Berliner Volksbank eG Fil_15' is clicked on

2018-03-07 13:54:27 - [MESSAGE][PASSED] - Object: 'Object Repository/TF17/Page_Filialsuche - BVR HTML Prototy (1)/span_Berliner Volksbank eG Fil_15' is clicked on

2018-03-07 13:54:27 - [TEST_STEP][PASSED] - delay: Delayed 2 second(s)

2018-03-07 13:54:29 - [MESSAGE][PASSED] - Delayed 2 second(s)

2018-03-07 13:54:29 - [TEST_STEP][PASSED] - verifyTextPresent: Text 'Tempelhofer Damm 159' is present on page 

2018-03-07 13:54:32 - [MESSAGE][PASSED] - Text 'Tempelhofer Damm 159' is present on page 

2018-03-07 13:54:32 - [TEST_STEP][PASSED] - verifyTextPresent: Text '12099 Berlin' is present on page 

2018-03-07 13:54:34 - [MESSAGE][PASSED] - Text '12099 Berlin' is present on page 

2018-03-07 13:54:34 - [TEST_STEP][PASSED] - click: Object: 'Object Repository/TF17/Page_Filialsuche - BVR HTML Prototy (1)/span_Berliner Volksbank eG Fin_10' is clicked on

2018-03-07 13:54:35 - [MESSAGE][PASSED] - Object: 'Object Repository/TF17/Page_Filialsuche - BVR HTML Prototy (1)/span_Berliner Volksbank eG Fin_10' is clicked on

2018-03-07 13:54:35 - [TEST_STEP][PASSED] - delay: Delayed 2 second(s)

2018-03-07 13:54:37 - [MESSAGE][PASSED] - Delayed 2 second(s)

2018-03-07 13:54:37 - [TEST_STEP][PASSED] - verifyTextPresent: Text 'Wilmersdorfer Strae 65/66' is present on page 

2018-03-07 13:54:39 - [MESSAGE][PASSED] - Text 'Wilmersdorfer Strae 65/66' is present on page 

2018-03-07 13:54:39 - [TEST_STEP][PASSED] - verifyTextPresent: Text '10627 Berlin' is present on page 

2018-03-07 13:54:42 - [MESSAGE][PASSED] - Text '10627 Berlin' is present on page 

2018-03-07 13:54:42 - [TEST_STEP][PASSED] - click: Object: 'Object Repository/TF17/Page_Filialsuche - BVR HTML Prototy (1)/span_Berliner Volksbank eG' is clicked on

2018-03-07 13:54:42 - [MESSAGE][PASSED] - Object: 'Object Repository/TF17/Page_Filialsuche - BVR HTML Prototy (1)/span_Berliner Volksbank eG' is clicked on

2018-03-07 13:54:42 - [TEST_STEP][PASSED] - click: Object: 'Object Repository/TF17/Page_Filialsuche - BVR HTML Prototy (1)/span_Berliner Volksbank eG Fin_11' is clicked on

2018-03-07 13:54:42 - [MESSAGE][PASSED] - Object: 'Object Repository/TF17/Page_Filialsuche - BVR HTML Prototy (1)/span_Berliner Volksbank eG Fin_11' is clicked on

2018-03-07 13:54:42 - [TEST_STEP][PASSED] - click: Object: 'Object Repository/TF17/Page_Filialsuche - BVR HTML Prototy (1)/a_7' is clicked on

2018-03-07 13:54:42 - [MESSAGE][PASSED] - Object: 'Object Repository/TF17/Page_Filialsuche - BVR HTML Prototy (1)/a_7' is clicked on

2018-03-07 13:54:42 - [TEST_STEP][PASSED] - click: Object: 'Object Repository/TF17/Page_Filialsuche - BVR HTML Prototy (1)/span_Berliner Volksbank eG Fil_16' is clicked on

2018-03-07 13:54:43 - [MESSAGE][PASSED] - Object: 'Object Repository/TF17/Page_Filialsuche - BVR HTML Prototy (1)/span_Berliner Volksbank eG Fil_16' is clicked on

2018-03-07 13:54:43 - [TEST_STEP][PASSED] - delay: Delayed 2 second(s)

2018-03-07 13:54:45 - [MESSAGE][PASSED] - Delayed 2 second(s)

2018-03-07 13:54:45 - [TEST_STEP][PASSED] - verifyTextPresent: Text 'Wormser Str. 6' is present on page 

2018-03-07 13:54:47 - [MESSAGE][PASSED] - Text 'Wormser Str. 6' is present on page 

2018-03-07 13:54:47 - [TEST_STEP][PASSED] - verifyTextPresent: Text '10789 Berlin' is present on page 

2018-03-07 13:54:49 - [MESSAGE][PASSED] - Text '10789 Berlin' is present on page 

2018-03-07 13:54:49 - [TEST_STEP][PASSED] - closeBrowser: Browser is closed

2018-03-07 13:54:50 - [MESSAGE][PASSED] - Browser is closed]]></system-out>
         <system-err><![CDATA[]]></system-err>
      </testcase>
      <testcase name="Test Cases/Prototyp_Filialsuche (RC 18)/18_Testfall" classname="Test Cases/Prototyp_Filialsuche (RC 18)/18_Testfall" status="PASSED">
         <system-out><![CDATA[2018-03-07 13:54:50 - [TEST_CASE][PASSED] - Test Cases/Prototyp_Filialsuche (RC 18)/18_Testfall: Test Cases/Prototyp_Filialsuche (RC 18)/18_Testfall

2018-03-07 13:54:50 - [TEST_STEP][PASSED] - openBrowser: Browser is opened with url: ''

2018-03-07 13:54:53 - [MESSAGE][PASSED] - Browser is opened with url: ''

2018-03-07 13:54:53 - [TEST_STEP][PASSED] - deleteAllCookies: Delete all cookies successfully

2018-03-07 13:54:53 - [MESSAGE][PASSED] - Delete all cookies successfully

2018-03-07 13:54:53 - [TEST_STEP][PASSED] - maximizeWindow: Current window maximized

2018-03-07 13:54:53 - [MESSAGE][PASSED] - Current window maximized

2018-03-07 13:54:53 - [TEST_STEP][PASSED] - navigateToUrl: Navigate to 'http://rc-ogrhtmlprototyp.testintern/18-1-0/filialsuche-rotenburg.html' successfully

2018-03-07 13:54:55 - [MESSAGE][PASSED] - Navigate to 'http://rc-ogrhtmlprototyp.testintern/18-1-0/filialsuche-rotenburg.html' successfully

2018-03-07 13:54:55 - [TEST_STEP][PASSED] - waitForPageLoad: Wait for page load successfully

2018-03-07 13:54:55 - [MESSAGE][WARNING] - Timeout '0' is invalid. Using default page load timeout: '30'

2018-03-07 13:54:55 - [MESSAGE][PASSED] - Wait for page load successfully

2018-03-07 13:54:55 - [TEST_STEP][PASSED] - delay: Delayed 4 second(s)

2018-03-07 13:54:59 - [MESSAGE][PASSED] - Delayed 4 second(s)

2018-03-07 13:54:59 - [TEST_STEP][PASSED] - click: Object: 'Object Repository/03/Page_Filialsuche-rotenburg - BVR HT/svg_dropdown-icons' is clicked on

2018-03-07 13:55:00 - [MESSAGE][PASSED] - Object: 'Object Repository/03/Page_Filialsuche-rotenburg - BVR HT/svg_dropdown-icons' is clicked on

2018-03-07 13:55:00 - [TEST_STEP][PASSED] - delay: Delayed 2 second(s)

2018-03-07 13:55:02 - [MESSAGE][PASSED] - Delayed 2 second(s)

2018-03-07 13:55:02 - [TEST_STEP][PASSED] - mouseOver: Object: 'Object Repository/002/Page_Filialsuche-rotenburg - BVR HT/div_Bad Hersfeld' is hovered

2018-03-07 13:55:02 - [MESSAGE][PASSED] - Object: 'Object Repository/002/Page_Filialsuche-rotenburg - BVR HT/div_Bad Hersfeld' is hovered

2018-03-07 13:55:02 - [TEST_STEP][PASSED] - delay: Delayed 2 second(s)

2018-03-07 13:55:04 - [MESSAGE][PASSED] - Delayed 2 second(s)

2018-03-07 13:55:04 - [TEST_STEP][PASSED] - click: Object: 'Object Repository/03/Page_Filialsuche-rotenburg - BVR HT/div_Bad Hersfeld' is clicked on

2018-03-07 13:55:04 - [MESSAGE][PASSED] - Object: 'Object Repository/03/Page_Filialsuche-rotenburg - BVR HT/div_Bad Hersfeld' is clicked on

2018-03-07 13:55:04 - [TEST_STEP][PASSED] - delay: Delayed 2 second(s)

2018-03-07 13:55:06 - [MESSAGE][PASSED] - Delayed 2 second(s)

2018-03-07 13:55:06 - [TEST_STEP][PASSED] - click: Object: 'Object Repository/03/Page_Filialsuche-rotenburg - BVR HT/div_acc-wrapper' is clicked on

2018-03-07 13:55:06 - [MESSAGE][PASSED] - Object: 'Object Repository/03/Page_Filialsuche-rotenburg - BVR HT/div_acc-wrapper' is clicked on

2018-03-07 13:55:06 - [TEST_STEP][PASSED] - delay: Delayed 2 second(s)

2018-03-07 13:55:08 - [MESSAGE][PASSED] - Delayed 2 second(s)

2018-03-07 13:55:08 - [TEST_STEP][PASSED] - click: Object: 'Object Repository/03/Page_Filialsuche-rotenburg - BVR HT/a_Anfahrt' is clicked on

2018-03-07 13:55:08 - [MESSAGE][PASSED] - Object: 'Object Repository/03/Page_Filialsuche-rotenburg - BVR HT/a_Anfahrt' is clicked on

2018-03-07 13:55:08 - [TEST_STEP][PASSED] - setText: Text '10555' is set on object 'Object Repository/03/Page_Filialsuche-rotenburg - BVR HT/input_street'

2018-03-07 13:55:08 - [MESSAGE][PASSED] - Text '10555' is set on object 'Object Repository/03/Page_Filialsuche-rotenburg - BVR HT/input_street'

2018-03-07 13:55:08 - [TEST_STEP][PASSED] - setText: Text '10555' is set on object 'Object Repository/03/Page_Filialsuche-rotenburg - BVR HT/input_city'

2018-03-07 13:55:08 - [MESSAGE][PASSED] - Text '10555' is set on object 'Object Repository/03/Page_Filialsuche-rotenburg - BVR HT/input_city'

2018-03-07 13:55:08 - [TEST_STEP][PASSED] - setText: Text 'agricolastr' is set on object 'Object Repository/03/Page_Filialsuche-rotenburg - BVR HT/input_street'

2018-03-07 13:55:08 - [MESSAGE][PASSED] - Text 'agricolastr' is set on object 'Object Repository/03/Page_Filialsuche-rotenburg - BVR HT/input_street'

2018-03-07 13:55:08 - [TEST_STEP][PASSED] - click: Object: 'Object Repository/03/Page_Filialsuche-rotenburg - BVR HT/a_Zurck' is clicked on

2018-03-07 13:55:09 - [MESSAGE][PASSED] - Object: 'Object Repository/03/Page_Filialsuche-rotenburg - BVR HT/a_Zurck' is clicked on

2018-03-07 13:55:09 - [TEST_STEP][PASSED] - click: Object: 'Object Repository/03/Page_Filialsuche-rotenburg - BVR HT/div_aps-map__custom-marker' is clicked on

2018-03-07 13:55:09 - [MESSAGE][PASSED] - Object: 'Object Repository/03/Page_Filialsuche-rotenburg - BVR HT/div_aps-map__custom-marker' is clicked on

2018-03-07 13:55:09 - [TEST_STEP][PASSED] - click: Object: 'Object Repository/03/Page_Filialsuche-rotenburg - BVR HT/a_Anfahrt_1' is clicked on

2018-03-07 13:55:09 - [MESSAGE][PASSED] - Object: 'Object Repository/03/Page_Filialsuche-rotenburg - BVR HT/a_Anfahrt_1' is clicked on

2018-03-07 13:55:09 - [TEST_STEP][PASSED] - click: Object: 'Object Repository/03/Page_Filialsuche-rotenburg - BVR HT/a_Zurck' is clicked on

2018-03-07 13:55:09 - [MESSAGE][PASSED] - Object: 'Object Repository/03/Page_Filialsuche-rotenburg - BVR HT/a_Zurck' is clicked on

2018-03-07 13:55:09 - [TEST_STEP][PASSED] - delay: Delayed 2 second(s)

2018-03-07 13:55:11 - [MESSAGE][PASSED] - Delayed 2 second(s)

2018-03-07 13:55:11 - [TEST_STEP][PASSED] - click: Object: 'Object Repository/03/Page_Filialsuche-rotenburg - BVR HT/svg_dropdown-icons' is clicked on

2018-03-07 13:55:12 - [MESSAGE][PASSED] - Object: 'Object Repository/03/Page_Filialsuche-rotenburg - BVR HT/svg_dropdown-icons' is clicked on

2018-03-07 13:55:12 - [TEST_STEP][PASSED] - mouseOver: Object: 'Object Repository/03/Page_Filialsuche-rotenburg - BVR HT/div_Kirchheim' is hovered

2018-03-07 13:55:12 - [MESSAGE][PASSED] - Object: 'Object Repository/03/Page_Filialsuche-rotenburg - BVR HT/div_Kirchheim' is hovered

2018-03-07 13:55:12 - [TEST_STEP][PASSED] - click: Object: 'Object Repository/03/Page_Filialsuche-rotenburg - BVR HT/div_Kirchheim' is clicked on

2018-03-07 13:55:12 - [MESSAGE][PASSED] - Object: 'Object Repository/03/Page_Filialsuche-rotenburg - BVR HT/div_Kirchheim' is clicked on

2018-03-07 13:55:12 - [TEST_STEP][PASSED] - delay: Delayed 2 second(s)

2018-03-07 13:55:14 - [MESSAGE][PASSED] - Delayed 2 second(s)

2018-03-07 13:55:14 - [TEST_STEP][PASSED] - verifyTextPresent: Text 'Hauptstr. 11' is present on page 

2018-03-07 13:55:15 - [MESSAGE][PASSED] - Text 'Hauptstr. 11' is present on page 

2018-03-07 13:55:15 - [TEST_STEP][PASSED] - closeBrowser: Browser is closed

2018-03-07 13:55:15 - [MESSAGE][PASSED] - Browser is closed]]></system-out>
         <system-err><![CDATA[]]></system-err>
      </testcase>
      <testcase name="Test Cases/Prototyp_Filialsuche (RC 18)/19_Testfall" classname="Test Cases/Prototyp_Filialsuche (RC 18)/19_Testfall" status="FAILED">
         <failure type="FAILED" message="Unable to click on object 'Object Repository/44_TF/Page_Filialsuche - BVR HTML Prototy/a_Weiter' (Root cause: org.openqa.selenium.ElementClickInterceptedException: Element &lt;a href=&quot;#&quot;> is not clickable at point (813.5,1077) because another element &lt;div class=&quot;ogr-preloader ogr-is-visible&quot;> obscures it
Build info: version: '3.7.1', revision: '8a0099a', time: '2017-11-06T21:07:36.161Z'
System info: host: 'UNITB-DELL22', ip: '192.168.134.63', os.name: 'Windows 7', os.arch: 'amd64', os.version: '6.1', java.version: '1.8.0_102'
Driver info: com.kms.katalon.core.webui.driver.firefox.CGeckoDriver
Capabilities {acceptInsecureCerts: true, browserName: firefox, browserVersion: 58.0.2, javascriptEnabled: true, moz:accessibilityChecks: false, moz:headless: false, moz:processID: 8752, moz:profile: C:\Users\lbut\AppData\Local..., moz:webdriverClick: true, pageLoadStrategy: normal, platform: XP, platformName: XP, platformVersion: 6.1, proxy: Proxy(direct), rotatable: false, timeouts: {implicit: 0, pageLoad: 300000, script: 30000}}
Session ID: 89891971-8fd5-42ac-bccb-e5b753460cda)"/>
         <system-out><![CDATA[2018-03-07 13:55:15 - [TEST_CASE][FAILED] - Test Cases/Prototyp_Filialsuche (RC 18)/19_Testfall: Test Cases/Prototyp_Filialsuche (RC 18)/19_Testfall FAILED because (of) Unable to click on object 'Object Repository/44_TF/Page_Filialsuche - BVR HTML Prototy/a_Weiter' (Root cause: org.openqa.selenium.ElementClickInterceptedException: Element <a href="#"> is not clickable at point (813.5,1077) because another element <div class="ogr-preloader ogr-is-visible"> obscures it
Build info: version: '3.7.1', revision: '8a0099a', time: '2017-11-06T21:07:36.161Z'
System info: host: 'UNITB-DELL22', ip: '192.168.134.63', os.name: 'Windows 7', os.arch: 'amd64', os.version: '6.1', java.version: '1.8.0_102'
Driver info: com.kms.katalon.core.webui.driver.firefox.CGeckoDriver
Capabilities {acceptInsecureCerts: true, browserName: firefox, browserVersion: 58.0.2, javascriptEnabled: true, moz:accessibilityChecks: false, moz:headless: false, moz:processID: 8752, moz:profile: C:\Users\lbut\AppData\Local..., moz:webdriverClick: true, pageLoadStrategy: normal, platform: XP, platformName: XP, platformVersion: 6.1, proxy: Proxy(direct), rotatable: false, timeouts: {implicit: 0, pageLoad: 300000, script: 30000}}
Session ID: 89891971-8fd5-42ac-bccb-e5b753460cda)

2018-03-07 13:55:15 - [TEST_STEP][PASSED] - openBrowser: Browser is opened with url: ''

2018-03-07 13:55:18 - [MESSAGE][PASSED] - Browser is opened with url: ''

2018-03-07 13:55:18 - [TEST_STEP][PASSED] - maximizeWindow: Current window maximized

2018-03-07 13:55:18 - [MESSAGE][PASSED] - Current window maximized

2018-03-07 13:55:18 - [TEST_STEP][PASSED] - navigateToUrl: Navigate to 'http://rc-ogrhtmlprototyp.testintern/18-1-0/filialsuche.html' successfully

2018-03-07 13:55:19 - [MESSAGE][PASSED] - Navigate to 'http://rc-ogrhtmlprototyp.testintern/18-1-0/filialsuche.html' successfully

2018-03-07 13:55:19 - [TEST_STEP][FAILED] - click: Unable to click on object 'Object Repository/44_TF/Page_Filialsuche - BVR HTML Prototy/a_Weiter' (Root cause: org.openqa.selenium.ElementClickInterceptedException: Element <a href="#"> is not clickable at point (813.5,1077) because another element <div class="ogr-preloader ogr-is-visible"> obscures it
Build info: version: '3.7.1', revision: '8a0099a', time: '2017-11-06T21:07:36.161Z'
System info: host: 'UNITB-DELL22', ip: '192.168.134.63', os.name: 'Windows 7', os.arch: 'amd64', os.version: '6.1', java.version: '1.8.0_102'
Driver info: com.kms.katalon.core.webui.driver.firefox.CGeckoDriver
Capabilities {acceptInsecureCerts: true, browserName: firefox, browserVersion: 58.0.2, javascriptEnabled: true, moz:accessibilityChecks: false, moz:headless: false, moz:processID: 8752, moz:profile: C:\Users\lbut\AppData\Local..., moz:webdriverClick: true, pageLoadStrategy: normal, platform: XP, platformName: XP, platformVersion: 6.1, proxy: Proxy(direct), rotatable: false, timeouts: {implicit: 0, pageLoad: 300000, script: 30000}}
Session ID: 89891971-8fd5-42ac-bccb-e5b753460cda)

2018-03-07 13:55:20 - [MESSAGE][FAILED] - Unable to click on object 'Object Repository/44_TF/Page_Filialsuche - BVR HTML Prototy/a_Weiter' (Root cause: org.openqa.selenium.ElementClickInterceptedException: Element <a href="#"> is not clickable at point (813.5,1077) because another element <div class="ogr-preloader ogr-is-visible"> obscures it
Build info: version: '3.7.1', revision: '8a0099a', time: '2017-11-06T21:07:36.161Z'
System info: host: 'UNITB-DELL22', ip: '192.168.134.63', os.name: 'Windows 7', os.arch: 'amd64', os.version: '6.1', java.version: '1.8.0_102'
Driver info: com.kms.katalon.core.webui.driver.firefox.CGeckoDriver
Capabilities {acceptInsecureCerts: true, browserName: firefox, browserVersion: 58.0.2, javascriptEnabled: true, moz:accessibilityChecks: false, moz:headless: false, moz:processID: 8752, moz:profile: C:\Users\lbut\AppData\Local..., moz:webdriverClick: true, pageLoadStrategy: normal, platform: XP, platformName: XP, platformVersion: 6.1, proxy: Proxy(direct), rotatable: false, timeouts: {implicit: 0, pageLoad: 300000, script: 30000}}
Session ID: 89891971-8fd5-42ac-bccb-e5b753460cda)
[[ATTACHMENT|C:\\Users\\lbut\\Downloads\\Prototyp_28_02\\Prototyp1\\Reports\\Prototyp_Filialsuche (RC 18)\\20180307_134830\\1520427320590.png]]]]></system-out>
         <system-err><![CDATA[2018-03-07 13:55:15 - [TEST_CASE][FAILED] - Test Cases/Prototyp_Filialsuche (RC 18)/19_Testfall: Test Cases/Prototyp_Filialsuche (RC 18)/19_Testfall FAILED because (of) Unable to click on object 'Object Repository/44_TF/Page_Filialsuche - BVR HTML Prototy/a_Weiter' (Root cause: org.openqa.selenium.ElementClickInterceptedException: Element <a href="#"> is not clickable at point (813.5,1077) because another element <div class="ogr-preloader ogr-is-visible"> obscures it
Build info: version: '3.7.1', revision: '8a0099a', time: '2017-11-06T21:07:36.161Z'
System info: host: 'UNITB-DELL22', ip: '192.168.134.63', os.name: 'Windows 7', os.arch: 'amd64', os.version: '6.1', java.version: '1.8.0_102'
Driver info: com.kms.katalon.core.webui.driver.firefox.CGeckoDriver
Capabilities {acceptInsecureCerts: true, browserName: firefox, browserVersion: 58.0.2, javascriptEnabled: true, moz:accessibilityChecks: false, moz:headless: false, moz:processID: 8752, moz:profile: C:\Users\lbut\AppData\Local..., moz:webdriverClick: true, pageLoadStrategy: normal, platform: XP, platformName: XP, platformVersion: 6.1, proxy: Proxy(direct), rotatable: false, timeouts: {implicit: 0, pageLoad: 300000, script: 30000}}
Session ID: 89891971-8fd5-42ac-bccb-e5b753460cda)]]></system-err>
      </testcase>
      <testcase name="Test Cases/Prototyp_Filialsuche (RC 18)/20_Testfall" classname="Test Cases/Prototyp_Filialsuche (RC 18)/20_Testfall" status="PASSED">
         <system-out><![CDATA[2018-03-07 13:55:20 - [TEST_CASE][PASSED] - Test Cases/Prototyp_Filialsuche (RC 18)/20_Testfall: Test Cases/Prototyp_Filialsuche (RC 18)/20_Testfall

2018-03-07 13:55:20 - [TEST_STEP][PASSED] - openBrowser: Browser is opened with url: ''

2018-03-07 13:55:20 - [MESSAGE][WARNING] - A browser is already opened. Closing browser and opening a new one

2018-03-07 13:55:23 - [MESSAGE][PASSED] - Browser is opened with url: ''

2018-03-07 13:55:23 - [TEST_STEP][PASSED] - maximizeWindow: Current window maximized

2018-03-07 13:55:23 - [MESSAGE][PASSED] - Current window maximized

2018-03-07 13:55:23 - [TEST_STEP][PASSED] - deleteAllCookies: Delete all cookies successfully

2018-03-07 13:55:23 - [MESSAGE][PASSED] - Delete all cookies successfully

2018-03-07 13:55:23 - [TEST_STEP][PASSED] - navigateToUrl: Navigate to 'http://rc-ogrhtmlprototyp.testintern/18-1-0/filialsuche-wangen-textinput.html' successfully

2018-03-07 13:55:25 - [MESSAGE][PASSED] - Navigate to 'http://rc-ogrhtmlprototyp.testintern/18-1-0/filialsuche-wangen-textinput.html' successfully

2018-03-07 13:55:25 - [TEST_STEP][PASSED] - delay: Delayed 5 second(s)

2018-03-07 13:55:30 - [MESSAGE][PASSED] - Delayed 5 second(s)

2018-03-07 13:55:30 - [TEST_STEP][PASSED] - setText: Text 'Rechberghausen' is set on object 'Object Repository/Filialsuche_Inputtext'

2018-03-07 13:55:30 - [MESSAGE][PASSED] - Text 'Rechberghausen' is set on object 'Object Repository/Filialsuche_Inputtext'

2018-03-07 13:55:30 - [TEST_STEP][PASSED] - delay: Delayed 2 second(s)

2018-03-07 13:55:32 - [MESSAGE][PASSED] - Delayed 2 second(s)

2018-03-07 13:55:32 - [TEST_STEP][PASSED] - submit: The form containing object: 'Object Repository/Filialsuche_submit_button' is submitted

2018-03-07 13:55:32 - [MESSAGE][PASSED] - The form containing object: 'Object Repository/Filialsuche_submit_button' is submitted

2018-03-07 13:55:32 - [TEST_STEP][PASSED] - delay: Delayed 2 second(s)

2018-03-07 13:55:34 - [MESSAGE][PASSED] - Delayed 2 second(s)

2018-03-07 13:55:34 - [TEST_STEP][PASSED] - verifyElementVisible: Object 'Object Repository/Entfernung_filialsuche' is visible

2018-03-07 13:55:34 - [MESSAGE][PASSED] - Object 'Object Repository/Entfernung_filialsuche' is visible

2018-03-07 13:55:34 - [TEST_STEP][PASSED] - closeBrowser: Browser is closed

2018-03-07 13:55:34 - [MESSAGE][PASSED] - Browser is closed]]></system-out>
         <system-err><![CDATA[]]></system-err>
      </testcase>
      <testcase name="Test Cases/Prototyp_Filialsuche (RC 18)/21_Testfall" classname="Test Cases/Prototyp_Filialsuche (RC 18)/21_Testfall" status="PASSED">
         <system-out><![CDATA[2018-03-07 13:55:34 - [TEST_CASE][PASSED] - Test Cases/Prototyp_Filialsuche (RC 18)/21_Testfall: Test Cases/Prototyp_Filialsuche (RC 18)/21_Testfall

2018-03-07 13:55:34 - [TEST_STEP][PASSED] - openBrowser: Browser is opened with url: ''

2018-03-07 13:55:37 - [MESSAGE][PASSED] - Browser is opened with url: ''

2018-03-07 13:55:37 - [TEST_STEP][PASSED] - maximizeWindow: Current window maximized

2018-03-07 13:55:37 - [MESSAGE][PASSED] - Current window maximized

2018-03-07 13:55:37 - [TEST_STEP][PASSED] - deleteAllCookies: Delete all cookies successfully

2018-03-07 13:55:37 - [MESSAGE][PASSED] - Delete all cookies successfully

2018-03-07 13:55:37 - [TEST_STEP][PASSED] - navigateToUrl: Navigate to 'http://rc-ogrhtmlprototyp.testintern/18-1-0/filialsuche.html' successfully

2018-03-07 13:55:39 - [MESSAGE][PASSED] - Navigate to 'http://rc-ogrhtmlprototyp.testintern/18-1-0/filialsuche.html' successfully

2018-03-07 13:55:39 - [TEST_STEP][PASSED] - waitForPageLoad: Wait for page load successfully

2018-03-07 13:55:39 - [MESSAGE][WARNING] - Timeout '0' is invalid. Using default page load timeout: '30'

2018-03-07 13:55:39 - [MESSAGE][PASSED] - Wait for page load successfully

2018-03-07 13:55:39 - [TEST_STEP][PASSED] - delay: Delayed 2 second(s)

2018-03-07 13:55:41 - [MESSAGE][PASSED] - Delayed 2 second(s)

2018-03-07 13:55:41 - [TEST_STEP][PASSED] - click: Object: 'Object Repository/03/Page_Filialsuche-rotenburg - BVR HT/svg_dropdown-icons' is clicked on

2018-03-07 13:55:41 - [MESSAGE][PASSED] - Object: 'Object Repository/03/Page_Filialsuche-rotenburg - BVR HT/svg_dropdown-icons' is clicked on

2018-03-07 13:55:41 - [TEST_STEP][PASSED] - delay: Delayed 2 second(s)

2018-03-07 13:55:43 - [MESSAGE][PASSED] - Delayed 2 second(s)

2018-03-07 13:55:43 - [TEST_STEP][PASSED] - mouseOver: Object: 'Object Repository/002/Page_Filialsuche - BVR HTML Prototy/div_Berlin' is hovered

2018-03-07 13:55:43 - [MESSAGE][PASSED] - Object: 'Object Repository/002/Page_Filialsuche - BVR HTML Prototy/div_Berlin' is hovered

2018-03-07 13:55:43 - [TEST_STEP][PASSED] - delay: Delayed 2 second(s)

2018-03-07 13:55:45 - [MESSAGE][PASSED] - Delayed 2 second(s)

2018-03-07 13:55:45 - [TEST_STEP][PASSED] - click: Object: 'Object Repository/002/Page_Filialsuche - BVR HTML Prototy/div_Berlin' is clicked on

2018-03-07 13:55:45 - [MESSAGE][PASSED] - Object: 'Object Repository/002/Page_Filialsuche - BVR HTML Prototy/div_Berlin' is clicked on

2018-03-07 13:55:45 - [TEST_STEP][PASSED] - delay: Delayed 5 second(s)

2018-03-07 13:55:50 - [MESSAGE][PASSED] - Delayed 5 second(s)

2018-03-07 13:55:50 - [TEST_STEP][PASSED] - verifyElementNotPresent: Web element with id: 'Object Repository/Akkordeon_plus_filialsuche' located by 'By.xpath: //a[@class='acc-header acc-header--open']' is not present after '5' second(s)

2018-03-07 13:55:50 - [MESSAGE][PASSED] - Web element with id: 'Object Repository/Akkordeon_plus_filialsuche' located by 'By.xpath: //a[@class='acc-header acc-header--open']' is not present after '5' second(s)

2018-03-07 13:55:50 - [TEST_STEP][PASSED] - closeBrowser: Browser is closed

2018-03-07 13:55:51 - [MESSAGE][PASSED] - Browser is closed]]></system-out>
         <system-err><![CDATA[]]></system-err>
      </testcase>
      <testcase name="Test Cases/Prototyp_Filialsuche (RC 18)/22_Testfall" classname="Test Cases/Prototyp_Filialsuche (RC 18)/22_Testfall" status="PASSED">
         <system-out><![CDATA[2018-03-07 13:55:51 - [TEST_CASE][PASSED] - Test Cases/Prototyp_Filialsuche (RC 18)/22_Testfall: Test Cases/Prototyp_Filialsuche (RC 18)/22_Testfall

2018-03-07 13:55:51 - [TEST_STEP][PASSED] - openBrowser: Browser is opened with url: ''

2018-03-07 13:55:53 - [MESSAGE][PASSED] - Browser is opened with url: ''

2018-03-07 13:55:53 - [TEST_STEP][PASSED] - maximizeWindow: Current window maximized

2018-03-07 13:55:53 - [MESSAGE][PASSED] - Current window maximized

2018-03-07 13:55:53 - [TEST_STEP][PASSED] - deleteAllCookies: Delete all cookies successfully

2018-03-07 13:55:54 - [MESSAGE][PASSED] - Delete all cookies successfully

2018-03-07 13:55:54 - [TEST_STEP][PASSED] - navigateToUrl: Navigate to 'http://rc-ogrhtmlprototyp.testintern/18-1-0/home-6-filialsuche.html' successfully

2018-03-07 13:55:54 - [MESSAGE][PASSED] - Navigate to 'http://rc-ogrhtmlprototyp.testintern/18-1-0/home-6-filialsuche.html' successfully

2018-03-07 13:55:54 - [TEST_STEP][PASSED] - waitForPageLoad: Wait for page load successfully

2018-03-07 13:55:54 - [MESSAGE][WARNING] - Timeout '0' is invalid. Using default page load timeout: '30'

2018-03-07 13:55:54 - [MESSAGE][PASSED] - Wait for page load successfully

2018-03-07 13:55:54 - [TEST_STEP][PASSED] - delay: Delayed 2 second(s)

2018-03-07 13:55:56 - [MESSAGE][PASSED] - Delayed 2 second(s)

2018-03-07 13:55:56 - [TEST_STEP][PASSED] - click: Object: 'Object Repository/03/Page_Filialsuche-rotenburg - BVR HT/Page_Home-6-filialsuche - BVR HTML/svg_dropdown-icons' is clicked on

2018-03-07 13:55:56 - [MESSAGE][PASSED] - Object: 'Object Repository/03/Page_Filialsuche-rotenburg - BVR HT/Page_Home-6-filialsuche - BVR HTML/svg_dropdown-icons' is clicked on

2018-03-07 13:55:56 - [TEST_STEP][PASSED] - delay: Delayed 2 second(s)

2018-03-07 13:55:58 - [MESSAGE][PASSED] - Delayed 2 second(s)

2018-03-07 13:55:58 - [TEST_STEP][PASSED] - mouseOver: Object: 'Object Repository/002/Page_Home-6-filialsuche - BVR HTML/div_Berlin' is hovered

2018-03-07 13:55:59 - [MESSAGE][PASSED] - Object: 'Object Repository/002/Page_Home-6-filialsuche - BVR HTML/div_Berlin' is hovered

2018-03-07 13:55:59 - [TEST_STEP][PASSED] - delay: Delayed 2 second(s)

2018-03-07 13:56:01 - [MESSAGE][PASSED] - Delayed 2 second(s)

2018-03-07 13:56:01 - [TEST_STEP][PASSED] - click: Object: 'Object Repository/002/Page_Home-6-filialsuche - BVR HTML/div_Berlin' is clicked on

2018-03-07 13:56:01 - [MESSAGE][PASSED] - Object: 'Object Repository/002/Page_Home-6-filialsuche - BVR HTML/div_Berlin' is clicked on

2018-03-07 13:56:01 - [TEST_STEP][PASSED] - delay: Delayed 5 second(s)

2018-03-07 13:56:06 - [MESSAGE][PASSED] - Delayed 5 second(s)

2018-03-07 13:56:06 - [TEST_STEP][PASSED] - verifyElementNotPresent: Web element with id: 'Object Repository/Akkordeon_plus_filialsuche' located by 'By.xpath: //a[@class='acc-header acc-header--open']' is not present after '5' second(s)

2018-03-07 13:56:06 - [MESSAGE][PASSED] - Web element with id: 'Object Repository/Akkordeon_plus_filialsuche' located by 'By.xpath: //a[@class='acc-header acc-header--open']' is not present after '5' second(s)

2018-03-07 13:56:06 - [TEST_STEP][PASSED] - closeBrowser: Browser is closed

2018-03-07 13:56:06 - [MESSAGE][PASSED] - Browser is closed]]></system-out>
         <system-err><![CDATA[]]></system-err>
      </testcase>
      <testcase name="Test Cases/Prototyp_Filialsuche (RC 18)/23_Testfall" classname="Test Cases/Prototyp_Filialsuche (RC 18)/23_Testfall" status="PASSED">
         <system-out><![CDATA[2018-03-07 13:56:06 - [TEST_CASE][PASSED] - Test Cases/Prototyp_Filialsuche (RC 18)/23_Testfall: Test Cases/Prototyp_Filialsuche (RC 18)/23_Testfall

2018-03-07 13:56:06 - [TEST_STEP][PASSED] - openBrowser: Browser is opened with url: ''

2018-03-07 13:56:09 - [MESSAGE][PASSED] - Browser is opened with url: ''

2018-03-07 13:56:09 - [TEST_STEP][PASSED] - maximizeWindow: Current window maximized

2018-03-07 13:56:09 - [MESSAGE][PASSED] - Current window maximized

2018-03-07 13:56:09 - [TEST_STEP][PASSED] - deleteAllCookies: Delete all cookies successfully

2018-03-07 13:56:09 - [MESSAGE][PASSED] - Delete all cookies successfully

2018-03-07 13:56:09 - [TEST_STEP][PASSED] - navigateToUrl: Navigate to 'http://rc-ogrhtmlprototyp.testintern/18-1-0/detail.html' successfully

2018-03-07 13:56:13 - [MESSAGE][PASSED] - Navigate to 'http://rc-ogrhtmlprototyp.testintern/18-1-0/detail.html' successfully

2018-03-07 13:56:13 - [TEST_STEP][PASSED] - waitForPageLoad: Wait for page load successfully

2018-03-07 13:56:13 - [MESSAGE][WARNING] - Timeout '0' is invalid. Using default page load timeout: '30'

2018-03-07 13:56:13 - [MESSAGE][PASSED] - Wait for page load successfully

2018-03-07 13:56:13 - [TEST_STEP][PASSED] - delay: Delayed 2 second(s)

2018-03-07 13:56:15 - [MESSAGE][PASSED] - Delayed 2 second(s)

2018-03-07 13:56:15 - [TEST_STEP][PASSED] - click: Object: 'Object Repository/002/Page_Detail - BVR HTML Prototyp/svg_dropdown-icons' is clicked on

2018-03-07 13:56:15 - [MESSAGE][PASSED] - Object: 'Object Repository/002/Page_Detail - BVR HTML Prototyp/svg_dropdown-icons' is clicked on

2018-03-07 13:56:15 - [TEST_STEP][PASSED] - delay: Delayed 2 second(s)

2018-03-07 13:56:17 - [MESSAGE][PASSED] - Delayed 2 second(s)

2018-03-07 13:56:17 - [TEST_STEP][PASSED] - mouseOver: Object: 'Object Repository/002/Page_Detail - BVR HTML Prototyp (1)/div_Berlin' is hovered

2018-03-07 13:56:17 - [MESSAGE][PASSED] - Object: 'Object Repository/002/Page_Detail - BVR HTML Prototyp (1)/div_Berlin' is hovered

2018-03-07 13:56:17 - [TEST_STEP][PASSED] - delay: Delayed 2 second(s)

2018-03-07 13:56:19 - [MESSAGE][PASSED] - Delayed 2 second(s)

2018-03-07 13:56:19 - [TEST_STEP][PASSED] - click: Object: 'Object Repository/002/Page_Detail - BVR HTML Prototyp (1)/div_Berlin' is clicked on

2018-03-07 13:56:20 - [MESSAGE][PASSED] - Object: 'Object Repository/002/Page_Detail - BVR HTML Prototyp (1)/div_Berlin' is clicked on

2018-03-07 13:56:20 - [TEST_STEP][PASSED] - delay: Delayed 5 second(s)

2018-03-07 13:56:25 - [MESSAGE][PASSED] - Delayed 5 second(s)

2018-03-07 13:56:25 - [TEST_STEP][PASSED] - verifyElementNotPresent: Web element with id: 'Object Repository/Akkordeon_plus_filialsuche' located by 'By.xpath: //a[@class='acc-header acc-header--open']' is not present after '5' second(s)

2018-03-07 13:56:25 - [MESSAGE][PASSED] - Web element with id: 'Object Repository/Akkordeon_plus_filialsuche' located by 'By.xpath: //a[@class='acc-header acc-header--open']' is not present after '5' second(s)

2018-03-07 13:56:25 - [TEST_STEP][PASSED] - closeBrowser: Browser is closed

2018-03-07 13:56:25 - [MESSAGE][PASSED] - Browser is closed]]></system-out>
         <system-err><![CDATA[]]></system-err>
      </testcase>
      <testcase name="Test Cases/Prototyp_Filialsuche (RC 18)/24_Testfall" classname="Test Cases/Prototyp_Filialsuche (RC 18)/24_Testfall" status="PASSED">
         <system-out><![CDATA[2018-03-07 13:56:25 - [TEST_CASE][PASSED] - Test Cases/Prototyp_Filialsuche (RC 18)/24_Testfall: Test Cases/Prototyp_Filialsuche (RC 18)/24_Testfall

2018-03-07 13:56:25 - [TEST_STEP][PASSED] - openBrowser: Browser is opened with url: ''

2018-03-07 13:56:28 - [MESSAGE][PASSED] - Browser is opened with url: ''

2018-03-07 13:56:28 - [TEST_STEP][PASSED] - maximizeWindow: Current window maximized

2018-03-07 13:56:28 - [MESSAGE][PASSED] - Current window maximized

2018-03-07 13:56:28 - [TEST_STEP][PASSED] - deleteAllCookies: Delete all cookies successfully

2018-03-07 13:56:28 - [MESSAGE][PASSED] - Delete all cookies successfully

2018-03-07 13:56:28 - [TEST_STEP][PASSED] - navigateToUrl: Navigate to 'http://rc-ogrhtmlprototyp.testintern/18-1-0/filialsuche.html' successfully

2018-03-07 13:56:29 - [MESSAGE][PASSED] - Navigate to 'http://rc-ogrhtmlprototyp.testintern/18-1-0/filialsuche.html' successfully

2018-03-07 13:56:29 - [TEST_STEP][PASSED] - waitForPageLoad: Wait for page load successfully

2018-03-07 13:56:29 - [MESSAGE][WARNING] - Timeout '0' is invalid. Using default page load timeout: '30'

2018-03-07 13:56:29 - [MESSAGE][PASSED] - Wait for page load successfully

2018-03-07 13:56:29 - [TEST_STEP][PASSED] - delay: Delayed 2 second(s)

2018-03-07 13:56:31 - [MESSAGE][PASSED] - Delayed 2 second(s)

2018-03-07 13:56:31 - [TEST_STEP][PASSED] - click: Object: 'Object Repository/002/Page_Filialsuche - BVR HTML Prototy (1)/svg_dropdown-icons' is clicked on

2018-03-07 13:56:31 - [MESSAGE][PASSED] - Object: 'Object Repository/002/Page_Filialsuche - BVR HTML Prototy (1)/svg_dropdown-icons' is clicked on

2018-03-07 13:56:31 - [TEST_STEP][PASSED] - delay: Delayed 2 second(s)

2018-03-07 13:56:33 - [MESSAGE][PASSED] - Delayed 2 second(s)

2018-03-07 13:56:33 - [TEST_STEP][PASSED] - mouseOver: Object: 'Object Repository/berlin/Page_Filialsuche - BVR HTML Prototy/div_Berlin' is hovered

2018-03-07 13:56:33 - [MESSAGE][PASSED] - Object: 'Object Repository/berlin/Page_Filialsuche - BVR HTML Prototy/div_Berlin' is hovered

2018-03-07 13:56:33 - [TEST_STEP][PASSED] - delay: Delayed 2 second(s)

2018-03-07 13:56:35 - [MESSAGE][PASSED] - Delayed 2 second(s)

2018-03-07 13:56:35 - [TEST_STEP][PASSED] - click: Object: 'Object Repository/berlin/Page_Filialsuche - BVR HTML Prototy/div_Berlin' is clicked on

2018-03-07 13:56:36 - [MESSAGE][PASSED] - Object: 'Object Repository/berlin/Page_Filialsuche - BVR HTML Prototy/div_Berlin' is clicked on

2018-03-07 13:56:36 - [TEST_STEP][PASSED] - delay: Delayed 5 second(s)

2018-03-07 13:56:41 - [MESSAGE][PASSED] - Delayed 5 second(s)

2018-03-07 13:56:41 - [TEST_STEP][PASSED] - verifyElementNotPresent: Web element with id: 'Object Repository/Akkordeon_plus_filialsuche' located by 'By.xpath: //a[@class='acc-header acc-header--open']' is not present after '5' second(s)

2018-03-07 13:56:41 - [MESSAGE][PASSED] - Web element with id: 'Object Repository/Akkordeon_plus_filialsuche' located by 'By.xpath: //a[@class='acc-header acc-header--open']' is not present after '5' second(s)

2018-03-07 13:56:41 - [TEST_STEP][PASSED] - closeBrowser: Browser is closed

2018-03-07 13:56:41 - [MESSAGE][PASSED] - Browser is closed]]></system-out>
         <system-err><![CDATA[]]></system-err>
      </testcase>
      <testcase name="Test Cases/Prototyp_Filialsuche (RC 18)/25_Testfall" classname="Test Cases/Prototyp_Filialsuche (RC 18)/25_Testfall" status="PASSED">
         <system-out><![CDATA[2018-03-07 13:56:41 - [TEST_CASE][PASSED] - Test Cases/Prototyp_Filialsuche (RC 18)/25_Testfall: Test Cases/Prototyp_Filialsuche (RC 18)/25_Testfall

2018-03-07 13:56:42 - [TEST_STEP][PASSED] - openBrowser: Browser is opened with url: ''

2018-03-07 13:56:45 - [MESSAGE][PASSED] - Browser is opened with url: ''

2018-03-07 13:56:45 - [TEST_STEP][PASSED] - deleteAllCookies: Delete all cookies successfully

2018-03-07 13:56:45 - [MESSAGE][PASSED] - Delete all cookies successfully

2018-03-07 13:56:45 - [TEST_STEP][PASSED] - maximizeWindow: Current window maximized

2018-03-07 13:56:45 - [MESSAGE][PASSED] - Current window maximized

2018-03-07 13:56:45 - [TEST_STEP][PASSED] - navigateToUrl: Navigate to 'http://rc-ogrhtmlprototyp.testintern/18-1-0/filialsuche.html' successfully

2018-03-07 13:56:46 - [MESSAGE][PASSED] - Navigate to 'http://rc-ogrhtmlprototyp.testintern/18-1-0/filialsuche.html' successfully

2018-03-07 13:56:46 - [TEST_STEP][PASSED] - waitForPageLoad: Wait for page load successfully

2018-03-07 13:56:46 - [MESSAGE][WARNING] - Timeout '0' is invalid. Using default page load timeout: '30'

2018-03-07 13:56:46 - [MESSAGE][PASSED] - Wait for page load successfully

2018-03-07 13:56:46 - [TEST_STEP][PASSED] - delay: Delayed 2 second(s)

2018-03-07 13:56:48 - [MESSAGE][PASSED] - Delayed 2 second(s)

2018-03-07 13:56:48 - [TEST_STEP][PASSED] - click: Object: 'Object Repository/03/Page_Filialsuche-rotenburg - BVR HT/svg_dropdown-icons' is clicked on

2018-03-07 13:56:48 - [MESSAGE][PASSED] - Object: 'Object Repository/03/Page_Filialsuche-rotenburg - BVR HT/svg_dropdown-icons' is clicked on

2018-03-07 13:56:48 - [TEST_STEP][PASSED] - delay: Delayed 2 second(s)

2018-03-07 13:56:50 - [MESSAGE][PASSED] - Delayed 2 second(s)

2018-03-07 13:56:50 - [TEST_STEP][PASSED] - mouseOver: Object: 'Object Repository/002/Page_Filialsuche - BVR HTML Prototy/div_Berlin' is hovered

2018-03-07 13:56:50 - [MESSAGE][PASSED] - Object: 'Object Repository/002/Page_Filialsuche - BVR HTML Prototy/div_Berlin' is hovered

2018-03-07 13:56:50 - [TEST_STEP][PASSED] - delay: Delayed 2 second(s)

2018-03-07 13:56:52 - [MESSAGE][PASSED] - Delayed 2 second(s)

2018-03-07 13:56:52 - [TEST_STEP][PASSED] - click: Object: 'Object Repository/002/Page_Filialsuche - BVR HTML Prototy/div_Berlin' is clicked on

2018-03-07 13:56:52 - [MESSAGE][PASSED] - Object: 'Object Repository/002/Page_Filialsuche - BVR HTML Prototy/div_Berlin' is clicked on

2018-03-07 13:56:52 - [TEST_STEP][PASSED] - delay: Delayed 5 second(s)

2018-03-07 13:56:57 - [MESSAGE][PASSED] - Delayed 5 second(s)

2018-03-07 13:56:57 - [TEST_STEP][PASSED] - Statement - wes = com.kms.katalon.core.webui.common.WebUiCommonHelper.findWebElements(com.kms.katalon.core.testobject.ObjectRepository.findTestObject(filial_map), 5): Found 37 web elements with id: 'Object Repository/filial_map' located by 'By.xpath: //div[@class='aps-map__custom-marker']' in '5' second(s)

2018-03-07 13:56:57 - [TEST_STEP][PASSED] - Statement - For ([i = 0, i < wes.size(), (i++)]): null

2018-03-07 13:56:57 - [TEST_STEP][PASSED] - Statement - el = wes.get(i): null

2018-03-07 13:56:57 - [TEST_STEP][PASSED] - Statement - If (!(el.isDisplayed())): null

2018-03-07 13:56:57 - [TEST_STEP][PASSED] - Statement - el = wes.get(i): null

2018-03-07 13:56:57 - [TEST_STEP][PASSED] - Statement - If (!(el.isDisplayed())): null

2018-03-07 13:56:57 - [TEST_STEP][PASSED] - Statement - el = wes.get(i): null

2018-03-07 13:56:57 - [TEST_STEP][PASSED] - Statement - If (!(el.isDisplayed())): null

2018-03-07 13:56:57 - [TEST_STEP][PASSED] - Statement - el = wes.get(i): null

2018-03-07 13:56:57 - [TEST_STEP][PASSED] - Statement - If (!(el.isDisplayed())): null

2018-03-07 13:56:57 - [TEST_STEP][PASSED] - Statement - el = wes.get(i): null

2018-03-07 13:56:57 - [TEST_STEP][PASSED] - Statement - If (!(el.isDisplayed())): null

2018-03-07 13:56:57 - [TEST_STEP][PASSED] - Statement - el = wes.get(i): null

2018-03-07 13:56:57 - [TEST_STEP][PASSED] - Statement - If (!(el.isDisplayed())): null

2018-03-07 13:56:57 - [TEST_STEP][PASSED] - Statement - el = wes.get(i): null

2018-03-07 13:56:57 - [TEST_STEP][PASSED] - Statement - If (!(el.isDisplayed())): null

2018-03-07 13:56:57 - [TEST_STEP][PASSED] - Statement - el = wes.get(i): null

2018-03-07 13:56:57 - [TEST_STEP][PASSED] - Statement - If (!(el.isDisplayed())): null

2018-03-07 13:56:57 - [TEST_STEP][PASSED] - Statement - el = wes.get(i): null

2018-03-07 13:56:57 - [TEST_STEP][PASSED] - Statement - If (!(el.isDisplayed())): null

2018-03-07 13:56:57 - [TEST_STEP][PASSED] - Statement - el = wes.get(i): null

2018-03-07 13:56:57 - [TEST_STEP][PASSED] - Statement - If (!(el.isDisplayed())): null

2018-03-07 13:56:57 - [TEST_STEP][PASSED] - Statement - el = wes.get(i): null

2018-03-07 13:56:57 - [TEST_STEP][PASSED] - Statement - If (!(el.isDisplayed())): null

2018-03-07 13:56:57 - [TEST_STEP][PASSED] - Statement - el = wes.get(i): null

2018-03-07 13:56:57 - [TEST_STEP][PASSED] - Statement - If (!(el.isDisplayed())): null

2018-03-07 13:56:58 - [TEST_STEP][PASSED] - Statement - el = wes.get(i): null

2018-03-07 13:56:58 - [TEST_STEP][PASSED] - Statement - If (!(el.isDisplayed())): null

2018-03-07 13:56:58 - [TEST_STEP][PASSED] - Statement - el = wes.get(i): null

2018-03-07 13:56:58 - [TEST_STEP][PASSED] - Statement - If (!(el.isDisplayed())): null

2018-03-07 13:56:58 - [TEST_STEP][PASSED] - Statement - el = wes.get(i): null

2018-03-07 13:56:58 - [TEST_STEP][PASSED] - Statement - If (!(el.isDisplayed())): null

2018-03-07 13:56:58 - [TEST_STEP][PASSED] - Statement - el = wes.get(i): null

2018-03-07 13:56:58 - [TEST_STEP][PASSED] - Statement - If (!(el.isDisplayed())): null

2018-03-07 13:56:58 - [TEST_STEP][PASSED] - Statement - el = wes.get(i): null

2018-03-07 13:56:58 - [TEST_STEP][PASSED] - Statement - If (!(el.isDisplayed())): null

2018-03-07 13:56:58 - [TEST_STEP][PASSED] - Statement - el = wes.get(i): null

2018-03-07 13:56:58 - [TEST_STEP][PASSED] - Statement - If (!(el.isDisplayed())): null

2018-03-07 13:56:58 - [TEST_STEP][PASSED] - Statement - el = wes.get(i): null

2018-03-07 13:56:58 - [TEST_STEP][PASSED] - Statement - If (!(el.isDisplayed())): null

2018-03-07 13:56:58 - [TEST_STEP][PASSED] - Statement - el = wes.get(i): null

2018-03-07 13:56:58 - [TEST_STEP][PASSED] - Statement - If (!(el.isDisplayed())): null

2018-03-07 13:56:58 - [TEST_STEP][PASSED] - Statement - el = wes.get(i): null

2018-03-07 13:56:58 - [TEST_STEP][PASSED] - Statement - If (!(el.isDisplayed())): null

2018-03-07 13:56:58 - [TEST_STEP][PASSED] - Statement - el = wes.get(i): null

2018-03-07 13:56:58 - [TEST_STEP][PASSED] - Statement - If (!(el.isDisplayed())): null

2018-03-07 13:56:58 - [TEST_STEP][PASSED] - Statement - el = wes.get(i): null

2018-03-07 13:56:58 - [TEST_STEP][PASSED] - Statement - If (!(el.isDisplayed())): null

2018-03-07 13:56:58 - [TEST_STEP][PASSED] - Statement - el = wes.get(i): null

2018-03-07 13:56:58 - [TEST_STEP][PASSED] - Statement - If (!(el.isDisplayed())): null

2018-03-07 13:56:58 - [TEST_STEP][PASSED] - Statement - el = wes.get(i): null

2018-03-07 13:56:58 - [TEST_STEP][PASSED] - Statement - If (!(el.isDisplayed())): null

2018-03-07 13:56:58 - [TEST_STEP][PASSED] - Statement - el = wes.get(i): null

2018-03-07 13:56:58 - [TEST_STEP][PASSED] - Statement - If (!(el.isDisplayed())): null

2018-03-07 13:56:58 - [TEST_STEP][PASSED] - Statement - el = wes.get(i): null

2018-03-07 13:56:58 - [TEST_STEP][PASSED] - Statement - If (!(el.isDisplayed())): null

2018-03-07 13:56:58 - [TEST_STEP][PASSED] - Statement - el = wes.get(i): null

2018-03-07 13:56:58 - [TEST_STEP][PASSED] - Statement - If (!(el.isDisplayed())): null

2018-03-07 13:56:58 - [TEST_STEP][PASSED] - Statement - el = wes.get(i): null

2018-03-07 13:56:58 - [TEST_STEP][PASSED] - Statement - If (!(el.isDisplayed())): null

2018-03-07 13:56:58 - [TEST_STEP][PASSED] - Statement - el = wes.get(i): null

2018-03-07 13:56:58 - [TEST_STEP][PASSED] - Statement - If (!(el.isDisplayed())): null

2018-03-07 13:56:58 - [TEST_STEP][PASSED] - Statement - el = wes.get(i): null

2018-03-07 13:56:58 - [TEST_STEP][PASSED] - Statement - If (!(el.isDisplayed())): null

2018-03-07 13:56:58 - [TEST_STEP][PASSED] - Statement - el = wes.get(i): null

2018-03-07 13:56:58 - [TEST_STEP][PASSED] - Statement - If (!(el.isDisplayed())): null

2018-03-07 13:56:58 - [TEST_STEP][PASSED] - Statement - el = wes.get(i): null

2018-03-07 13:56:58 - [TEST_STEP][PASSED] - Statement - If (!(el.isDisplayed())): null

2018-03-07 13:56:58 - [TEST_STEP][PASSED] - Statement - el = wes.get(i): null

2018-03-07 13:56:58 - [TEST_STEP][PASSED] - Statement - If (!(el.isDisplayed())): null

2018-03-07 13:56:58 - [TEST_STEP][PASSED] - Statement - el = wes.get(i): null

2018-03-07 13:56:58 - [TEST_STEP][PASSED] - Statement - If (!(el.isDisplayed())): null

2018-03-07 13:56:58 - [TEST_STEP][PASSED] - Statement - el = wes.get(i): null

2018-03-07 13:56:58 - [TEST_STEP][PASSED] - Statement - If (!(el.isDisplayed())): null

2018-03-07 13:56:58 - [TEST_STEP][PASSED] - Statement - el = wes.get(i): null

2018-03-07 13:56:58 - [TEST_STEP][PASSED] - Statement - If (!(el.isDisplayed())): null

2018-03-07 13:56:58 - [TEST_STEP][PASSED] - closeBrowser: Browser is closed

2018-03-07 13:56:58 - [MESSAGE][PASSED] - Browser is closed]]></system-out>
         <system-err><![CDATA[]]></system-err>
      </testcase>
      <testcase name="Test Cases/Prototyp_Filialsuche (RC 18)/26_Testfall" classname="Test Cases/Prototyp_Filialsuche (RC 18)/26_Testfall" status="PASSED">
         <system-out><![CDATA[2018-03-07 13:56:58 - [TEST_CASE][PASSED] - Test Cases/Prototyp_Filialsuche (RC 18)/26_Testfall: Test Cases/Prototyp_Filialsuche (RC 18)/26_Testfall

2018-03-07 13:56:58 - [TEST_STEP][PASSED] - openBrowser: Browser is opened with url: ''

2018-03-07 13:57:01 - [MESSAGE][PASSED] - Browser is opened with url: ''

2018-03-07 13:57:01 - [TEST_STEP][PASSED] - deleteAllCookies: Delete all cookies successfully

2018-03-07 13:57:01 - [MESSAGE][PASSED] - Delete all cookies successfully

2018-03-07 13:57:01 - [TEST_STEP][PASSED] - maximizeWindow: Current window maximized

2018-03-07 13:57:01 - [MESSAGE][PASSED] - Current window maximized

2018-03-07 13:57:01 - [TEST_STEP][PASSED] - navigateToUrl: Navigate to 'http://rc-ogrhtmlprototyp.testintern/18-1-0/home-6-filialsuche.html' successfully

2018-03-07 13:57:02 - [MESSAGE][PASSED] - Navigate to 'http://rc-ogrhtmlprototyp.testintern/18-1-0/home-6-filialsuche.html' successfully

2018-03-07 13:57:02 - [TEST_STEP][PASSED] - waitForPageLoad: Wait for page load successfully

2018-03-07 13:57:02 - [MESSAGE][WARNING] - Timeout '0' is invalid. Using default page load timeout: '30'

2018-03-07 13:57:02 - [MESSAGE][PASSED] - Wait for page load successfully

2018-03-07 13:57:02 - [TEST_STEP][PASSED] - delay: Delayed 2 second(s)

2018-03-07 13:57:04 - [MESSAGE][PASSED] - Delayed 2 second(s)

2018-03-07 13:57:04 - [TEST_STEP][PASSED] - click: Object: 'Object Repository/03/Page_Filialsuche-rotenburg - BVR HT/Page_Home-6-filialsuche - BVR HTML/svg_dropdown-icons' is clicked on

2018-03-07 13:57:04 - [MESSAGE][PASSED] - Object: 'Object Repository/03/Page_Filialsuche-rotenburg - BVR HT/Page_Home-6-filialsuche - BVR HTML/svg_dropdown-icons' is clicked on

2018-03-07 13:57:04 - [TEST_STEP][PASSED] - delay: Delayed 2 second(s)

2018-03-07 13:57:06 - [MESSAGE][PASSED] - Delayed 2 second(s)

2018-03-07 13:57:06 - [TEST_STEP][PASSED] - mouseOver: Object: 'Object Repository/002/Page_Home-6-filialsuche - BVR HTML/div_Berlin' is hovered

2018-03-07 13:57:06 - [MESSAGE][PASSED] - Object: 'Object Repository/002/Page_Home-6-filialsuche - BVR HTML/div_Berlin' is hovered

2018-03-07 13:57:06 - [TEST_STEP][PASSED] - delay: Delayed 2 second(s)

2018-03-07 13:57:08 - [MESSAGE][PASSED] - Delayed 2 second(s)

2018-03-07 13:57:08 - [TEST_STEP][PASSED] - click: Object: 'Object Repository/002/Page_Home-6-filialsuche - BVR HTML/div_Berlin' is clicked on

2018-03-07 13:57:09 - [MESSAGE][PASSED] - Object: 'Object Repository/002/Page_Home-6-filialsuche - BVR HTML/div_Berlin' is clicked on

2018-03-07 13:57:09 - [TEST_STEP][PASSED] - delay: Delayed 5 second(s)

2018-03-07 13:57:14 - [MESSAGE][PASSED] - Delayed 5 second(s)

2018-03-07 13:57:14 - [TEST_STEP][PASSED] - Statement - wes = com.kms.katalon.core.webui.common.WebUiCommonHelper.findWebElements(com.kms.katalon.core.testobject.ObjectRepository.findTestObject(filial_map), 5): Found 37 web elements with id: 'Object Repository/filial_map' located by 'By.xpath: //div[@class='aps-map__custom-marker']' in '5' second(s)

2018-03-07 13:57:14 - [TEST_STEP][PASSED] - Statement - For ([i = 0, i < wes.size(), (i++)]): null

2018-03-07 13:57:14 - [TEST_STEP][PASSED] - Statement - el = wes.get(i): null

2018-03-07 13:57:14 - [TEST_STEP][PASSED] - Statement - If (!(el.isDisplayed())): null

2018-03-07 13:57:14 - [TEST_STEP][PASSED] - Statement - el = wes.get(i): null

2018-03-07 13:57:14 - [TEST_STEP][PASSED] - Statement - If (!(el.isDisplayed())): null

2018-03-07 13:57:14 - [TEST_STEP][PASSED] - Statement - el = wes.get(i): null

2018-03-07 13:57:14 - [TEST_STEP][PASSED] - Statement - If (!(el.isDisplayed())): null

2018-03-07 13:57:14 - [TEST_STEP][PASSED] - Statement - el = wes.get(i): null

2018-03-07 13:57:14 - [TEST_STEP][PASSED] - Statement - If (!(el.isDisplayed())): null

2018-03-07 13:57:14 - [TEST_STEP][PASSED] - Statement - el = wes.get(i): null

2018-03-07 13:57:14 - [TEST_STEP][PASSED] - Statement - If (!(el.isDisplayed())): null

2018-03-07 13:57:14 - [TEST_STEP][PASSED] - Statement - el = wes.get(i): null

2018-03-07 13:57:14 - [TEST_STEP][PASSED] - Statement - If (!(el.isDisplayed())): null

2018-03-07 13:57:14 - [TEST_STEP][PASSED] - Statement - el = wes.get(i): null

2018-03-07 13:57:14 - [TEST_STEP][PASSED] - Statement - If (!(el.isDisplayed())): null

2018-03-07 13:57:14 - [TEST_STEP][PASSED] - Statement - el = wes.get(i): null

2018-03-07 13:57:14 - [TEST_STEP][PASSED] - Statement - If (!(el.isDisplayed())): null

2018-03-07 13:57:14 - [TEST_STEP][PASSED] - Statement - el = wes.get(i): null

2018-03-07 13:57:14 - [TEST_STEP][PASSED] - Statement - If (!(el.isDisplayed())): null

2018-03-07 13:57:14 - [TEST_STEP][PASSED] - Statement - el = wes.get(i): null

2018-03-07 13:57:14 - [TEST_STEP][PASSED] - Statement - If (!(el.isDisplayed())): null

2018-03-07 13:57:14 - [TEST_STEP][PASSED] - Statement - el = wes.get(i): null

2018-03-07 13:57:14 - [TEST_STEP][PASSED] - Statement - If (!(el.isDisplayed())): null

2018-03-07 13:57:14 - [TEST_STEP][PASSED] - Statement - el = wes.get(i): null

2018-03-07 13:57:14 - [TEST_STEP][PASSED] - Statement - If (!(el.isDisplayed())): null

2018-03-07 13:57:14 - [TEST_STEP][PASSED] - Statement - el = wes.get(i): null

2018-03-07 13:57:14 - [TEST_STEP][PASSED] - Statement - If (!(el.isDisplayed())): null

2018-03-07 13:57:14 - [TEST_STEP][PASSED] - Statement - el = wes.get(i): null

2018-03-07 13:57:14 - [TEST_STEP][PASSED] - Statement - If (!(el.isDisplayed())): null

2018-03-07 13:57:14 - [TEST_STEP][PASSED] - Statement - el = wes.get(i): null

2018-03-07 13:57:14 - [TEST_STEP][PASSED] - Statement - If (!(el.isDisplayed())): null

2018-03-07 13:57:14 - [TEST_STEP][PASSED] - Statement - el = wes.get(i): null

2018-03-07 13:57:14 - [TEST_STEP][PASSED] - Statement - If (!(el.isDisplayed())): null

2018-03-07 13:57:14 - [TEST_STEP][PASSED] - Statement - el = wes.get(i): null

2018-03-07 13:57:14 - [TEST_STEP][PASSED] - Statement - If (!(el.isDisplayed())): null

2018-03-07 13:57:14 - [TEST_STEP][PASSED] - Statement - el = wes.get(i): null

2018-03-07 13:57:14 - [TEST_STEP][PASSED] - Statement - If (!(el.isDisplayed())): null

2018-03-07 13:57:14 - [TEST_STEP][PASSED] - Statement - el = wes.get(i): null

2018-03-07 13:57:14 - [TEST_STEP][PASSED] - Statement - If (!(el.isDisplayed())): null

2018-03-07 13:57:14 - [TEST_STEP][PASSED] - Statement - el = wes.get(i): null

2018-03-07 13:57:14 - [TEST_STEP][PASSED] - Statement - If (!(el.isDisplayed())): null

2018-03-07 13:57:14 - [TEST_STEP][PASSED] - Statement - el = wes.get(i): null

2018-03-07 13:57:14 - [TEST_STEP][PASSED] - Statement - If (!(el.isDisplayed())): null

2018-03-07 13:57:14 - [TEST_STEP][PASSED] - Statement - el = wes.get(i): null

2018-03-07 13:57:14 - [TEST_STEP][PASSED] - Statement - If (!(el.isDisplayed())): null

2018-03-07 13:57:14 - [TEST_STEP][PASSED] - Statement - el = wes.get(i): null

2018-03-07 13:57:14 - [TEST_STEP][PASSED] - Statement - If (!(el.isDisplayed())): null

2018-03-07 13:57:14 - [TEST_STEP][PASSED] - Statement - el = wes.get(i): null

2018-03-07 13:57:14 - [TEST_STEP][PASSED] - Statement - If (!(el.isDisplayed())): null

2018-03-07 13:57:14 - [TEST_STEP][PASSED] - Statement - el = wes.get(i): null

2018-03-07 13:57:14 - [TEST_STEP][PASSED] - Statement - If (!(el.isDisplayed())): null

2018-03-07 13:57:14 - [TEST_STEP][PASSED] - Statement - el = wes.get(i): null

2018-03-07 13:57:14 - [TEST_STEP][PASSED] - Statement - If (!(el.isDisplayed())): null

2018-03-07 13:57:14 - [TEST_STEP][PASSED] - Statement - el = wes.get(i): null

2018-03-07 13:57:14 - [TEST_STEP][PASSED] - Statement - If (!(el.isDisplayed())): null

2018-03-07 13:57:14 - [TEST_STEP][PASSED] - Statement - el = wes.get(i): null

2018-03-07 13:57:14 - [TEST_STEP][PASSED] - Statement - If (!(el.isDisplayed())): null

2018-03-07 13:57:14 - [TEST_STEP][PASSED] - Statement - el = wes.get(i): null

2018-03-07 13:57:14 - [TEST_STEP][PASSED] - Statement - If (!(el.isDisplayed())): null

2018-03-07 13:57:14 - [TEST_STEP][PASSED] - Statement - el = wes.get(i): null

2018-03-07 13:57:14 - [TEST_STEP][PASSED] - Statement - If (!(el.isDisplayed())): null

2018-03-07 13:57:14 - [TEST_STEP][PASSED] - Statement - el = wes.get(i): null

2018-03-07 13:57:14 - [TEST_STEP][PASSED] - Statement - If (!(el.isDisplayed())): null

2018-03-07 13:57:14 - [TEST_STEP][PASSED] - Statement - el = wes.get(i): null

2018-03-07 13:57:14 - [TEST_STEP][PASSED] - Statement - If (!(el.isDisplayed())): null

2018-03-07 13:57:14 - [TEST_STEP][PASSED] - Statement - el = wes.get(i): null

2018-03-07 13:57:14 - [TEST_STEP][PASSED] - Statement - If (!(el.isDisplayed())): null

2018-03-07 13:57:14 - [TEST_STEP][PASSED] - Statement - el = wes.get(i): null

2018-03-07 13:57:14 - [TEST_STEP][PASSED] - Statement - If (!(el.isDisplayed())): null

2018-03-07 13:57:14 - [TEST_STEP][PASSED] - Statement - el = wes.get(i): null

2018-03-07 13:57:14 - [TEST_STEP][PASSED] - Statement - If (!(el.isDisplayed())): null

2018-03-07 13:57:14 - [TEST_STEP][PASSED] - Statement - el = wes.get(i): null

2018-03-07 13:57:14 - [TEST_STEP][PASSED] - Statement - If (!(el.isDisplayed())): null

2018-03-07 13:57:14 - [TEST_STEP][PASSED] - Statement - el = wes.get(i): null

2018-03-07 13:57:14 - [TEST_STEP][PASSED] - Statement - If (!(el.isDisplayed())): null

2018-03-07 13:57:14 - [TEST_STEP][PASSED] - closeBrowser: Browser is closed

2018-03-07 13:57:15 - [MESSAGE][PASSED] - Browser is closed]]></system-out>
         <system-err><![CDATA[]]></system-err>
      </testcase>
      <testcase name="Test Cases/Prototyp_Filialsuche (RC 18)/27_Testfall" classname="Test Cases/Prototyp_Filialsuche (RC 18)/27_Testfall" status="PASSED">
         <system-out><![CDATA[2018-03-07 13:57:15 - [TEST_CASE][PASSED] - Test Cases/Prototyp_Filialsuche (RC 18)/27_Testfall: Test Cases/Prototyp_Filialsuche (RC 18)/27_Testfall

2018-03-07 13:57:15 - [TEST_STEP][PASSED] - openBrowser: Browser is opened with url: ''

2018-03-07 13:57:18 - [MESSAGE][PASSED] - Browser is opened with url: ''

2018-03-07 13:57:18 - [TEST_STEP][PASSED] - deleteAllCookies: Delete all cookies successfully

2018-03-07 13:57:18 - [MESSAGE][PASSED] - Delete all cookies successfully

2018-03-07 13:57:18 - [TEST_STEP][PASSED] - maximizeWindow: Current window maximized

2018-03-07 13:57:18 - [MESSAGE][PASSED] - Current window maximized

2018-03-07 13:57:18 - [TEST_STEP][PASSED] - navigateToUrl: Navigate to 'http://rc-ogrhtmlprototyp.testintern/18-1-0/detail.html' successfully

2018-03-07 13:57:22 - [MESSAGE][PASSED] - Navigate to 'http://rc-ogrhtmlprototyp.testintern/18-1-0/detail.html' successfully

2018-03-07 13:57:22 - [TEST_STEP][PASSED] - waitForPageLoad: Wait for page load successfully

2018-03-07 13:57:22 - [MESSAGE][WARNING] - Timeout '0' is invalid. Using default page load timeout: '30'

2018-03-07 13:57:22 - [MESSAGE][PASSED] - Wait for page load successfully

2018-03-07 13:57:22 - [TEST_STEP][PASSED] - delay: Delayed 2 second(s)

2018-03-07 13:57:24 - [MESSAGE][PASSED] - Delayed 2 second(s)

2018-03-07 13:57:24 - [TEST_STEP][PASSED] - click: Object: 'Object Repository/002/Page_Detail - BVR HTML Prototyp/svg_dropdown-icons' is clicked on

2018-03-07 13:57:24 - [MESSAGE][PASSED] - Object: 'Object Repository/002/Page_Detail - BVR HTML Prototyp/svg_dropdown-icons' is clicked on

2018-03-07 13:57:24 - [TEST_STEP][PASSED] - delay: Delayed 2 second(s)

2018-03-07 13:57:26 - [MESSAGE][PASSED] - Delayed 2 second(s)

2018-03-07 13:57:26 - [TEST_STEP][PASSED] - mouseOver: Object: 'Object Repository/002/Page_Detail - BVR HTML Prototyp (1)/div_Berlin' is hovered

2018-03-07 13:57:27 - [MESSAGE][PASSED] - Object: 'Object Repository/002/Page_Detail - BVR HTML Prototyp (1)/div_Berlin' is hovered

2018-03-07 13:57:27 - [TEST_STEP][PASSED] - delay: Delayed 2 second(s)

2018-03-07 13:57:29 - [MESSAGE][PASSED] - Delayed 2 second(s)

2018-03-07 13:57:29 - [TEST_STEP][PASSED] - click: Object: 'Object Repository/002/Page_Detail - BVR HTML Prototyp (1)/div_Berlin' is clicked on

2018-03-07 13:57:29 - [MESSAGE][PASSED] - Object: 'Object Repository/002/Page_Detail - BVR HTML Prototyp (1)/div_Berlin' is clicked on

2018-03-07 13:57:29 - [TEST_STEP][PASSED] - delay: Delayed 5 second(s)

2018-03-07 13:57:34 - [MESSAGE][PASSED] - Delayed 5 second(s)

2018-03-07 13:57:34 - [TEST_STEP][PASSED] - Statement - wes = com.kms.katalon.core.webui.common.WebUiCommonHelper.findWebElements(com.kms.katalon.core.testobject.ObjectRepository.findTestObject(filial_map), 5): Found 37 web elements with id: 'Object Repository/filial_map' located by 'By.xpath: //div[@class='aps-map__custom-marker']' in '5' second(s)

2018-03-07 13:57:34 - [TEST_STEP][PASSED] - Statement - For ([i = 0, i < wes.size(), (i++)]): null

2018-03-07 13:57:34 - [TEST_STEP][PASSED] - Statement - el = wes.get(i): null

2018-03-07 13:57:34 - [TEST_STEP][PASSED] - Statement - If (!(el.isDisplayed())): null

2018-03-07 13:57:34 - [TEST_STEP][PASSED] - Statement - el = wes.get(i): null

2018-03-07 13:57:34 - [TEST_STEP][PASSED] - Statement - If (!(el.isDisplayed())): null

2018-03-07 13:57:34 - [TEST_STEP][PASSED] - Statement - el = wes.get(i): null

2018-03-07 13:57:34 - [TEST_STEP][PASSED] - Statement - If (!(el.isDisplayed())): null

2018-03-07 13:57:34 - [TEST_STEP][PASSED] - Statement - el = wes.get(i): null

2018-03-07 13:57:34 - [TEST_STEP][PASSED] - Statement - If (!(el.isDisplayed())): null

2018-03-07 13:57:34 - [TEST_STEP][PASSED] - Statement - el = wes.get(i): null

2018-03-07 13:57:34 - [TEST_STEP][PASSED] - Statement - If (!(el.isDisplayed())): null

2018-03-07 13:57:34 - [TEST_STEP][PASSED] - Statement - el = wes.get(i): null

2018-03-07 13:57:34 - [TEST_STEP][PASSED] - Statement - If (!(el.isDisplayed())): null

2018-03-07 13:57:34 - [TEST_STEP][PASSED] - Statement - el = wes.get(i): null

2018-03-07 13:57:34 - [TEST_STEP][PASSED] - Statement - If (!(el.isDisplayed())): null

2018-03-07 13:57:34 - [TEST_STEP][PASSED] - Statement - el = wes.get(i): null

2018-03-07 13:57:34 - [TEST_STEP][PASSED] - Statement - If (!(el.isDisplayed())): null

2018-03-07 13:57:34 - [TEST_STEP][PASSED] - Statement - el = wes.get(i): null

2018-03-07 13:57:34 - [TEST_STEP][PASSED] - Statement - If (!(el.isDisplayed())): null

2018-03-07 13:57:34 - [TEST_STEP][PASSED] - Statement - el = wes.get(i): null

2018-03-07 13:57:34 - [TEST_STEP][PASSED] - Statement - If (!(el.isDisplayed())): null

2018-03-07 13:57:34 - [TEST_STEP][PASSED] - Statement - el = wes.get(i): null

2018-03-07 13:57:34 - [TEST_STEP][PASSED] - Statement - If (!(el.isDisplayed())): null

2018-03-07 13:57:34 - [TEST_STEP][PASSED] - Statement - el = wes.get(i): null

2018-03-07 13:57:34 - [TEST_STEP][PASSED] - Statement - If (!(el.isDisplayed())): null

2018-03-07 13:57:34 - [TEST_STEP][PASSED] - Statement - el = wes.get(i): null

2018-03-07 13:57:34 - [TEST_STEP][PASSED] - Statement - If (!(el.isDisplayed())): null

2018-03-07 13:57:34 - [TEST_STEP][PASSED] - Statement - el = wes.get(i): null

2018-03-07 13:57:34 - [TEST_STEP][PASSED] - Statement - If (!(el.isDisplayed())): null

2018-03-07 13:57:34 - [TEST_STEP][PASSED] - Statement - el = wes.get(i): null

2018-03-07 13:57:34 - [TEST_STEP][PASSED] - Statement - If (!(el.isDisplayed())): null

2018-03-07 13:57:34 - [TEST_STEP][PASSED] - Statement - el = wes.get(i): null

2018-03-07 13:57:34 - [TEST_STEP][PASSED] - Statement - If (!(el.isDisplayed())): null

2018-03-07 13:57:34 - [TEST_STEP][PASSED] - Statement - el = wes.get(i): null

2018-03-07 13:57:34 - [TEST_STEP][PASSED] - Statement - If (!(el.isDisplayed())): null

2018-03-07 13:57:34 - [TEST_STEP][PASSED] - Statement - el = wes.get(i): null

2018-03-07 13:57:34 - [TEST_STEP][PASSED] - Statement - If (!(el.isDisplayed())): null

2018-03-07 13:57:34 - [TEST_STEP][PASSED] - Statement - el = wes.get(i): null

2018-03-07 13:57:34 - [TEST_STEP][PASSED] - Statement - If (!(el.isDisplayed())): null

2018-03-07 13:57:34 - [TEST_STEP][PASSED] - Statement - el = wes.get(i): null

2018-03-07 13:57:34 - [TEST_STEP][PASSED] - Statement - If (!(el.isDisplayed())): null

2018-03-07 13:57:34 - [TEST_STEP][PASSED] - Statement - el = wes.get(i): null

2018-03-07 13:57:34 - [TEST_STEP][PASSED] - Statement - If (!(el.isDisplayed())): null

2018-03-07 13:57:34 - [TEST_STEP][PASSED] - Statement - el = wes.get(i): null

2018-03-07 13:57:34 - [TEST_STEP][PASSED] - Statement - If (!(el.isDisplayed())): null

2018-03-07 13:57:34 - [TEST_STEP][PASSED] - Statement - el = wes.get(i): null

2018-03-07 13:57:34 - [TEST_STEP][PASSED] - Statement - If (!(el.isDisplayed())): null

2018-03-07 13:57:34 - [TEST_STEP][PASSED] - Statement - el = wes.get(i): null

2018-03-07 13:57:34 - [TEST_STEP][PASSED] - Statement - If (!(el.isDisplayed())): null

2018-03-07 13:57:34 - [TEST_STEP][PASSED] - Statement - el = wes.get(i): null

2018-03-07 13:57:34 - [TEST_STEP][PASSED] - Statement - If (!(el.isDisplayed())): null

2018-03-07 13:57:34 - [TEST_STEP][PASSED] - Statement - el = wes.get(i): null

2018-03-07 13:57:34 - [TEST_STEP][PASSED] - Statement - If (!(el.isDisplayed())): null

2018-03-07 13:57:34 - [TEST_STEP][PASSED] - Statement - el = wes.get(i): null

2018-03-07 13:57:35 - [TEST_STEP][PASSED] - Statement - If (!(el.isDisplayed())): null

2018-03-07 13:57:35 - [TEST_STEP][PASSED] - Statement - el = wes.get(i): null

2018-03-07 13:57:35 - [TEST_STEP][PASSED] - Statement - If (!(el.isDisplayed())): null

2018-03-07 13:57:35 - [TEST_STEP][PASSED] - Statement - el = wes.get(i): null

2018-03-07 13:57:35 - [TEST_STEP][PASSED] - Statement - If (!(el.isDisplayed())): null

2018-03-07 13:57:35 - [TEST_STEP][PASSED] - Statement - el = wes.get(i): null

2018-03-07 13:57:35 - [TEST_STEP][PASSED] - Statement - If (!(el.isDisplayed())): null

2018-03-07 13:57:35 - [TEST_STEP][PASSED] - Statement - el = wes.get(i): null

2018-03-07 13:57:35 - [TEST_STEP][PASSED] - Statement - If (!(el.isDisplayed())): null

2018-03-07 13:57:35 - [TEST_STEP][PASSED] - Statement - el = wes.get(i): null

2018-03-07 13:57:35 - [TEST_STEP][PASSED] - Statement - If (!(el.isDisplayed())): null

2018-03-07 13:57:35 - [TEST_STEP][PASSED] - Statement - el = wes.get(i): null

2018-03-07 13:57:35 - [TEST_STEP][PASSED] - Statement - If (!(el.isDisplayed())): null

2018-03-07 13:57:35 - [TEST_STEP][PASSED] - Statement - el = wes.get(i): null

2018-03-07 13:57:35 - [TEST_STEP][PASSED] - Statement - If (!(el.isDisplayed())): null

2018-03-07 13:57:35 - [TEST_STEP][PASSED] - Statement - el = wes.get(i): null

2018-03-07 13:57:35 - [TEST_STEP][PASSED] - Statement - If (!(el.isDisplayed())): null

2018-03-07 13:57:35 - [TEST_STEP][PASSED] - Statement - el = wes.get(i): null

2018-03-07 13:57:35 - [TEST_STEP][PASSED] - Statement - If (!(el.isDisplayed())): null

2018-03-07 13:57:35 - [TEST_STEP][PASSED] - Statement - el = wes.get(i): null

2018-03-07 13:57:35 - [TEST_STEP][PASSED] - Statement - If (!(el.isDisplayed())): null

2018-03-07 13:57:35 - [TEST_STEP][PASSED] - closeBrowser: Browser is closed

2018-03-07 13:57:35 - [MESSAGE][PASSED] - Browser is closed]]></system-out>
         <system-err><![CDATA[]]></system-err>
      </testcase>
      <testcase name="Test Cases/Prototyp_Filialsuche (RC 18)/28_Testfall" classname="Test Cases/Prototyp_Filialsuche (RC 18)/28_Testfall" status="PASSED">
         <system-out><![CDATA[2018-03-07 13:57:35 - [TEST_CASE][PASSED] - Test Cases/Prototyp_Filialsuche (RC 18)/28_Testfall: Test Cases/Prototyp_Filialsuche (RC 18)/28_Testfall

2018-03-07 13:57:36 - [TEST_STEP][PASSED] - openBrowser: Browser is opened with url: ''

2018-03-07 13:57:39 - [MESSAGE][PASSED] - Browser is opened with url: ''

2018-03-07 13:57:39 - [TEST_STEP][PASSED] - deleteAllCookies: Delete all cookies successfully

2018-03-07 13:57:39 - [MESSAGE][PASSED] - Delete all cookies successfully

2018-03-07 13:57:39 - [TEST_STEP][PASSED] - maximizeWindow: Current window maximized

2018-03-07 13:57:39 - [MESSAGE][PASSED] - Current window maximized

2018-03-07 13:57:39 - [TEST_STEP][PASSED] - navigateToUrl: Navigate to 'http://rc-ogrhtmlprototyp.testintern/18-1-0/filialsuche.html' successfully

2018-03-07 13:57:40 - [MESSAGE][PASSED] - Navigate to 'http://rc-ogrhtmlprototyp.testintern/18-1-0/filialsuche.html' successfully

2018-03-07 13:57:40 - [TEST_STEP][PASSED] - waitForPageLoad: Wait for page load successfully

2018-03-07 13:57:40 - [MESSAGE][WARNING] - Timeout '0' is invalid. Using default page load timeout: '30'

2018-03-07 13:57:40 - [MESSAGE][PASSED] - Wait for page load successfully

2018-03-07 13:57:40 - [TEST_STEP][PASSED] - delay: Delayed 2 second(s)

2018-03-07 13:57:42 - [MESSAGE][PASSED] - Delayed 2 second(s)

2018-03-07 13:57:42 - [TEST_STEP][PASSED] - click: Object: 'Object Repository/002/Page_Filialsuche - BVR HTML Prototy (1)/svg_dropdown-icons' is clicked on

2018-03-07 13:57:42 - [MESSAGE][PASSED] - Object: 'Object Repository/002/Page_Filialsuche - BVR HTML Prototy (1)/svg_dropdown-icons' is clicked on

2018-03-07 13:57:42 - [TEST_STEP][PASSED] - delay: Delayed 2 second(s)

2018-03-07 13:57:44 - [MESSAGE][PASSED] - Delayed 2 second(s)

2018-03-07 13:57:44 - [TEST_STEP][PASSED] - mouseOver: Object: 'Object Repository/berlin/Page_Filialsuche - BVR HTML Prototy/div_Berlin' is hovered

2018-03-07 13:57:44 - [MESSAGE][PASSED] - Object: 'Object Repository/berlin/Page_Filialsuche - BVR HTML Prototy/div_Berlin' is hovered

2018-03-07 13:57:44 - [TEST_STEP][PASSED] - delay: Delayed 2 second(s)

2018-03-07 13:57:46 - [MESSAGE][PASSED] - Delayed 2 second(s)

2018-03-07 13:57:46 - [TEST_STEP][PASSED] - click: Object: 'Object Repository/berlin/Page_Filialsuche - BVR HTML Prototy/div_Berlin' is clicked on

2018-03-07 13:57:47 - [MESSAGE][PASSED] - Object: 'Object Repository/berlin/Page_Filialsuche - BVR HTML Prototy/div_Berlin' is clicked on

2018-03-07 13:57:47 - [TEST_STEP][PASSED] - delay: Delayed 5 second(s)

2018-03-07 13:57:52 - [MESSAGE][PASSED] - Delayed 5 second(s)

2018-03-07 13:57:52 - [TEST_STEP][PASSED] - Statement - wes = com.kms.katalon.core.webui.common.WebUiCommonHelper.findWebElements(com.kms.katalon.core.testobject.ObjectRepository.findTestObject(filial_map), 5): Found 37 web elements with id: 'Object Repository/filial_map' located by 'By.xpath: //div[@class='aps-map__custom-marker']' in '5' second(s)

2018-03-07 13:57:52 - [TEST_STEP][PASSED] - Statement - For ([i = 0, i < wes.size(), (i++)]): null

2018-03-07 13:57:52 - [TEST_STEP][PASSED] - Statement - el = wes.get(i): null

2018-03-07 13:57:52 - [TEST_STEP][PASSED] - Statement - If (!(el.isDisplayed())): null

2018-03-07 13:57:52 - [TEST_STEP][PASSED] - Statement - el = wes.get(i): null

2018-03-07 13:57:52 - [TEST_STEP][PASSED] - Statement - If (!(el.isDisplayed())): null

2018-03-07 13:57:52 - [TEST_STEP][PASSED] - Statement - el = wes.get(i): null

2018-03-07 13:57:52 - [TEST_STEP][PASSED] - Statement - If (!(el.isDisplayed())): null

2018-03-07 13:57:52 - [TEST_STEP][PASSED] - Statement - el = wes.get(i): null

2018-03-07 13:57:52 - [TEST_STEP][PASSED] - Statement - If (!(el.isDisplayed())): null

2018-03-07 13:57:52 - [TEST_STEP][PASSED] - Statement - el = wes.get(i): null

2018-03-07 13:57:52 - [TEST_STEP][PASSED] - Statement - If (!(el.isDisplayed())): null

2018-03-07 13:57:52 - [TEST_STEP][PASSED] - Statement - el = wes.get(i): null

2018-03-07 13:57:52 - [TEST_STEP][PASSED] - Statement - If (!(el.isDisplayed())): null

2018-03-07 13:57:52 - [TEST_STEP][PASSED] - Statement - el = wes.get(i): null

2018-03-07 13:57:52 - [TEST_STEP][PASSED] - Statement - If (!(el.isDisplayed())): null

2018-03-07 13:57:52 - [TEST_STEP][PASSED] - Statement - el = wes.get(i): null

2018-03-07 13:57:52 - [TEST_STEP][PASSED] - Statement - If (!(el.isDisplayed())): null

2018-03-07 13:57:52 - [TEST_STEP][PASSED] - Statement - el = wes.get(i): null

2018-03-07 13:57:52 - [TEST_STEP][PASSED] - Statement - If (!(el.isDisplayed())): null

2018-03-07 13:57:52 - [TEST_STEP][PASSED] - Statement - el = wes.get(i): null

2018-03-07 13:57:52 - [TEST_STEP][PASSED] - Statement - If (!(el.isDisplayed())): null

2018-03-07 13:57:52 - [TEST_STEP][PASSED] - Statement - el = wes.get(i): null

2018-03-07 13:57:52 - [TEST_STEP][PASSED] - Statement - If (!(el.isDisplayed())): null

2018-03-07 13:57:52 - [TEST_STEP][PASSED] - Statement - el = wes.get(i): null

2018-03-07 13:57:52 - [TEST_STEP][PASSED] - Statement - If (!(el.isDisplayed())): null

2018-03-07 13:57:52 - [TEST_STEP][PASSED] - Statement - el = wes.get(i): null

2018-03-07 13:57:52 - [TEST_STEP][PASSED] - Statement - If (!(el.isDisplayed())): null

2018-03-07 13:57:52 - [TEST_STEP][PASSED] - Statement - el = wes.get(i): null

2018-03-07 13:57:52 - [TEST_STEP][PASSED] - Statement - If (!(el.isDisplayed())): null

2018-03-07 13:57:52 - [TEST_STEP][PASSED] - Statement - el = wes.get(i): null

2018-03-07 13:57:52 - [TEST_STEP][PASSED] - Statement - If (!(el.isDisplayed())): null

2018-03-07 13:57:52 - [TEST_STEP][PASSED] - Statement - el = wes.get(i): null

2018-03-07 13:57:52 - [TEST_STEP][PASSED] - Statement - If (!(el.isDisplayed())): null

2018-03-07 13:57:52 - [TEST_STEP][PASSED] - Statement - el = wes.get(i): null

2018-03-07 13:57:52 - [TEST_STEP][PASSED] - Statement - If (!(el.isDisplayed())): null

2018-03-07 13:57:52 - [TEST_STEP][PASSED] - Statement - el = wes.get(i): null

2018-03-07 13:57:52 - [TEST_STEP][PASSED] - Statement - If (!(el.isDisplayed())): null

2018-03-07 13:57:52 - [TEST_STEP][PASSED] - Statement - el = wes.get(i): null

2018-03-07 13:57:52 - [TEST_STEP][PASSED] - Statement - If (!(el.isDisplayed())): null

2018-03-07 13:57:52 - [TEST_STEP][PASSED] - Statement - el = wes.get(i): null

2018-03-07 13:57:52 - [TEST_STEP][PASSED] - Statement - If (!(el.isDisplayed())): null

2018-03-07 13:57:52 - [TEST_STEP][PASSED] - Statement - el = wes.get(i): null

2018-03-07 13:57:52 - [TEST_STEP][PASSED] - Statement - If (!(el.isDisplayed())): null

2018-03-07 13:57:53 - [TEST_STEP][PASSED] - Statement - el = wes.get(i): null

2018-03-07 13:57:53 - [TEST_STEP][PASSED] - Statement - If (!(el.isDisplayed())): null

2018-03-07 13:57:53 - [TEST_STEP][PASSED] - Statement - el = wes.get(i): null

2018-03-07 13:57:53 - [TEST_STEP][PASSED] - Statement - If (!(el.isDisplayed())): null

2018-03-07 13:57:53 - [TEST_STEP][PASSED] - Statement - el = wes.get(i): null

2018-03-07 13:57:53 - [TEST_STEP][PASSED] - Statement - If (!(el.isDisplayed())): null

2018-03-07 13:57:53 - [TEST_STEP][PASSED] - Statement - el = wes.get(i): null

2018-03-07 13:57:53 - [TEST_STEP][PASSED] - Statement - If (!(el.isDisplayed())): null

2018-03-07 13:57:53 - [TEST_STEP][PASSED] - Statement - el = wes.get(i): null

2018-03-07 13:57:53 - [TEST_STEP][PASSED] - Statement - If (!(el.isDisplayed())): null

2018-03-07 13:57:53 - [TEST_STEP][PASSED] - Statement - el = wes.get(i): null

2018-03-07 13:57:53 - [TEST_STEP][PASSED] - Statement - If (!(el.isDisplayed())): null

2018-03-07 13:57:53 - [TEST_STEP][PASSED] - Statement - el = wes.get(i): null

2018-03-07 13:57:53 - [TEST_STEP][PASSED] - Statement - If (!(el.isDisplayed())): null

2018-03-07 13:57:53 - [TEST_STEP][PASSED] - Statement - el = wes.get(i): null

2018-03-07 13:57:53 - [TEST_STEP][PASSED] - Statement - If (!(el.isDisplayed())): null

2018-03-07 13:57:53 - [TEST_STEP][PASSED] - Statement - el = wes.get(i): null

2018-03-07 13:57:53 - [TEST_STEP][PASSED] - Statement - If (!(el.isDisplayed())): null

2018-03-07 13:57:53 - [TEST_STEP][PASSED] - Statement - el = wes.get(i): null

2018-03-07 13:57:53 - [TEST_STEP][PASSED] - Statement - If (!(el.isDisplayed())): null

2018-03-07 13:57:53 - [TEST_STEP][PASSED] - Statement - el = wes.get(i): null

2018-03-07 13:57:53 - [TEST_STEP][PASSED] - Statement - If (!(el.isDisplayed())): null

2018-03-07 13:57:53 - [TEST_STEP][PASSED] - Statement - el = wes.get(i): null

2018-03-07 13:57:53 - [TEST_STEP][PASSED] - Statement - If (!(el.isDisplayed())): null

2018-03-07 13:57:53 - [TEST_STEP][PASSED] - Statement - el = wes.get(i): null

2018-03-07 13:57:53 - [TEST_STEP][PASSED] - Statement - If (!(el.isDisplayed())): null

2018-03-07 13:57:53 - [TEST_STEP][PASSED] - Statement - el = wes.get(i): null

2018-03-07 13:57:53 - [TEST_STEP][PASSED] - Statement - If (!(el.isDisplayed())): null

2018-03-07 13:57:53 - [TEST_STEP][PASSED] - Statement - el = wes.get(i): null

2018-03-07 13:57:53 - [TEST_STEP][PASSED] - Statement - If (!(el.isDisplayed())): null

2018-03-07 13:57:53 - [TEST_STEP][PASSED] - Statement - el = wes.get(i): null

2018-03-07 13:57:53 - [TEST_STEP][PASSED] - Statement - If (!(el.isDisplayed())): null

2018-03-07 13:57:53 - [TEST_STEP][PASSED] - closeBrowser: Browser is closed

2018-03-07 13:57:54 - [MESSAGE][PASSED] - Browser is closed]]></system-out>
         <system-err><![CDATA[]]></system-err>
      </testcase>
      <testcase name="Test Cases/Prototyp_Filialsuche (RC 18)/29_Testfall" classname="Test Cases/Prototyp_Filialsuche (RC 18)/29_Testfall" status="PASSED">
         <system-out><![CDATA[2018-03-07 13:57:54 - [TEST_CASE][PASSED] - Test Cases/Prototyp_Filialsuche (RC 18)/29_Testfall: Test Cases/Prototyp_Filialsuche (RC 18)/29_Testfall

2018-03-07 13:57:54 - [TEST_STEP][PASSED] - openBrowser: Browser is opened with url: ''

2018-03-07 13:57:57 - [MESSAGE][PASSED] - Browser is opened with url: ''

2018-03-07 13:57:57 - [TEST_STEP][PASSED] - maximizeWindow: Current window maximized

2018-03-07 13:57:57 - [MESSAGE][PASSED] - Current window maximized

2018-03-07 13:57:57 - [TEST_STEP][PASSED] - deleteAllCookies: Delete all cookies successfully

2018-03-07 13:57:57 - [MESSAGE][PASSED] - Delete all cookies successfully

2018-03-07 13:57:57 - [TEST_STEP][PASSED] - navigateToUrl: Navigate to 'http://rc-ogrhtmlprototyp.testintern/18-1-0/filialsuche.html' successfully

2018-03-07 13:57:58 - [MESSAGE][PASSED] - Navigate to 'http://rc-ogrhtmlprototyp.testintern/18-1-0/filialsuche.html' successfully

2018-03-07 13:57:58 - [TEST_STEP][PASSED] - delay: Delayed 2 second(s)

2018-03-07 13:58:00 - [MESSAGE][PASSED] - Delayed 2 second(s)

2018-03-07 13:58:00 - [TEST_STEP][PASSED] - click: Object: 'Object Repository/03/Page_Filialsuche-rotenburg - BVR HT/svg_dropdown-icons' is clicked on

2018-03-07 13:58:00 - [MESSAGE][PASSED] - Object: 'Object Repository/03/Page_Filialsuche-rotenburg - BVR HT/svg_dropdown-icons' is clicked on

2018-03-07 13:58:00 - [TEST_STEP][PASSED] - delay: Delayed 2 second(s)

2018-03-07 13:58:02 - [MESSAGE][PASSED] - Delayed 2 second(s)

2018-03-07 13:58:02 - [TEST_STEP][PASSED] - mouseOver: Object: 'Object Repository/x/Page_Filialsuche - BVR HTML Prototy/div_Berlin' is hovered

2018-03-07 13:58:02 - [MESSAGE][PASSED] - Object: 'Object Repository/x/Page_Filialsuche - BVR HTML Prototy/div_Berlin' is hovered

2018-03-07 13:58:02 - [TEST_STEP][PASSED] - delay: Delayed 2 second(s)

2018-03-07 13:58:04 - [MESSAGE][PASSED] - Delayed 2 second(s)

2018-03-07 13:58:04 - [TEST_STEP][PASSED] - click: Object: 'Object Repository/x/Page_Filialsuche - BVR HTML Prototy/div_Berlin' is clicked on

2018-03-07 13:58:04 - [MESSAGE][PASSED] - Object: 'Object Repository/x/Page_Filialsuche - BVR HTML Prototy/div_Berlin' is clicked on

2018-03-07 13:58:04 - [TEST_STEP][PASSED] - delay: Delayed 5 second(s)

2018-03-07 13:58:09 - [MESSAGE][PASSED] - Delayed 5 second(s)

2018-03-07 13:58:09 - [TEST_STEP][PASSED] - verifyElementNotPresent: Web element with id: 'Object Repository/Entfernung_filialsuche' located by 'By.xpath: //span[@class='loc-distance']' is not present after '5' second(s)

2018-03-07 13:58:10 - [MESSAGE][PASSED] - Web element with id: 'Object Repository/Entfernung_filialsuche' located by 'By.xpath: //span[@class='loc-distance']' is not present after '5' second(s)

2018-03-07 13:58:10 - [TEST_STEP][PASSED] - closeBrowser: Browser is closed

2018-03-07 13:58:10 - [MESSAGE][PASSED] - Browser is closed]]></system-out>
         <system-err><![CDATA[]]></system-err>
      </testcase>
      <testcase name="Test Cases/Prototyp_Filialsuche (RC 18)/30_Testfall" classname="Test Cases/Prototyp_Filialsuche (RC 18)/30_Testfall" status="PASSED">
         <system-out><![CDATA[2018-03-07 13:58:10 - [TEST_CASE][PASSED] - Test Cases/Prototyp_Filialsuche (RC 18)/30_Testfall: Test Cases/Prototyp_Filialsuche (RC 18)/30_Testfall

2018-03-07 13:58:10 - [TEST_STEP][PASSED] - openBrowser: Browser is opened with url: ''

2018-03-07 13:58:12 - [MESSAGE][PASSED] - Browser is opened with url: ''

2018-03-07 13:58:12 - [TEST_STEP][PASSED] - maximizeWindow: Current window maximized

2018-03-07 13:58:13 - [MESSAGE][PASSED] - Current window maximized

2018-03-07 13:58:13 - [TEST_STEP][PASSED] - deleteAllCookies: Delete all cookies successfully

2018-03-07 13:58:13 - [MESSAGE][PASSED] - Delete all cookies successfully

2018-03-07 13:58:13 - [TEST_STEP][PASSED] - navigateToUrl: Navigate to 'http://rc-ogrhtmlprototyp.testintern/18-1-0/home-6-filialsuche.html' successfully

2018-03-07 13:58:13 - [MESSAGE][PASSED] - Navigate to 'http://rc-ogrhtmlprototyp.testintern/18-1-0/home-6-filialsuche.html' successfully

2018-03-07 13:58:13 - [TEST_STEP][PASSED] - delay: Delayed 5 second(s)

2018-03-07 13:58:18 - [MESSAGE][PASSED] - Delayed 5 second(s)

2018-03-07 13:58:18 - [TEST_STEP][PASSED] - click: Object: 'Object Repository/03/Page_Filialsuche-rotenburg - BVR HT/Page_Home-6-filialsuche - BVR HTML/svg_dropdown-icons' is clicked on

2018-03-07 13:58:19 - [MESSAGE][PASSED] - Object: 'Object Repository/03/Page_Filialsuche-rotenburg - BVR HT/Page_Home-6-filialsuche - BVR HTML/svg_dropdown-icons' is clicked on

2018-03-07 13:58:19 - [TEST_STEP][PASSED] - delay: Delayed 2 second(s)

2018-03-07 13:58:21 - [MESSAGE][PASSED] - Delayed 2 second(s)

2018-03-07 13:58:21 - [TEST_STEP][PASSED] - mouseOver: Object: 'Object Repository/002/Page_Home-6-filialsuche - BVR HTML/div_Berlin' is hovered

2018-03-07 13:58:21 - [MESSAGE][PASSED] - Object: 'Object Repository/002/Page_Home-6-filialsuche - BVR HTML/div_Berlin' is hovered

2018-03-07 13:58:21 - [TEST_STEP][PASSED] - delay: Delayed 2 second(s)

2018-03-07 13:58:23 - [MESSAGE][PASSED] - Delayed 2 second(s)

2018-03-07 13:58:23 - [TEST_STEP][PASSED] - click: Object: 'Object Repository/002/Page_Home-6-filialsuche - BVR HTML/div_Berlin' is clicked on

2018-03-07 13:58:23 - [MESSAGE][PASSED] - Object: 'Object Repository/002/Page_Home-6-filialsuche - BVR HTML/div_Berlin' is clicked on

2018-03-07 13:58:23 - [TEST_STEP][PASSED] - delay: Delayed 5 second(s)

2018-03-07 13:58:28 - [MESSAGE][PASSED] - Delayed 5 second(s)

2018-03-07 13:58:28 - [TEST_STEP][PASSED] - verifyElementNotPresent: Web element with id: 'Object Repository/Entfernung_filialsuche' located by 'By.xpath: //span[@class='loc-distance']' is not present after '5' second(s)

2018-03-07 13:58:28 - [MESSAGE][PASSED] - Web element with id: 'Object Repository/Entfernung_filialsuche' located by 'By.xpath: //span[@class='loc-distance']' is not present after '5' second(s)

2018-03-07 13:58:28 - [TEST_STEP][PASSED] - closeBrowser: Browser is closed

2018-03-07 13:58:28 - [MESSAGE][PASSED] - Browser is closed]]></system-out>
         <system-err><![CDATA[]]></system-err>
      </testcase>
      <testcase name="Test Cases/Prototyp_Filialsuche (RC 18)/31_Testfall" classname="Test Cases/Prototyp_Filialsuche (RC 18)/31_Testfall" status="PASSED">
         <system-out><![CDATA[2018-03-07 13:58:28 - [TEST_CASE][PASSED] - Test Cases/Prototyp_Filialsuche (RC 18)/31_Testfall: Test Cases/Prototyp_Filialsuche (RC 18)/31_Testfall

2018-03-07 13:58:28 - [TEST_STEP][PASSED] - openBrowser: Browser is opened with url: ''

2018-03-07 13:58:32 - [MESSAGE][PASSED] - Browser is opened with url: ''

2018-03-07 13:58:32 - [TEST_STEP][PASSED] - maximizeWindow: Current window maximized

2018-03-07 13:58:32 - [MESSAGE][PASSED] - Current window maximized

2018-03-07 13:58:32 - [TEST_STEP][PASSED] - deleteAllCookies: Delete all cookies successfully

2018-03-07 13:58:32 - [MESSAGE][PASSED] - Delete all cookies successfully

2018-03-07 13:58:32 - [TEST_STEP][PASSED] - navigateToUrl: Navigate to 'http://rc-ogrhtmlprototyp.testintern/18-1-0/detail.html' successfully

2018-03-07 13:58:36 - [MESSAGE][PASSED] - Navigate to 'http://rc-ogrhtmlprototyp.testintern/18-1-0/detail.html' successfully

2018-03-07 13:58:36 - [TEST_STEP][PASSED] - delay: Delayed 5 second(s)

2018-03-07 13:58:41 - [MESSAGE][PASSED] - Delayed 5 second(s)

2018-03-07 13:58:41 - [TEST_STEP][PASSED] - click: Object: 'Object Repository/002/Page_Detail - BVR HTML Prototyp/svg_dropdown-icons' is clicked on

2018-03-07 13:58:41 - [MESSAGE][PASSED] - Object: 'Object Repository/002/Page_Detail - BVR HTML Prototyp/svg_dropdown-icons' is clicked on

2018-03-07 13:58:41 - [TEST_STEP][PASSED] - delay: Delayed 2 second(s)

2018-03-07 13:58:43 - [MESSAGE][PASSED] - Delayed 2 second(s)

2018-03-07 13:58:43 - [TEST_STEP][PASSED] - mouseOver: Object: 'Object Repository/002/Page_Detail - BVR HTML Prototyp (1)/div_Berlin' is hovered

2018-03-07 13:58:44 - [MESSAGE][PASSED] - Object: 'Object Repository/002/Page_Detail - BVR HTML Prototyp (1)/div_Berlin' is hovered

2018-03-07 13:58:44 - [TEST_STEP][PASSED] - delay: Delayed 2 second(s)

2018-03-07 13:58:46 - [MESSAGE][PASSED] - Delayed 2 second(s)

2018-03-07 13:58:46 - [TEST_STEP][PASSED] - click: Object: 'Object Repository/002/Page_Detail - BVR HTML Prototyp (1)/div_Berlin' is clicked on

2018-03-07 13:58:46 - [MESSAGE][PASSED] - Object: 'Object Repository/002/Page_Detail - BVR HTML Prototyp (1)/div_Berlin' is clicked on

2018-03-07 13:58:46 - [TEST_STEP][PASSED] - delay: Delayed 5 second(s)

2018-03-07 13:58:51 - [MESSAGE][PASSED] - Delayed 5 second(s)

2018-03-07 13:58:51 - [TEST_STEP][PASSED] - verifyElementNotPresent: Web element with id: 'Object Repository/Entfernung_filialsuche' located by 'By.xpath: //span[@class='loc-distance']' is not present after '5' second(s)

2018-03-07 13:58:51 - [MESSAGE][PASSED] - Web element with id: 'Object Repository/Entfernung_filialsuche' located by 'By.xpath: //span[@class='loc-distance']' is not present after '5' second(s)

2018-03-07 13:58:51 - [TEST_STEP][PASSED] - closeBrowser: Browser is closed

2018-03-07 13:58:51 - [MESSAGE][PASSED] - Browser is closed]]></system-out>
         <system-err><![CDATA[]]></system-err>
      </testcase>
      <testcase name="Test Cases/Prototyp_Filialsuche (RC 18)/32_Testfall" classname="Test Cases/Prototyp_Filialsuche (RC 18)/32_Testfall" status="PASSED">
         <system-out><![CDATA[2018-03-07 13:58:51 - [TEST_CASE][PASSED] - Test Cases/Prototyp_Filialsuche (RC 18)/32_Testfall: Test Cases/Prototyp_Filialsuche (RC 18)/32_Testfall

2018-03-07 13:58:51 - [TEST_STEP][PASSED] - openBrowser: Browser is opened with url: ''

2018-03-07 13:58:54 - [MESSAGE][PASSED] - Browser is opened with url: ''

2018-03-07 13:58:54 - [TEST_STEP][PASSED] - maximizeWindow: Current window maximized

2018-03-07 13:58:54 - [MESSAGE][PASSED] - Current window maximized

2018-03-07 13:58:54 - [TEST_STEP][PASSED] - deleteAllCookies: Delete all cookies successfully

2018-03-07 13:58:54 - [MESSAGE][PASSED] - Delete all cookies successfully

2018-03-07 13:58:54 - [TEST_STEP][PASSED] - navigateToUrl: Navigate to 'http://rc-ogrhtmlprototyp.testintern/18-1-0/filialsuche.html' successfully

2018-03-07 13:58:56 - [MESSAGE][PASSED] - Navigate to 'http://rc-ogrhtmlprototyp.testintern/18-1-0/filialsuche.html' successfully

2018-03-07 13:58:56 - [TEST_STEP][PASSED] - delay: Delayed 5 second(s)

2018-03-07 13:59:01 - [MESSAGE][PASSED] - Delayed 5 second(s)

2018-03-07 13:59:01 - [TEST_STEP][PASSED] - click: Object: 'Object Repository/002/Page_Filialsuche - BVR HTML Prototy (1)/svg_dropdown-icons' is clicked on

2018-03-07 13:59:01 - [MESSAGE][PASSED] - Object: 'Object Repository/002/Page_Filialsuche - BVR HTML Prototy (1)/svg_dropdown-icons' is clicked on

2018-03-07 13:59:01 - [TEST_STEP][PASSED] - delay: Delayed 3 second(s)

2018-03-07 13:59:04 - [MESSAGE][PASSED] - Delayed 3 second(s)

2018-03-07 13:59:04 - [TEST_STEP][PASSED] - mouseOver: Object: 'Object Repository/berlin/Page_Filialsuche - BVR HTML Prototy/div_Berlin' is hovered

2018-03-07 13:59:04 - [MESSAGE][PASSED] - Object: 'Object Repository/berlin/Page_Filialsuche - BVR HTML Prototy/div_Berlin' is hovered

2018-03-07 13:59:04 - [TEST_STEP][PASSED] - delay: Delayed 3 second(s)

2018-03-07 13:59:07 - [MESSAGE][PASSED] - Delayed 3 second(s)

2018-03-07 13:59:07 - [TEST_STEP][PASSED] - click: Object: 'Object Repository/berlin/Page_Filialsuche - BVR HTML Prototy/div_Berlin' is clicked on

2018-03-07 13:59:08 - [MESSAGE][PASSED] - Object: 'Object Repository/berlin/Page_Filialsuche - BVR HTML Prototy/div_Berlin' is clicked on

2018-03-07 13:59:08 - [TEST_STEP][PASSED] - delay: Delayed 5 second(s)

2018-03-07 13:59:13 - [MESSAGE][PASSED] - Delayed 5 second(s)

2018-03-07 13:59:13 - [TEST_STEP][PASSED] - verifyElementNotPresent: Web element with id: 'Object Repository/Entfernung_filialsuche' located by 'By.xpath: //span[@class='loc-distance']' is not present after '5' second(s)

2018-03-07 13:59:13 - [MESSAGE][PASSED] - Web element with id: 'Object Repository/Entfernung_filialsuche' located by 'By.xpath: //span[@class='loc-distance']' is not present after '5' second(s)

2018-03-07 13:59:13 - [TEST_STEP][PASSED] - closeBrowser: Browser is closed

2018-03-07 13:59:13 - [MESSAGE][PASSED] - Browser is closed]]></system-out>
         <system-err><![CDATA[]]></system-err>
      </testcase>
      <testcase name="Test Cases/Prototyp_Filialsuche (RC 18)/33_Testfall" classname="Test Cases/Prototyp_Filialsuche (RC 18)/33_Testfall" status="PASSED">
         <system-out><![CDATA[2018-03-07 13:59:13 - [TEST_CASE][PASSED] - Test Cases/Prototyp_Filialsuche (RC 18)/33_Testfall: Test Cases/Prototyp_Filialsuche (RC 18)/33_Testfall

2018-03-07 13:59:13 - [TEST_STEP][PASSED] - openBrowser: Browser is opened with url: ''

2018-03-07 13:59:16 - [MESSAGE][PASSED] - Browser is opened with url: ''

2018-03-07 13:59:16 - [TEST_STEP][PASSED] - maximizeWindow: Current window maximized

2018-03-07 13:59:16 - [MESSAGE][PASSED] - Current window maximized

2018-03-07 13:59:16 - [TEST_STEP][PASSED] - deleteAllCookies: Delete all cookies successfully

2018-03-07 13:59:16 - [MESSAGE][PASSED] - Delete all cookies successfully

2018-03-07 13:59:16 - [TEST_STEP][PASSED] - navigateToUrl: Navigate to 'http://rc-ogrhtmlprototyp.testintern/18-1-0/filialsuche-textinput.html' successfully

2018-03-07 13:59:17 - [MESSAGE][PASSED] - Navigate to 'http://rc-ogrhtmlprototyp.testintern/18-1-0/filialsuche-textinput.html' successfully

2018-03-07 13:59:17 - [TEST_STEP][PASSED] - delay: Delayed 5 second(s)

2018-03-07 13:59:22 - [MESSAGE][PASSED] - Delayed 5 second(s)

2018-03-07 13:59:22 - [TEST_STEP][PASSED] - Statement - Try: Object 'Object Repository/Accordeon_filialsuche' is NOT visible

2018-03-07 13:59:22 - [TEST_STEP][PASSED] - verifyElementNotVisible: Object 'Object Repository/Accordeon_filialsuche' is NOT visible

2018-03-07 13:59:22 - [MESSAGE][PASSED] - Object 'Object Repository/Accordeon_filialsuche' is NOT visible

2018-03-07 13:59:22 - [TEST_STEP][PASSED] - verifyElementNotPresent: Web element with id: 'Object Repository/filial_map' located by 'By.xpath: //div[@class='aps-map__custom-marker']' is not present after '2' second(s)

2018-03-07 13:59:22 - [MESSAGE][PASSED] - Web element with id: 'Object Repository/filial_map' located by 'By.xpath: //div[@class='aps-map__custom-marker']' is not present after '2' second(s)

2018-03-07 13:59:22 - [TEST_STEP][PASSED] - closeBrowser: Browser is closed

2018-03-07 13:59:23 - [MESSAGE][PASSED] - Browser is closed]]></system-out>
         <system-err><![CDATA[]]></system-err>
      </testcase>
      <testcase name="Test Cases/Prototyp_Filialsuche (RC 18)/34_Testfall" classname="Test Cases/Prototyp_Filialsuche (RC 18)/34_Testfall" status="PASSED">
         <system-out><![CDATA[2018-03-07 13:59:23 - [TEST_CASE][PASSED] - Test Cases/Prototyp_Filialsuche (RC 18)/34_Testfall: Test Cases/Prototyp_Filialsuche (RC 18)/34_Testfall

2018-03-07 13:59:23 - [TEST_STEP][PASSED] - openBrowser: Browser is opened with url: ''

2018-03-07 13:59:26 - [MESSAGE][PASSED] - Browser is opened with url: ''

2018-03-07 13:59:26 - [TEST_STEP][PASSED] - maximizeWindow: Current window maximized

2018-03-07 13:59:26 - [MESSAGE][PASSED] - Current window maximized

2018-03-07 13:59:26 - [TEST_STEP][PASSED] - deleteAllCookies: Delete all cookies successfully

2018-03-07 13:59:26 - [MESSAGE][PASSED] - Delete all cookies successfully

2018-03-07 13:59:26 - [TEST_STEP][PASSED] - navigateToUrl: Navigate to 'http://rc-ogrhtmlprototyp.testintern/18-1-0/filialsuche-textinput.html' successfully

2018-03-07 13:59:27 - [MESSAGE][PASSED] - Navigate to 'http://rc-ogrhtmlprototyp.testintern/18-1-0/filialsuche-textinput.html' successfully

2018-03-07 13:59:27 - [TEST_STEP][PASSED] - delay: Delayed 2 second(s)

2018-03-07 13:59:29 - [MESSAGE][PASSED] - Delayed 2 second(s)

2018-03-07 13:59:29 - [TEST_STEP][PASSED] - setText: Text 'berlin' is set on object 'Object Repository/34TF/Page_Filialsuche-textinput - BVR HT/input_city'

2018-03-07 13:59:29 - [MESSAGE][PASSED] - Text 'berlin' is set on object 'Object Repository/34TF/Page_Filialsuche-textinput - BVR HT/input_city'

2018-03-07 13:59:29 - [TEST_STEP][PASSED] - click: Object: 'Object Repository/34TF/Page_Filialsuche-textinput - BVR HT (1)/button_Suchen' is clicked on

2018-03-07 13:59:29 - [MESSAGE][PASSED] - Object: 'Object Repository/34TF/Page_Filialsuche-textinput - BVR HT (1)/button_Suchen' is clicked on

2018-03-07 13:59:29 - [TEST_STEP][PASSED] - delay: Delayed 3 second(s)

2018-03-07 13:59:32 - [MESSAGE][PASSED] - Delayed 3 second(s)

2018-03-07 13:59:32 - [TEST_STEP][PASSED] - verifyElementNotPresent: Web element with id: 'Object Repository/Akkordeon_plus_filialsuche' located by 'By.xpath: //a[@class='acc-header acc-header--open']' is not present after '5' second(s)

2018-03-07 13:59:32 - [MESSAGE][PASSED] - Web element with id: 'Object Repository/Akkordeon_plus_filialsuche' located by 'By.xpath: //a[@class='acc-header acc-header--open']' is not present after '5' second(s)

2018-03-07 13:59:32 - [TEST_STEP][PASSED] - closeBrowser: Browser is closed

2018-03-07 13:59:32 - [MESSAGE][PASSED] - Browser is closed]]></system-out>
         <system-err><![CDATA[]]></system-err>
      </testcase>
      <testcase name="Test Cases/Prototyp_Filialsuche (RC 18)/35_Testfall" classname="Test Cases/Prototyp_Filialsuche (RC 18)/35_Testfall" status="PASSED">
         <system-out><![CDATA[2018-03-07 13:59:32 - [TEST_CASE][PASSED] - Test Cases/Prototyp_Filialsuche (RC 18)/35_Testfall: Test Cases/Prototyp_Filialsuche (RC 18)/35_Testfall

2018-03-07 13:59:32 - [TEST_STEP][PASSED] - openBrowser: Browser is opened with url: ''

2018-03-07 13:59:35 - [MESSAGE][PASSED] - Browser is opened with url: ''

2018-03-07 13:59:35 - [TEST_STEP][PASSED] - maximizeWindow: Current window maximized

2018-03-07 13:59:36 - [MESSAGE][PASSED] - Current window maximized

2018-03-07 13:59:36 - [TEST_STEP][PASSED] - deleteAllCookies: Delete all cookies successfully

2018-03-07 13:59:36 - [MESSAGE][PASSED] - Delete all cookies successfully

2018-03-07 13:59:36 - [TEST_STEP][PASSED] - navigateToUrl: Navigate to 'http://rc-ogrhtmlprototyp.testintern/18-1-0/filialsuche-rotenburg-textinput.html' successfully

2018-03-07 13:59:37 - [MESSAGE][PASSED] - Navigate to 'http://rc-ogrhtmlprototyp.testintern/18-1-0/filialsuche-rotenburg-textinput.html' successfully

2018-03-07 13:59:37 - [TEST_STEP][PASSED] - delay: Delayed 5 second(s)

2018-03-07 13:59:42 - [MESSAGE][PASSED] - Delayed 5 second(s)

2018-03-07 13:59:42 - [TEST_STEP][PASSED] - setText: Text 'Bad Hersfeld' is set on object 'Object Repository/Filialsuche_Inputtext'

2018-03-07 13:59:42 - [MESSAGE][PASSED] - Text 'Bad Hersfeld' is set on object 'Object Repository/Filialsuche_Inputtext'

2018-03-07 13:59:42 - [TEST_STEP][PASSED] - delay: Delayed 2 second(s)

2018-03-07 13:59:44 - [MESSAGE][PASSED] - Delayed 2 second(s)

2018-03-07 13:59:44 - [TEST_STEP][PASSED] - submit: The form containing object: 'Object Repository/Filialsuche_submit_button' is submitted

2018-03-07 13:59:44 - [MESSAGE][PASSED] - The form containing object: 'Object Repository/Filialsuche_submit_button' is submitted

2018-03-07 13:59:44 - [TEST_STEP][PASSED] - delay: Delayed 2 second(s)

2018-03-07 13:59:46 - [MESSAGE][PASSED] - Delayed 2 second(s)

2018-03-07 13:59:46 - [TEST_STEP][PASSED] - verifyElementVisible: Object 'Object Repository/Entfernung_filialsuche' is visible

2018-03-07 13:59:46 - [MESSAGE][PASSED] - Object 'Object Repository/Entfernung_filialsuche' is visible

2018-03-07 13:59:46 - [TEST_STEP][PASSED] - closeBrowser: Browser is closed

2018-03-07 13:59:47 - [MESSAGE][PASSED] - Browser is closed]]></system-out>
         <system-err><![CDATA[]]></system-err>
      </testcase>
      <testcase name="Test Cases/Prototyp_Filialsuche (RC 18)/36_Testfall" classname="Test Cases/Prototyp_Filialsuche (RC 18)/36_Testfall" status="PASSED">
         <system-out><![CDATA[2018-03-07 13:59:47 - [TEST_CASE][PASSED] - Test Cases/Prototyp_Filialsuche (RC 18)/36_Testfall: Test Cases/Prototyp_Filialsuche (RC 18)/36_Testfall

2018-03-07 13:59:47 - [TEST_STEP][PASSED] - openBrowser: Browser is opened with url: ''

2018-03-07 13:59:50 - [MESSAGE][PASSED] - Browser is opened with url: ''

2018-03-07 13:59:50 - [TEST_STEP][PASSED] - maximizeWindow: Current window maximized

2018-03-07 13:59:50 - [MESSAGE][PASSED] - Current window maximized

2018-03-07 13:59:50 - [TEST_STEP][PASSED] - deleteAllCookies: Delete all cookies successfully

2018-03-07 13:59:50 - [MESSAGE][PASSED] - Delete all cookies successfully

2018-03-07 13:59:50 - [TEST_STEP][PASSED] - navigateToUrl: Navigate to 'http://rc-ogrhtmlprototyp.testintern/18-1-0/filialsuche-rotenburg-textinput.html' successfully

2018-03-07 13:59:51 - [MESSAGE][PASSED] - Navigate to 'http://rc-ogrhtmlprototyp.testintern/18-1-0/filialsuche-rotenburg-textinput.html' successfully

2018-03-07 13:59:51 - [TEST_STEP][PASSED] - delay: Delayed 2 second(s)

2018-03-07 13:59:53 - [MESSAGE][PASSED] - Delayed 2 second(s)

2018-03-07 13:59:53 - [TEST_STEP][PASSED] - setText: Text 'Bad Hersfeld' is set on object 'Object Repository/34TF/Page_Filialsuche-textinput - BVR HT/input_city'

2018-03-07 13:59:53 - [MESSAGE][PASSED] - Text 'Bad Hersfeld' is set on object 'Object Repository/34TF/Page_Filialsuche-textinput - BVR HT/input_city'

2018-03-07 13:59:53 - [TEST_STEP][PASSED] - click: Object: 'Object Repository/34TF/Page_Filialsuche-textinput - BVR HT (1)/button_Suchen' is clicked on

2018-03-07 13:59:54 - [MESSAGE][PASSED] - Object: 'Object Repository/34TF/Page_Filialsuche-textinput - BVR HT (1)/button_Suchen' is clicked on

2018-03-07 13:59:54 - [TEST_STEP][PASSED] - delay: Delayed 3 second(s)

2018-03-07 13:59:57 - [MESSAGE][PASSED] - Delayed 3 second(s)

2018-03-07 13:59:57 - [TEST_STEP][PASSED] - verifyElementNotPresent: Web element with id: 'Object Repository/Akkordeon_plus_filialsuche' located by 'By.xpath: //a[@class='acc-header acc-header--open']' is not present after '5' second(s)

2018-03-07 13:59:57 - [MESSAGE][PASSED] - Web element with id: 'Object Repository/Akkordeon_plus_filialsuche' located by 'By.xpath: //a[@class='acc-header acc-header--open']' is not present after '5' second(s)

2018-03-07 13:59:57 - [TEST_STEP][PASSED] - closeBrowser: Browser is closed

2018-03-07 13:59:57 - [MESSAGE][PASSED] - Browser is closed]]></system-out>
         <system-err><![CDATA[]]></system-err>
      </testcase>
      <testcase name="Test Cases/Prototyp_Filialsuche (RC 18)/37_Testfall" classname="Test Cases/Prototyp_Filialsuche (RC 18)/37_Testfall" status="PASSED">
         <system-out><![CDATA[2018-03-07 13:59:57 - [TEST_CASE][PASSED] - Test Cases/Prototyp_Filialsuche (RC 18)/37_Testfall: Test Cases/Prototyp_Filialsuche (RC 18)/37_Testfall

2018-03-07 13:59:57 - [TEST_STEP][PASSED] - openBrowser: Browser is opened with url: ''

2018-03-07 14:00:00 - [MESSAGE][PASSED] - Browser is opened with url: ''

2018-03-07 14:00:00 - [TEST_STEP][PASSED] - maximizeWindow: Current window maximized

2018-03-07 14:00:00 - [MESSAGE][PASSED] - Current window maximized

2018-03-07 14:00:00 - [TEST_STEP][PASSED] - deleteAllCookies: Delete all cookies successfully

2018-03-07 14:00:00 - [MESSAGE][PASSED] - Delete all cookies successfully

2018-03-07 14:00:00 - [TEST_STEP][PASSED] - navigateToUrl: Navigate to 'http://rc-ogrhtmlprototyp.testintern/18-1-0/filialsuche-nuernberg-textinput.html' successfully

2018-03-07 14:00:01 - [MESSAGE][PASSED] - Navigate to 'http://rc-ogrhtmlprototyp.testintern/18-1-0/filialsuche-nuernberg-textinput.html' successfully

2018-03-07 14:00:01 - [TEST_STEP][PASSED] - delay: Delayed 5 second(s)

2018-03-07 14:00:06 - [MESSAGE][PASSED] - Delayed 5 second(s)

2018-03-07 14:00:06 - [TEST_STEP][PASSED] - setText: Text 'Nrnberg' is set on object 'Object Repository/Filialsuche_Inputtext'

2018-03-07 14:00:06 - [MESSAGE][PASSED] - Text 'Nrnberg' is set on object 'Object Repository/Filialsuche_Inputtext'

2018-03-07 14:00:06 - [TEST_STEP][PASSED] - delay: Delayed 2 second(s)

2018-03-07 14:00:08 - [MESSAGE][PASSED] - Delayed 2 second(s)

2018-03-07 14:00:08 - [TEST_STEP][PASSED] - submit: The form containing object: 'Object Repository/Filialsuche_submit_button' is submitted

2018-03-07 14:00:08 - [MESSAGE][PASSED] - The form containing object: 'Object Repository/Filialsuche_submit_button' is submitted

2018-03-07 14:00:08 - [TEST_STEP][PASSED] - delay: Delayed 2 second(s)

2018-03-07 14:00:10 - [MESSAGE][PASSED] - Delayed 2 second(s)

2018-03-07 14:00:10 - [TEST_STEP][PASSED] - verifyElementVisible: Object 'Object Repository/Entfernung_filialsuche' is visible

2018-03-07 14:00:10 - [MESSAGE][PASSED] - Object 'Object Repository/Entfernung_filialsuche' is visible

2018-03-07 14:00:10 - [TEST_STEP][PASSED] - closeBrowser: Browser is closed

2018-03-07 14:00:10 - [MESSAGE][PASSED] - Browser is closed]]></system-out>
         <system-err><![CDATA[]]></system-err>
      </testcase>
      <testcase name="Test Cases/Prototyp_Filialsuche (RC 18)/38_Testfall" classname="Test Cases/Prototyp_Filialsuche (RC 18)/38_Testfall" status="PASSED">
         <system-out><![CDATA[2018-03-07 14:00:10 - [TEST_CASE][PASSED] - Test Cases/Prototyp_Filialsuche (RC 18)/38_Testfall: Test Cases/Prototyp_Filialsuche (RC 18)/38_Testfall

2018-03-07 14:00:10 - [TEST_STEP][PASSED] - openBrowser: Browser is opened with url: ''

2018-03-07 14:00:14 - [MESSAGE][PASSED] - Browser is opened with url: ''

2018-03-07 14:00:14 - [TEST_STEP][PASSED] - deleteAllCookies: Delete all cookies successfully

2018-03-07 14:00:14 - [MESSAGE][PASSED] - Delete all cookies successfully

2018-03-07 14:00:14 - [TEST_STEP][PASSED] - maximizeWindow: Current window maximized

2018-03-07 14:00:14 - [MESSAGE][PASSED] - Current window maximized

2018-03-07 14:00:14 - [TEST_STEP][PASSED] - navigateToUrl: Navigate to 'http://rc-ogrhtmlprototyp.testintern/18-1-0/filialsuche-wangen.html' successfully

2018-03-07 14:00:15 - [MESSAGE][PASSED] - Navigate to 'http://rc-ogrhtmlprototyp.testintern/18-1-0/filialsuche-wangen.html' successfully

2018-03-07 14:00:15 - [TEST_STEP][PASSED] - delay: Delayed 2 second(s)

2018-03-07 14:00:17 - [MESSAGE][PASSED] - Delayed 2 second(s)

2018-03-07 14:00:17 - [TEST_STEP][PASSED] - click: Object: 'Object Repository/16TF/Page_Filialsuche-wangen - BVR HTML/span_Geschftsstelle Brtlingen' is clicked on

2018-03-07 14:00:17 - [MESSAGE][PASSED] - Object: 'Object Repository/16TF/Page_Filialsuche-wangen - BVR HTML/span_Geschftsstelle Brtlingen' is clicked on

2018-03-07 14:00:17 - [TEST_STEP][PASSED] - delay: Delayed 2 second(s)

2018-03-07 14:00:19 - [MESSAGE][PASSED] - Delayed 2 second(s)

2018-03-07 14:00:19 - [TEST_STEP][PASSED] - verifyTextPresent: Text 'Hauptstr. 56' is present on page 

2018-03-07 14:00:20 - [MESSAGE][PASSED] - Text 'Hauptstr. 56' is present on page 

2018-03-07 14:00:20 - [TEST_STEP][PASSED] - verifyTextPresent: Text '73104 Brtlingen' is present on page 

2018-03-07 14:00:21 - [MESSAGE][PASSED] - Text '73104 Brtlingen' is present on page 

2018-03-07 14:00:21 - [TEST_STEP][PASSED] - click: Object: 'Object Repository/16TF/Page_Filialsuche-wangen - BVR HTML/span_Geschftsstelle Rechbergha' is clicked on

2018-03-07 14:00:21 - [MESSAGE][PASSED] - Object: 'Object Repository/16TF/Page_Filialsuche-wangen - BVR HTML/span_Geschftsstelle Rechbergha' is clicked on

2018-03-07 14:00:21 - [TEST_STEP][PASSED] - delay: Delayed 2 second(s)

2018-03-07 14:00:23 - [MESSAGE][PASSED] - Delayed 2 second(s)

2018-03-07 14:00:23 - [TEST_STEP][PASSED] - verifyTextPresent: Text 'Hauptstr. 37' is present on page 

2018-03-07 14:00:24 - [MESSAGE][PASSED] - Text 'Hauptstr. 37' is present on page 

2018-03-07 14:00:24 - [TEST_STEP][PASSED] - verifyTextPresent: Text '73098 Rechberghausen' is present on page 

2018-03-07 14:00:25 - [MESSAGE][PASSED] - Text '73098 Rechberghausen' is present on page 

2018-03-07 14:00:25 - [TEST_STEP][PASSED] - scrollToElement: Scroll to object 'Object Repository/16TF/Page_Filialsuche-wangen - BVR HTML/span_Geschftsstelle Uhingen-Ho' successfully

2018-03-07 14:00:25 - [MESSAGE][WARNING] - Timeout '0' is invalid. Using default page load timeout: '30'

2018-03-07 14:00:25 - [MESSAGE][PASSED] - Scroll to object 'Object Repository/16TF/Page_Filialsuche-wangen - BVR HTML/span_Geschftsstelle Uhingen-Ho' successfully

2018-03-07 14:00:25 - [TEST_STEP][PASSED] - click: Object: 'Object Repository/16TF/Page_Filialsuche-wangen - BVR HTML/span_Geschftsstelle Uhingen-Ho' is clicked on

2018-03-07 14:00:25 - [MESSAGE][PASSED] - Object: 'Object Repository/16TF/Page_Filialsuche-wangen - BVR HTML/span_Geschftsstelle Uhingen-Ho' is clicked on

2018-03-07 14:00:25 - [TEST_STEP][PASSED] - delay: Delayed 3 second(s)

2018-03-07 14:00:28 - [MESSAGE][PASSED] - Delayed 3 second(s)

2018-03-07 14:00:28 - [TEST_STEP][PASSED] - verifyTextPresent: Text 'Dorfstr. 17 a' is present on page 

2018-03-07 14:00:29 - [MESSAGE][PASSED] - Text 'Dorfstr. 17 a' is present on page 

2018-03-07 14:00:29 - [TEST_STEP][PASSED] - verifyTextPresent: Text '73066 Uhingen' is present on page 

2018-03-07 14:00:30 - [MESSAGE][PASSED] - Text '73066 Uhingen' is present on page 

2018-03-07 14:00:30 - [TEST_STEP][PASSED] - scrollToElement: Scroll to object 'Object Repository/16TF/Page_Filialsuche-wangen - BVR HTML/span_Raiffeisenbank Wangen eG' successfully

2018-03-07 14:00:30 - [MESSAGE][WARNING] - Timeout '0' is invalid. Using default page load timeout: '30'

2018-03-07 14:00:30 - [MESSAGE][PASSED] - Scroll to object 'Object Repository/16TF/Page_Filialsuche-wangen - BVR HTML/span_Raiffeisenbank Wangen eG' successfully

2018-03-07 14:00:30 - [TEST_STEP][PASSED] - click: Object: 'Object Repository/16TF/Page_Filialsuche-wangen - BVR HTML/span_Raiffeisenbank Wangen eG' is clicked on

2018-03-07 14:00:30 - [MESSAGE][PASSED] - Object: 'Object Repository/16TF/Page_Filialsuche-wangen - BVR HTML/span_Raiffeisenbank Wangen eG' is clicked on

2018-03-07 14:00:30 - [TEST_STEP][PASSED] - delay: Delayed 2 second(s)

2018-03-07 14:00:32 - [MESSAGE][PASSED] - Delayed 2 second(s)

2018-03-07 14:00:32 - [TEST_STEP][PASSED] - verifyTextPresent: Text 'Hauptstr.44' is present on page 

2018-03-07 14:00:33 - [MESSAGE][PASSED] - Text 'Hauptstr.44' is present on page 

2018-03-07 14:00:33 - [TEST_STEP][PASSED] - verifyTextPresent: Text '73117 Wangen' is present on page 

2018-03-07 14:00:34 - [MESSAGE][PASSED] - Text '73117 Wangen' is present on page 

2018-03-07 14:00:34 - [TEST_STEP][PASSED] - closeBrowser: Browser is closed

2018-03-07 14:00:34 - [MESSAGE][PASSED] - Browser is closed]]></system-out>
         <system-err><![CDATA[]]></system-err>
      </testcase>
      <testcase name="Test Cases/Prototyp_Filialsuche (RC 18)/39_Testfall" classname="Test Cases/Prototyp_Filialsuche (RC 18)/39_Testfall" status="ERROR">
         <error type="ERROR" message="Test Cases/Prototyp_Filialsuche (RC 18)/39_Testfall FAILED because (of) java.lang.StringIndexOutOfBoundsException: String index out of range: 0"/>
         <system-out><![CDATA[2018-03-07 14:00:34 - [TEST_CASE][ERROR] - Test Cases/Prototyp_Filialsuche (RC 18)/39_Testfall: Test Cases/Prototyp_Filialsuche (RC 18)/39_Testfall FAILED because (of) java.lang.StringIndexOutOfBoundsException: String index out of range: 0

2018-03-07 14:00:34 - [TEST_STEP][PASSED] - openBrowser: Browser is opened with url: ''

2018-03-07 14:00:37 - [MESSAGE][PASSED] - Browser is opened with url: ''

2018-03-07 14:00:37 - [TEST_STEP][PASSED] - maximizeWindow: Current window maximized

2018-03-07 14:00:37 - [MESSAGE][PASSED] - Current window maximized

2018-03-07 14:00:37 - [TEST_STEP][PASSED] - deleteAllCookies: Delete all cookies successfully

2018-03-07 14:00:37 - [MESSAGE][PASSED] - Delete all cookies successfully

2018-03-07 14:00:37 - [TEST_STEP][PASSED] - navigateToUrl: Navigate to 'http://rc-ogrhtmlprototyp.testintern/18-1-0/filialsuche.html' successfully

2018-03-07 14:00:38 - [MESSAGE][PASSED] - Navigate to 'http://rc-ogrhtmlprototyp.testintern/18-1-0/filialsuche.html' successfully

2018-03-07 14:00:38 - [TEST_STEP][PASSED] - delay: Delayed 2 second(s)

2018-03-07 14:00:40 - [MESSAGE][PASSED] - Delayed 2 second(s)

2018-03-07 14:00:40 - [TEST_STEP][PASSED] - click: Object: 'Object Repository/002/Page_Filialsuche-rotenburg - BVR HT/svg_dropdown-icons' is clicked on

2018-03-07 14:00:41 - [MESSAGE][PASSED] - Object: 'Object Repository/002/Page_Filialsuche-rotenburg - BVR HT/svg_dropdown-icons' is clicked on

2018-03-07 14:00:41 - [TEST_STEP][PASSED] - delay: Delayed 2 second(s)

2018-03-07 14:00:43 - [MESSAGE][PASSED] - Delayed 2 second(s)

2018-03-07 14:00:43 - [TEST_STEP][PASSED] - scrollToElement: Scroll to object 'Object Repository/Belitz_option' successfully

2018-03-07 14:00:43 - [MESSAGE][PASSED] - Scroll to object 'Object Repository/Belitz_option' successfully

2018-03-07 14:00:43 - [TEST_STEP][PASSED] - delay: Delayed 2 second(s)

2018-03-07 14:00:45 - [MESSAGE][PASSED] - Delayed 2 second(s)

2018-03-07 14:00:45 - [TEST_STEP][PASSED] - mouseOver: Object: 'Object Repository/Belitz_option' is hovered

2018-03-07 14:00:45 - [MESSAGE][PASSED] - Object: 'Object Repository/Belitz_option' is hovered

2018-03-07 14:00:45 - [TEST_STEP][PASSED] - delay: Delayed 2 second(s)

2018-03-07 14:00:47 - [MESSAGE][PASSED] - Delayed 2 second(s)

2018-03-07 14:00:47 - [TEST_STEP][PASSED] - click: Object: 'Object Repository/Belitz_option' is clicked on

2018-03-07 14:00:47 - [MESSAGE][PASSED] - Object: 'Object Repository/Belitz_option' is clicked on

2018-03-07 14:00:47 - [TEST_STEP][PASSED] - delay: Delayed 5 second(s)

2018-03-07 14:00:52 - [MESSAGE][PASSED] - Delayed 5 second(s)

2018-03-07 14:00:52 - [TEST_STEP][PASSED] - Statement - wes = com.kms.katalon.core.webui.common.WebUiCommonHelper.findWebElements(com.kms.katalon.core.testobject.ObjectRepository.findTestObject(loc_steet_filialsuche), 5): Found 37 web elements with id: 'Object Repository/loc_steet_filialsuche' located by 'By.xpath: //div[@class='loc-street']' in '5' second(s)

2018-03-07 14:00:52 - [TEST_STEP][PASSED] - Statement - For ([i = 1, i < wes.size(), (i++)]): null

2018-03-07 14:00:52 - [TEST_STEP][PASSED] - Statement - el = wes.get(i): null

2018-03-07 14:00:52 - [TEST_STEP][PASSED] - Statement - el_prev = wes.get(i - 1): null

2018-03-07 14:00:52 - [TEST_STEP][PASSED] - Statement - ch = el.getText().charAt(0): null]]></system-out>
         <system-err><![CDATA[2018-03-07 14:00:34 - [TEST_CASE][ERROR] - Test Cases/Prototyp_Filialsuche (RC 18)/39_Testfall: Test Cases/Prototyp_Filialsuche (RC 18)/39_Testfall FAILED because (of) java.lang.StringIndexOutOfBoundsException: String index out of range: 0]]></system-err>
      </testcase>
      <testcase name="Test Cases/Prototyp_Filialsuche (RC 18)/40_Testfall" classname="Test Cases/Prototyp_Filialsuche (RC 18)/40_Testfall" status="PASSED">
         <system-out><![CDATA[2018-03-07 14:00:52 - [TEST_CASE][PASSED] - Test Cases/Prototyp_Filialsuche (RC 18)/40_Testfall: Test Cases/Prototyp_Filialsuche (RC 18)/40_Testfall

2018-03-07 14:00:52 - [TEST_STEP][PASSED] - openBrowser: Browser is opened with url: ''

2018-03-07 14:00:52 - [MESSAGE][WARNING] - A browser is already opened. Closing browser and opening a new one

2018-03-07 14:00:55 - [MESSAGE][PASSED] - Browser is opened with url: ''

2018-03-07 14:00:55 - [TEST_STEP][PASSED] - deleteAllCookies: Delete all cookies successfully

2018-03-07 14:00:55 - [MESSAGE][PASSED] - Delete all cookies successfully

2018-03-07 14:00:55 - [TEST_STEP][PASSED] - maximizeWindow: Current window maximized

2018-03-07 14:00:55 - [MESSAGE][PASSED] - Current window maximized

2018-03-07 14:00:55 - [TEST_STEP][PASSED] - navigateToUrl: Navigate to 'http://rc-ogrhtmlprototyp.testintern/18-1-0/filialsuche-wangen.html' successfully

2018-03-07 14:00:57 - [MESSAGE][PASSED] - Navigate to 'http://rc-ogrhtmlprototyp.testintern/18-1-0/filialsuche-wangen.html' successfully

2018-03-07 14:00:57 - [TEST_STEP][PASSED] - delay: Delayed 2 second(s)

2018-03-07 14:00:59 - [MESSAGE][PASSED] - Delayed 2 second(s)

2018-03-07 14:00:59 - [TEST_STEP][PASSED] - click: Object: 'Object Repository/40_TF/Page_Filialsuche-wangen - BVR HTML/svg_dropdown-icons' is clicked on

2018-03-07 14:00:59 - [MESSAGE][PASSED] - Object: 'Object Repository/40_TF/Page_Filialsuche-wangen - BVR HTML/svg_dropdown-icons' is clicked on

2018-03-07 14:00:59 - [TEST_STEP][PASSED] - delay: Delayed 2 second(s)

2018-03-07 14:01:01 - [MESSAGE][PASSED] - Delayed 2 second(s)

2018-03-07 14:01:01 - [TEST_STEP][PASSED] - mouseOver: Object: 'Object Repository/40_TF/Page_Filialsuche-wangen - BVR HTML/div_Brtlingen' is hovered

2018-03-07 14:01:01 - [MESSAGE][PASSED] - Object: 'Object Repository/40_TF/Page_Filialsuche-wangen - BVR HTML/div_Brtlingen' is hovered

2018-03-07 14:01:01 - [TEST_STEP][PASSED] - click: Object: 'Object Repository/40_TF/Page_Filialsuche-wangen - BVR HTML/div_Brtlingen' is clicked on

2018-03-07 14:01:01 - [MESSAGE][PASSED] - Object: 'Object Repository/40_TF/Page_Filialsuche-wangen - BVR HTML/div_Brtlingen' is clicked on

2018-03-07 14:01:01 - [TEST_STEP][PASSED] - delay: Delayed 2 second(s)

2018-03-07 14:01:03 - [MESSAGE][PASSED] - Delayed 2 second(s)

2018-03-07 14:01:03 - [TEST_STEP][PASSED] - verifyTextPresent: Text '73104 Brtlingen' is present on page 

2018-03-07 14:01:04 - [MESSAGE][PASSED] - Text '73104 Brtlingen' is present on page 

2018-03-07 14:01:04 - [TEST_STEP][PASSED] - verifyTextPresent: Text 'Hauptstr. 56' is present on page 

2018-03-07 14:01:05 - [MESSAGE][PASSED] - Text 'Hauptstr. 56' is present on page 

2018-03-07 14:01:05 - [TEST_STEP][PASSED] - verifyTextNotPresent: Text '73098 Rechberghausen' is not present on page

2018-03-07 14:01:06 - [MESSAGE][PASSED] - Text '73098 Rechberghausen' is not present on page

2018-03-07 14:01:06 - [TEST_STEP][PASSED] - verifyTextNotPresent: Text 'Hauptstr. 37' is not present on page

2018-03-07 14:01:07 - [MESSAGE][PASSED] - Text 'Hauptstr. 37' is not present on page

2018-03-07 14:01:07 - [TEST_STEP][PASSED] - verifyTextNotPresent: Text 'Dorfstr. 17 a' is not present on page

2018-03-07 14:01:07 - [MESSAGE][PASSED] - Text 'Dorfstr. 17 a' is not present on page

2018-03-07 14:01:07 - [TEST_STEP][PASSED] - verifyTextNotPresent: Text '73066 Uhingen' is not present on page

2018-03-07 14:01:08 - [MESSAGE][PASSED] - Text '73066 Uhingen' is not present on page

2018-03-07 14:01:08 - [TEST_STEP][PASSED] - verifyTextNotPresent: Text 'Hauptstr.44' is not present on page

2018-03-07 14:01:09 - [MESSAGE][PASSED] - Text 'Hauptstr.44' is not present on page

2018-03-07 14:01:09 - [TEST_STEP][PASSED] - verifyTextNotPresent: Text '73117 Wangen' is not present on page

2018-03-07 14:01:10 - [MESSAGE][PASSED] - Text '73117 Wangen' is not present on page

2018-03-07 14:01:10 - [TEST_STEP][PASSED] - delay: Delayed 2 second(s)

2018-03-07 14:01:12 - [MESSAGE][PASSED] - Delayed 2 second(s)

2018-03-07 14:01:12 - [TEST_STEP][PASSED] - click: Object: 'Object Repository/40_TF/Page_Filialsuche-wangen - BVR HTML/svg_dropdown-icons' is clicked on

2018-03-07 14:01:12 - [MESSAGE][PASSED] - Object: 'Object Repository/40_TF/Page_Filialsuche-wangen - BVR HTML/svg_dropdown-icons' is clicked on

2018-03-07 14:01:12 - [TEST_STEP][PASSED] - delay: Delayed 2 second(s)

2018-03-07 14:01:14 - [MESSAGE][PASSED] - Delayed 2 second(s)

2018-03-07 14:01:14 - [TEST_STEP][PASSED] - mouseOver: Object: 'Object Repository/40_TF/Page_Filialsuche-wangen - BVR HTML/div_Rechberghausen' is hovered

2018-03-07 14:01:14 - [MESSAGE][PASSED] - Object: 'Object Repository/40_TF/Page_Filialsuche-wangen - BVR HTML/div_Rechberghausen' is hovered

2018-03-07 14:01:14 - [TEST_STEP][PASSED] - click: Object: 'Object Repository/40_TF/Page_Filialsuche-wangen - BVR HTML/div_Rechberghausen' is clicked on

2018-03-07 14:01:14 - [MESSAGE][PASSED] - Object: 'Object Repository/40_TF/Page_Filialsuche-wangen - BVR HTML/div_Rechberghausen' is clicked on

2018-03-07 14:01:14 - [TEST_STEP][PASSED] - delay: Delayed 2 second(s)

2018-03-07 14:01:16 - [MESSAGE][PASSED] - Delayed 2 second(s)

2018-03-07 14:01:16 - [TEST_STEP][PASSED] - verifyTextNotPresent: Text '73104 Brtlingen' is not present on page

2018-03-07 14:01:17 - [MESSAGE][PASSED] - Text '73104 Brtlingen' is not present on page

2018-03-07 14:01:17 - [TEST_STEP][PASSED] - verifyTextNotPresent: Text 'Hauptstr. 56' is not present on page

2018-03-07 14:01:18 - [MESSAGE][PASSED] - Text 'Hauptstr. 56' is not present on page

2018-03-07 14:01:18 - [TEST_STEP][PASSED] - verifyTextPresent: Text '73098 Rechberghausen' is present on page 

2018-03-07 14:01:19 - [MESSAGE][PASSED] - Text '73098 Rechberghausen' is present on page 

2018-03-07 14:01:19 - [TEST_STEP][PASSED] - verifyTextPresent: Text 'Hauptstr. 37' is present on page 

2018-03-07 14:01:20 - [MESSAGE][PASSED] - Text 'Hauptstr. 37' is present on page 

2018-03-07 14:01:20 - [TEST_STEP][PASSED] - verifyTextNotPresent: Text 'Dorfstr. 17 a' is not present on page

2018-03-07 14:01:20 - [MESSAGE][PASSED] - Text 'Dorfstr. 17 a' is not present on page

2018-03-07 14:01:20 - [TEST_STEP][PASSED] - verifyTextNotPresent: Text '73066 Uhingen' is not present on page

2018-03-07 14:01:21 - [MESSAGE][PASSED] - Text '73066 Uhingen' is not present on page

2018-03-07 14:01:21 - [TEST_STEP][PASSED] - verifyTextNotPresent: Text 'Hauptstr.44' is not present on page

2018-03-07 14:01:22 - [MESSAGE][PASSED] - Text 'Hauptstr.44' is not present on page

2018-03-07 14:01:22 - [TEST_STEP][PASSED] - verifyTextNotPresent: Text '73117 Wangen' is not present on page

2018-03-07 14:01:23 - [MESSAGE][PASSED] - Text '73117 Wangen' is not present on page

2018-03-07 14:01:23 - [TEST_STEP][PASSED] - delay: Delayed 2 second(s)

2018-03-07 14:01:25 - [MESSAGE][PASSED] - Delayed 2 second(s)

2018-03-07 14:01:25 - [TEST_STEP][PASSED] - click: Object: 'Object Repository/40_TF/Page_Filialsuche-wangen - BVR HTML/svg_dropdown-icons' is clicked on

2018-03-07 14:01:25 - [MESSAGE][PASSED] - Object: 'Object Repository/40_TF/Page_Filialsuche-wangen - BVR HTML/svg_dropdown-icons' is clicked on

2018-03-07 14:01:25 - [TEST_STEP][PASSED] - delay: Delayed 2 second(s)

2018-03-07 14:01:27 - [MESSAGE][PASSED] - Delayed 2 second(s)

2018-03-07 14:01:27 - [TEST_STEP][PASSED] - mouseOver: Object: 'Object Repository/40_TF/Page_Filialsuche-wangen - BVR HTML/div_Uhingen' is hovered

2018-03-07 14:01:27 - [MESSAGE][PASSED] - Object: 'Object Repository/40_TF/Page_Filialsuche-wangen - BVR HTML/div_Uhingen' is hovered

2018-03-07 14:01:27 - [TEST_STEP][PASSED] - click: Object: 'Object Repository/40_TF/Page_Filialsuche-wangen - BVR HTML/div_Uhingen' is clicked on

2018-03-07 14:01:27 - [MESSAGE][PASSED] - Object: 'Object Repository/40_TF/Page_Filialsuche-wangen - BVR HTML/div_Uhingen' is clicked on

2018-03-07 14:01:27 - [TEST_STEP][PASSED] - delay: Delayed 2 second(s)

2018-03-07 14:01:29 - [MESSAGE][PASSED] - Delayed 2 second(s)

2018-03-07 14:01:30 - [TEST_STEP][PASSED] - verifyTextNotPresent: Text '73104 Brtlingen' is not present on page

2018-03-07 14:01:30 - [MESSAGE][PASSED] - Text '73104 Brtlingen' is not present on page

2018-03-07 14:01:30 - [TEST_STEP][PASSED] - verifyTextNotPresent: Text 'Hauptstr. 56' is not present on page

2018-03-07 14:01:31 - [MESSAGE][PASSED] - Text 'Hauptstr. 56' is not present on page

2018-03-07 14:01:31 - [TEST_STEP][PASSED] - verifyTextNotPresent: Text '73098 Rechberghausen' is not present on page

2018-03-07 14:01:32 - [MESSAGE][PASSED] - Text '73098 Rechberghausen' is not present on page

2018-03-07 14:01:32 - [TEST_STEP][PASSED] - verifyTextNotPresent: Text 'Hauptstr. 37' is not present on page

2018-03-07 14:01:33 - [MESSAGE][PASSED] - Text 'Hauptstr. 37' is not present on page

2018-03-07 14:01:33 - [TEST_STEP][PASSED] - verifyTextPresent: Text 'Dorfstr. 17 a' is present on page 

2018-03-07 14:01:33 - [MESSAGE][PASSED] - Text 'Dorfstr. 17 a' is present on page 

2018-03-07 14:01:33 - [TEST_STEP][PASSED] - verifyTextPresent: Text '73066 Uhingen' is present on page 

2018-03-07 14:01:34 - [MESSAGE][PASSED] - Text '73066 Uhingen' is present on page 

2018-03-07 14:01:34 - [TEST_STEP][PASSED] - verifyTextNotPresent: Text 'Hauptstr.44' is not present on page

2018-03-07 14:01:35 - [MESSAGE][PASSED] - Text 'Hauptstr.44' is not present on page

2018-03-07 14:01:35 - [TEST_STEP][PASSED] - verifyTextNotPresent: Text '73117 Wangen' is not present on page

2018-03-07 14:01:36 - [MESSAGE][PASSED] - Text '73117 Wangen' is not present on page

2018-03-07 14:01:36 - [TEST_STEP][PASSED] - delay: Delayed 2 second(s)

2018-03-07 14:01:38 - [MESSAGE][PASSED] - Delayed 2 second(s)

2018-03-07 14:01:38 - [TEST_STEP][PASSED] - click: Object: 'Object Repository/40_TF/Page_Filialsuche-wangen - BVR HTML/svg_dropdown-icons' is clicked on

2018-03-07 14:01:38 - [MESSAGE][PASSED] - Object: 'Object Repository/40_TF/Page_Filialsuche-wangen - BVR HTML/svg_dropdown-icons' is clicked on

2018-03-07 14:01:38 - [TEST_STEP][PASSED] - delay: Delayed 2 second(s)

2018-03-07 14:01:40 - [MESSAGE][PASSED] - Delayed 2 second(s)

2018-03-07 14:01:40 - [TEST_STEP][PASSED] - mouseOver: Object: 'Object Repository/40_TF/Page_Filialsuche-wangen - BVR HTML/div_Wangen' is hovered

2018-03-07 14:01:40 - [MESSAGE][PASSED] - Object: 'Object Repository/40_TF/Page_Filialsuche-wangen - BVR HTML/div_Wangen' is hovered

2018-03-07 14:01:40 - [TEST_STEP][PASSED] - click: Object: 'Object Repository/40_TF/Page_Filialsuche-wangen - BVR HTML/div_Wangen' is clicked on

2018-03-07 14:01:41 - [MESSAGE][PASSED] - Object: 'Object Repository/40_TF/Page_Filialsuche-wangen - BVR HTML/div_Wangen' is clicked on

2018-03-07 14:01:41 - [TEST_STEP][PASSED] - delay: Delayed 2 second(s)

2018-03-07 14:01:43 - [MESSAGE][PASSED] - Delayed 2 second(s)

2018-03-07 14:01:43 - [TEST_STEP][PASSED] - verifyTextNotPresent: Text '73104 Brtlingen' is not present on page

2018-03-07 14:01:43 - [MESSAGE][PASSED] - Text '73104 Brtlingen' is not present on page

2018-03-07 14:01:43 - [TEST_STEP][PASSED] - verifyTextNotPresent: Text 'Hauptstr. 56' is not present on page

2018-03-07 14:01:44 - [MESSAGE][PASSED] - Text 'Hauptstr. 56' is not present on page

2018-03-07 14:01:44 - [TEST_STEP][PASSED] - verifyTextNotPresent: Text '73098 Rechberghausen' is not present on page

2018-03-07 14:01:45 - [MESSAGE][PASSED] - Text '73098 Rechberghausen' is not present on page

2018-03-07 14:01:45 - [TEST_STEP][PASSED] - verifyTextNotPresent: Text 'Hauptstr. 37' is not present on page

2018-03-07 14:01:46 - [MESSAGE][PASSED] - Text 'Hauptstr. 37' is not present on page

2018-03-07 14:01:46 - [TEST_STEP][PASSED] - verifyTextNotPresent: Text 'Dorfstr. 17 a' is not present on page

2018-03-07 14:01:47 - [MESSAGE][PASSED] - Text 'Dorfstr. 17 a' is not present on page

2018-03-07 14:01:47 - [TEST_STEP][PASSED] - verifyTextNotPresent: Text '73066 Uhingen' is not present on page

2018-03-07 14:01:48 - [MESSAGE][PASSED] - Text '73066 Uhingen' is not present on page

2018-03-07 14:01:48 - [TEST_STEP][PASSED] - verifyTextPresent: Text 'Hauptstr.44' is present on page 

2018-03-07 14:01:49 - [MESSAGE][PASSED] - Text 'Hauptstr.44' is present on page 

2018-03-07 14:01:49 - [TEST_STEP][PASSED] - verifyTextPresent: Text '73117 Wangen' is present on page 

2018-03-07 14:01:49 - [MESSAGE][PASSED] - Text '73117 Wangen' is present on page 

2018-03-07 14:01:49 - [TEST_STEP][PASSED] - closeBrowser: Browser is closed

2018-03-07 14:01:50 - [MESSAGE][PASSED] - Browser is closed]]></system-out>
         <system-err><![CDATA[]]></system-err>
      </testcase>
      <testcase name="Test Cases/Prototyp_Filialsuche (RC 18)/41_TF" classname="Test Cases/Prototyp_Filialsuche (RC 18)/41_TF" status="FAILED">
         <failure type="FAILED" message="Unable to accept alert (Root cause: No alert found)"/>
         <system-out><![CDATA[2018-03-07 14:01:50 - [TEST_CASE][FAILED] - Test Cases/Prototyp_Filialsuche (RC 18)/41_TF: Test Cases/Prototyp_Filialsuche (RC 18)/41_TF FAILED because (of) Unable to accept alert (Root cause: No alert found)

2018-03-07 14:01:50 - [TEST_STEP][PASSED] - openBrowser: Browser is opened with url: ''

2018-03-07 14:01:53 - [MESSAGE][PASSED] - Browser is opened with url: ''

2018-03-07 14:01:53 - [TEST_STEP][PASSED] - deleteAllCookies: Delete all cookies successfully

2018-03-07 14:01:53 - [MESSAGE][PASSED] - Delete all cookies successfully

2018-03-07 14:01:53 - [TEST_STEP][PASSED] - maximizeWindow: Current window maximized

2018-03-07 14:01:53 - [MESSAGE][PASSED] - Current window maximized

2018-03-07 14:01:53 - [TEST_STEP][PASSED] - navigateToUrl: Navigate to 'http://rc-ogrhtmlprototyp.testintern/18-1-0/filialsuche-nuernberg-textinput.html' successfully

2018-03-07 14:01:54 - [MESSAGE][PASSED] - Navigate to 'http://rc-ogrhtmlprototyp.testintern/18-1-0/filialsuche-nuernberg-textinput.html' successfully

2018-03-07 14:01:54 - [TEST_STEP][PASSED] - delay: Delayed 2 second(s)

2018-03-07 14:01:56 - [MESSAGE][PASSED] - Delayed 2 second(s)

2018-03-07 14:01:56 - [TEST_STEP][PASSED] - setText: Text 'Ansbach' is set on object 'Object Repository/Filialsuche_Inputtext'

2018-03-07 14:01:56 - [MESSAGE][PASSED] - Text 'Ansbach' is set on object 'Object Repository/Filialsuche_Inputtext'

2018-03-07 14:01:56 - [TEST_STEP][PASSED] - submit: The form containing object: 'Object Repository/Filialsuche_submit_button' is submitted

2018-03-07 14:01:56 - [MESSAGE][PASSED] - The form containing object: 'Object Repository/Filialsuche_submit_button' is submitted

2018-03-07 14:01:56 - [TEST_STEP][PASSED] - delay: Delayed 2 second(s)

2018-03-07 14:01:58 - [MESSAGE][PASSED] - Delayed 2 second(s)

2018-03-07 14:01:58 - [TEST_STEP][PASSED] - verifyTextPresent: Text 'Martin-Luther-Platz 20' is present on page 

2018-03-07 14:01:59 - [MESSAGE][PASSED] - Text 'Martin-Luther-Platz 20' is present on page 

2018-03-07 14:01:59 - [TEST_STEP][PASSED] - verifyTextPresent: Text 'PSD Bank Nrnberg eG' is present on page 

2018-03-07 14:02:00 - [MESSAGE][PASSED] - Text 'PSD Bank Nrnberg eG' is present on page 

2018-03-07 14:02:00 - [TEST_STEP][FAILED] - acceptAlert: Unable to accept alert (Root cause: No alert found)

2018-03-07 14:02:00 - [MESSAGE][FAILED] - No alert found
[[ATTACHMENT|C:\\Users\\lbut\\Downloads\\Prototyp_28_02\\Prototyp1\\Reports\\Prototyp_Filialsuche (RC 18)\\20180307_134830\\1520427720285.png]]

2018-03-07 14:02:00 - [MESSAGE][FAILED] - Unable to accept alert (Root cause: No alert found)
[[ATTACHMENT|C:\\Users\\lbut\\Downloads\\Prototyp_28_02\\Prototyp1\\Reports\\Prototyp_Filialsuche (RC 18)\\20180307_134830\\1520427720420.png]]]]></system-out>
         <system-err><![CDATA[2018-03-07 14:01:50 - [TEST_CASE][FAILED] - Test Cases/Prototyp_Filialsuche (RC 18)/41_TF: Test Cases/Prototyp_Filialsuche (RC 18)/41_TF FAILED because (of) Unable to accept alert (Root cause: No alert found)]]></system-err>
      </testcase>
      <system-out><![CDATA[2018-03-07 13:48:32 - [TEST_SUITE][ERROR] - Prototyp_Filialsuche (RC 18): Test Cases/Prototyp_Filialsuche (RC 18)/15_Testfall FAILED because (of) java.lang.NumberFormatException: empty String]]></system-out>
      <system-err><![CDATA[2018-03-07 13:48:32 - [TEST_SUITE][ERROR] - Prototyp_Filialsuche (RC 18): Test Cases/Prototyp_Filialsuche (RC 18)/15_Testfall FAILED because (of) java.lang.NumberFormatException: empty String]]></system-err>
   </testsuite>
</testsuites>
